<?xml version="1.0" encoding="UTF-8"?>
<coverage generated="1563785341032" clover="3.2.0">
  <project timestamp="1563785341032" name="All files">
    <metrics statements="122" coveredstatements="115" conditionals="81" coveredconditionals="81" methods="32" coveredmethods="32" elements="235" coveredelements="228" complexity="0" loc="122" ncloc="122" packages="5" files="15" classes="15">
      <package name="src">
        <metrics statements="15" coveredstatements="8" conditionals="0" coveredconditionals="0" methods="3" coveredmethods="3"/>
        <file name="App.jsx" path="/Users/valerio/projects/valerio/weird-text/src/App.jsx">
          <metrics statements="8" coveredstatements="8" conditionals="0" coveredconditionals="0" methods="3" coveredmethods="3"/>
          <line num="11" count="1" type="stmt"/>
          <line num="16" count="1" type="stmt"/>
          <line num="22" count="1" type="stmt"/>
          <line num="30" count="1" type="stmt"/>
          <line num="38" count="1" type="stmt"/>
          <line num="47" count="1" type="stmt"/>
          <line num="48" count="1" type="stmt"/>
          <line num="50" count="1" type="stmt"/>
        </file>
        <file name="index.js" path="/Users/valerio/projects/valerio/weird-text/src/index.js">
          <metrics statements="7" coveredstatements="0" conditionals="0" coveredconditionals="0" methods="0" coveredmethods="0"/>
          <line num="2" count="0" type="stmt"/>
          <line num="3" count="0" type="stmt"/>
          <line num="4" count="0" type="stmt"/>
          <line num="7" count="0" type="stmt"/>
          <line num="9" count="0" type="stmt"/>
          <line num="11" count="0" type="stmt"/>
          <line num="21" count="0" type="stmt"/>
        </file>
      </package>
      <package name="src.components">
        <metrics statements="46" coveredstatements="46" conditionals="22" coveredconditionals="22" methods="13" coveredmethods="13"/>
        <file name="Card.jsx" path="/Users/valerio/projects/valerio/weird-text/src/components/Card.jsx">
          <metrics statements="0" coveredstatements="0" conditionals="0" coveredconditionals="0" methods="0" coveredmethods="0"/>
        </file>
        <file name="CardTitle.jsx" path="/Users/valerio/projects/valerio/weird-text/src/components/CardTitle.jsx">
          <metrics statements="1" coveredstatements="1" conditionals="0" coveredconditionals="0" methods="1" coveredmethods="1"/>
          <line num="7" count="14" type="stmt"/>
        </file>
        <file name="DecoderText.jsx" path="/Users/valerio/projects/valerio/weird-text/src/components/DecoderText.jsx">
          <metrics statements="21" coveredstatements="21" conditionals="12" coveredconditionals="12" methods="4" coveredmethods="4"/>
          <line num="14" count="2" type="stmt"/>
          <line num="20" count="2" type="stmt"/>
          <line num="24" count="9" type="stmt"/>
          <line num="25" count="9" type="stmt"/>
          <line num="26" count="9" type="stmt"/>
          <line num="27" count="9" type="stmt"/>
          <line num="29" count="9" type="stmt"/>
          <line num="30" count="2" type="cond" truecount="2" falsecount="0"/>
          <line num="31" count="1" type="stmt"/>
          <line num="32" count="1" type="stmt"/>
          <line num="33" count="1" type="stmt"/>
          <line num="35" count="1" type="stmt"/>
          <line num="39" count="9" type="stmt"/>
          <line num="40" count="1" type="stmt"/>
          <line num="41" count="1" type="stmt"/>
          <line num="43" count="1" type="stmt"/>
          <line num="44" count="1" type="stmt"/>
          <line num="53" count="9" type="cond" truecount="3" falsecount="0"/>
          <line num="69" count="2" type="stmt"/>
          <line num="95" count="2" type="stmt"/>
          <line num="101" count="2" type="stmt"/>
        </file>
        <file name="EncoderText.jsx" path="/Users/valerio/projects/valerio/weird-text/src/components/EncoderText.jsx">
          <metrics statements="17" coveredstatements="17" conditionals="8" coveredconditionals="8" methods="5" coveredmethods="5"/>
          <line num="13" count="2" type="stmt"/>
          <line num="19" count="2" type="stmt"/>
          <line num="28" count="2" type="stmt"/>
          <line num="38" count="2" type="stmt"/>
          <line num="43" count="2" type="stmt"/>
          <line num="48" count="7" type="stmt"/>
          <line num="49" count="7" type="stmt"/>
          <line num="51" count="7" type="stmt"/>
          <line num="52" count="2" type="stmt"/>
          <line num="53" count="2" type="stmt"/>
          <line num="58" count="2" type="stmt"/>
          <line num="59" count="2" type="stmt"/>
          <line num="60" count="2" type="stmt"/>
          <line num="63" count="7" type="stmt"/>
          <line num="96" count="2" type="stmt"/>
          <line num="109" count="2" type="stmt"/>
          <line num="115" count="2" type="stmt"/>
        </file>
        <file name="ErrorMessage.jsx" path="/Users/valerio/projects/valerio/weird-text/src/components/ErrorMessage.jsx">
          <metrics statements="6" coveredstatements="6" conditionals="2" coveredconditionals="2" methods="2" coveredmethods="2"/>
          <line num="6" count="3" type="stmt"/>
          <line num="9" count="2" type="stmt"/>
          <line num="14" count="3" type="stmt"/>
          <line num="15" count="3" type="cond" truecount="2" falsecount="0"/>
          <line num="20" count="3" type="stmt"/>
          <line num="24" count="3" type="stmt"/>
        </file>
        <file name="InputContainer.jsx" path="/Users/valerio/projects/valerio/weird-text/src/components/InputContainer.jsx">
          <metrics statements="0" coveredstatements="0" conditionals="0" coveredconditionals="0" methods="0" coveredmethods="0"/>
        </file>
        <file name="OutputContainer.jsx" path="/Users/valerio/projects/valerio/weird-text/src/components/OutputContainer.jsx">
          <metrics statements="1" coveredstatements="1" conditionals="0" coveredconditionals="0" methods="1" coveredmethods="1"/>
          <line num="15" count="3" type="stmt"/>
        </file>
      </package>
      <package name="src.infrastructure.exceptions">
        <metrics statements="0" coveredstatements="0" conditionals="0" coveredconditionals="0" methods="0" coveredmethods="0"/>
        <file name="invalid-argument-error.js" path="/Users/valerio/projects/valerio/weird-text/src/infrastructure/exceptions/invalid-argument-error.js">
          <metrics statements="0" coveredstatements="0" conditionals="0" coveredconditionals="0" methods="0" coveredmethods="0"/>
        </file>
      </package>
      <package name="src.infrastructure.extensions">
        <metrics statements="20" coveredstatements="20" conditionals="25" coveredconditionals="25" methods="7" coveredmethods="7"/>
        <file name="string.js" path="/Users/valerio/projects/valerio/weird-text/src/infrastructure/extensions/string.js">
          <metrics statements="20" coveredstatements="20" conditionals="25" coveredconditionals="25" methods="7" coveredmethods="7"/>
          <line num="8" count="313" type="cond" truecount="3" falsecount="0"/>
          <line num="22" count="7" type="cond" truecount="2" falsecount="0"/>
          <line num="24" count="63" type="stmt"/>
          <line num="26" count="6" type="cond" truecount="2" falsecount="0"/>
          <line num="41" count="20" type="cond" truecount="2" falsecount="0"/>
          <line num="42" count="19" type="cond" truecount="2" falsecount="0"/>
          <line num="43" count="18" type="cond" truecount="2" falsecount="0"/>
          <line num="45" count="17" type="stmt"/>
          <line num="56" count="8" type="stmt"/>
          <line num="57" count="32" type="cond" truecount="2" falsecount="0"/>
          <line num="58" count="31" type="cond" truecount="2" falsecount="0"/>
          <line num="60" count="30" type="stmt"/>
          <line num="72" count="8" type="stmt"/>
          <line num="73" count="15" type="cond" truecount="2" falsecount="0"/>
          <line num="74" count="14" type="cond" truecount="2" falsecount="0"/>
          <line num="76" count="13" type="stmt"/>
          <line num="88" count="8" type="stmt"/>
          <line num="89" count="13" type="cond" truecount="2" falsecount="0"/>
          <line num="90" count="12" type="cond" truecount="2" falsecount="0"/>
          <line num="92" count="11" type="stmt"/>
        </file>
      </package>
      <package name="src.utils">
        <metrics statements="41" coveredstatements="41" conditionals="34" coveredconditionals="34" methods="9" coveredmethods="9"/>
        <file name="decoder.js" path="/Users/valerio/projects/valerio/weird-text/src/utils/decoder.js">
          <metrics statements="11" coveredstatements="11" conditionals="10" coveredconditionals="10" methods="1" coveredmethods="1"/>
          <line num="15" count="28" type="cond" truecount="2" falsecount="0"/>
          <line num="16" count="4" type="stmt"/>
          <line num="17" count="24" type="cond" truecount="2" falsecount="0"/>
          <line num="18" count="4" type="stmt"/>
          <line num="19" count="20" type="cond" truecount="2" falsecount="0"/>
          <line num="20" count="5" type="stmt"/>
          <line num="21" count="15" type="cond" truecount="2" falsecount="0"/>
          <line num="22" count="5" type="stmt"/>
          <line num="24" count="10" type="stmt"/>
          <line num="26" count="10" type="cond" truecount="2" falsecount="0"/>
          <line num="28" count="8" type="stmt"/>
        </file>
        <file name="encoder.js" path="/Users/valerio/projects/valerio/weird-text/src/utils/encoder.js">
          <metrics statements="11" coveredstatements="11" conditionals="6" coveredconditionals="6" methods="3" coveredmethods="3"/>
          <line num="11" count="4" type="stmt"/>
          <line num="30" count="4" type="stmt"/>
          <line num="47" count="8" type="cond" truecount="2" falsecount="0"/>
          <line num="48" count="1" type="stmt"/>
          <line num="50" count="7" type="cond" truecount="2" falsecount="0"/>
          <line num="51" count="1" type="stmt"/>
          <line num="53" count="6" type="stmt"/>
          <line num="55" count="6" type="cond" truecount="2" falsecount="0"/>
          <line num="56" count="2" type="stmt"/>
          <line num="61" count="4" type="stmt"/>
          <line num="66" count="4" type="stmt"/>
        </file>
        <file name="selection-criteria.js" path="/Users/valerio/projects/valerio/weird-text/src/utils/selection-criteria.js">
          <metrics statements="9" coveredstatements="9" conditionals="4" coveredconditionals="4" methods="2" coveredmethods="2"/>
          <line num="12" count="6" type="stmt"/>
          <line num="13" count="6" type="stmt"/>
          <line num="15" count="6" type="stmt"/>
          <line num="16" count="26" type="cond" truecount="2" falsecount="0"/>
          <line num="17" count="5" type="stmt"/>
          <line num="19" count="21" type="stmt"/>
          <line num="21" count="21" type="cond" truecount="2" falsecount="0"/>
          <line num="22" count="6" type="stmt"/>
          <line num="24" count="15" type="stmt"/>
        </file>
        <file name="similarity.js" path="/Users/valerio/projects/valerio/weird-text/src/utils/similarity.js">
          <metrics statements="10" coveredstatements="10" conditionals="14" coveredconditionals="14" methods="3" coveredmethods="3"/>
          <line num="15" count="36" type="cond" truecount="2" falsecount="0"/>
          <line num="16" count="4" type="stmt"/>
          <line num="18" count="32" type="cond" truecount="2" falsecount="0"/>
          <line num="19" count="4" type="stmt"/>
          <line num="21" count="28" type="cond" truecount="3" falsecount="0"/>
          <line num="37" count="19" type="cond" truecount="2" falsecount="0"/>
          <line num="38" count="4" type="stmt"/>
          <line num="40" count="15" type="cond" truecount="2" falsecount="0"/>
          <line num="41" count="4" type="stmt"/>
          <line num="43" count="26" type="cond" truecount="2" falsecount="0"/>
        </file>
      </package>
    </metrics>
  </project>
</coverage>
