<?xml version="1.0" encoding="UTF-8"?>
<coverage generated="1564668114171" clover="3.2.0">
  <project timestamp="1564668114171" name="All files">
    <metrics statements="331" coveredstatements="124" conditionals="224" coveredconditionals="100" methods="100" coveredmethods="49" elements="655" coveredelements="273" complexity="0" loc="331" ncloc="331" packages="6" files="52" classes="52">
      <package name="src">
        <metrics statements="30" coveredstatements="8" conditionals="0" coveredconditionals="0" methods="6" coveredmethods="3"/>
        <file name="App.jsx" path="D:\Progetti\valerio\weird-text\src\App.jsx">
          <metrics statements="8" coveredstatements="8" conditionals="0" coveredconditionals="0" methods="3" coveredmethods="3"/>
          <line num="12" count="1" type="stmt"/>
          <line num="17" count="1" type="stmt"/>
          <line num="23" count="1" type="stmt"/>
          <line num="31" count="1" type="stmt"/>
          <line num="39" count="1" type="stmt"/>
          <line num="45" count="1" type="stmt"/>
          <line num="46" count="1" type="stmt"/>
          <line num="48" count="1" type="stmt"/>
        </file>
        <file name="App.jsx" path="d:\Progetti\valerio\weird-text\src\App.jsx">
          <metrics statements="15" coveredstatements="0" conditionals="0" coveredconditionals="0" methods="3" coveredmethods="0"/>
          <line num="2" count="0" type="stmt"/>
          <line num="3" count="0" type="stmt"/>
          <line num="6" count="0" type="stmt"/>
          <line num="7" count="0" type="stmt"/>
          <line num="8" count="0" type="stmt"/>
          <line num="9" count="0" type="stmt"/>
          <line num="10" count="0" type="stmt"/>
          <line num="12" count="0" type="stmt"/>
          <line num="17" count="0" type="stmt"/>
          <line num="23" count="0" type="stmt"/>
          <line num="31" count="0" type="stmt"/>
          <line num="39" count="0" type="stmt"/>
          <line num="45" count="0" type="stmt"/>
          <line num="46" count="0" type="stmt"/>
          <line num="48" count="0" type="stmt"/>
        </file>
        <file name="index.js" path="d:\Progetti\valerio\weird-text\src\index.js">
          <metrics statements="7" coveredstatements="0" conditionals="0" coveredconditionals="0" methods="0" coveredmethods="0"/>
          <line num="2" count="0" type="stmt"/>
          <line num="3" count="0" type="stmt"/>
          <line num="4" count="0" type="stmt"/>
          <line num="7" count="0" type="stmt"/>
          <line num="9" count="0" type="stmt"/>
          <line num="11" count="0" type="stmt"/>
          <line num="21" count="0" type="stmt"/>
        </file>
      </package>
      <package name="src.components">
        <metrics statements="165" coveredstatements="63" conditionals="104" coveredconditionals="40" methods="60" coveredmethods="29"/>
        <file name="Card.jsx" path="D:\Progetti\valerio\weird-text\src\components\Card.jsx">
          <metrics statements="0" coveredstatements="0" conditionals="0" coveredconditionals="0" methods="0" coveredmethods="0"/>
        </file>
        <file name="Card.jsx" path="d:\Progetti\valerio\weird-text\src\components\Card.jsx">
          <metrics statements="1" coveredstatements="0" conditionals="0" coveredconditionals="0" methods="0" coveredmethods="0"/>
          <line num="2" count="0" type="stmt"/>
        </file>
        <file name="CardTitle.jsx" path="d:\Progetti\valerio\weird-text\src\components\CardTitle.jsx">
          <metrics statements="2" coveredstatements="0" conditionals="0" coveredconditionals="0" methods="1" coveredmethods="0"/>
          <line num="2" count="0" type="stmt"/>
          <line num="7" count="0" type="stmt"/>
        </file>
        <file name="CardTitle.jsx" path="D:\Progetti\valerio\weird-text\src\components\CardTitle.jsx">
          <metrics statements="1" coveredstatements="1" conditionals="0" coveredconditionals="0" methods="1" coveredmethods="1"/>
          <line num="7" count="14" type="stmt"/>
        </file>
        <file name="Column.jsx" path="d:\Progetti\valerio\weird-text\src\components\Column.jsx">
          <metrics statements="20" coveredstatements="0" conditionals="30" coveredconditionals="0" methods="16" coveredmethods="0"/>
          <line num="2" count="0" type="stmt"/>
          <line num="5" count="0" type="stmt"/>
          <line num="9" count="0" type="cond" truecount="0" falsecount="2"/>
          <line num="11" count="0" type="stmt"/>
          <line num="15" count="0" type="cond" truecount="0" falsecount="2"/>
          <line num="17" count="0" type="stmt"/>
          <line num="21" count="0" type="cond" truecount="0" falsecount="2"/>
          <line num="23" count="0" type="stmt"/>
          <line num="29" count="0" type="cond" truecount="0" falsecount="2"/>
          <line num="30" count="0" type="cond" truecount="0" falsecount="2"/>
          <line num="31" count="0" type="cond" truecount="0" falsecount="2"/>
          <line num="34" count="0" type="cond" truecount="0" falsecount="2"/>
          <line num="35" count="0" type="cond" truecount="0" falsecount="2"/>
          <line num="36" count="0" type="cond" truecount="0" falsecount="2"/>
          <line num="40" count="0" type="cond" truecount="0" falsecount="2"/>
          <line num="41" count="0" type="cond" truecount="0" falsecount="2"/>
          <line num="42" count="0" type="cond" truecount="0" falsecount="2"/>
          <line num="46" count="0" type="cond" truecount="0" falsecount="2"/>
          <line num="47" count="0" type="cond" truecount="0" falsecount="2"/>
          <line num="48" count="0" type="cond" truecount="0" falsecount="2"/>
        </file>
        <file name="Column.jsx" path="D:\Progetti\valerio\weird-text\src\components\Column.jsx">
          <metrics statements="19" coveredstatements="17" conditionals="30" coveredconditionals="18" methods="16" coveredmethods="15"/>
          <line num="5" count="60" type="stmt"/>
          <line num="9" count="30" type="cond" truecount="1" falsecount="1"/>
          <line num="11" count="30" type="stmt"/>
          <line num="15" count="30" type="cond" truecount="1" falsecount="1"/>
          <line num="17" count="30" type="stmt"/>
          <line num="21" count="0" type="cond" truecount="0" falsecount="2"/>
          <line num="23" count="0" type="stmt"/>
          <line num="29" count="15" type="cond" truecount="1" falsecount="1"/>
          <line num="30" count="15" type="cond" truecount="1" falsecount="1"/>
          <line num="31" count="15" type="cond" truecount="1" falsecount="1"/>
          <line num="34" count="15" type="cond" truecount="2" falsecount="0"/>
          <line num="35" count="15" type="cond" truecount="1" falsecount="1"/>
          <line num="36" count="15" type="cond" truecount="2" falsecount="0"/>
          <line num="40" count="15" type="cond" truecount="2" falsecount="0"/>
          <line num="41" count="15" type="cond" truecount="1" falsecount="1"/>
          <line num="42" count="15" type="cond" truecount="2" falsecount="0"/>
          <line num="46" count="15" type="cond" truecount="1" falsecount="1"/>
          <line num="47" count="15" type="cond" truecount="1" falsecount="1"/>
          <line num="48" count="15" type="cond" truecount="1" falsecount="1"/>
        </file>
        <file name="DecoderText.jsx" path="D:\Progetti\valerio\weird-text\src\components\DecoderText.jsx">
          <metrics statements="20" coveredstatements="20" conditionals="12" coveredconditionals="12" methods="4" coveredmethods="4"/>
          <line num="16" count="2" type="stmt"/>
          <line num="20" count="9" type="stmt"/>
          <line num="21" count="9" type="stmt"/>
          <line num="22" count="9" type="stmt"/>
          <line num="23" count="9" type="stmt"/>
          <line num="25" count="9" type="stmt"/>
          <line num="26" count="2" type="cond" truecount="2" falsecount="0"/>
          <line num="27" count="1" type="stmt"/>
          <line num="28" count="1" type="stmt"/>
          <line num="29" count="1" type="stmt"/>
          <line num="31" count="1" type="stmt"/>
          <line num="35" count="9" type="stmt"/>
          <line num="36" count="1" type="stmt"/>
          <line num="37" count="1" type="stmt"/>
          <line num="39" count="1" type="stmt"/>
          <line num="40" count="1" type="stmt"/>
          <line num="50" count="9" type="cond" truecount="3" falsecount="0"/>
          <line num="72" count="2" type="stmt"/>
          <line num="100" count="2" type="stmt"/>
          <line num="106" count="2" type="stmt"/>
        </file>
        <file name="DecoderText.jsx" path="d:\Progetti\valerio\weird-text\src\components\DecoderText.jsx">
          <metrics statements="32" coveredstatements="0" conditionals="12" coveredconditionals="0" methods="4" coveredmethods="0"/>
          <line num="2" count="0" type="stmt"/>
          <line num="3" count="0" type="stmt"/>
          <line num="6" count="0" type="stmt"/>
          <line num="7" count="0" type="stmt"/>
          <line num="8" count="0" type="stmt"/>
          <line num="9" count="0" type="stmt"/>
          <line num="10" count="0" type="stmt"/>
          <line num="11" count="0" type="stmt"/>
          <line num="12" count="0" type="stmt"/>
          <line num="13" count="0" type="stmt"/>
          <line num="14" count="0" type="stmt"/>
          <line num="16" count="0" type="stmt"/>
          <line num="19" count="0" type="stmt"/>
          <line num="20" count="0" type="stmt"/>
          <line num="21" count="0" type="stmt"/>
          <line num="22" count="0" type="stmt"/>
          <line num="23" count="0" type="stmt"/>
          <line num="25" count="0" type="stmt"/>
          <line num="26" count="0" type="cond" truecount="0" falsecount="2"/>
          <line num="27" count="0" type="stmt"/>
          <line num="28" count="0" type="stmt"/>
          <line num="29" count="0" type="stmt"/>
          <line num="31" count="0" type="stmt"/>
          <line num="35" count="0" type="stmt"/>
          <line num="36" count="0" type="stmt"/>
          <line num="37" count="0" type="stmt"/>
          <line num="39" count="0" type="stmt"/>
          <line num="40" count="0" type="stmt"/>
          <line num="50" count="0" type="cond" truecount="0" falsecount="3"/>
          <line num="72" count="0" type="stmt"/>
          <line num="100" count="0" type="stmt"/>
          <line num="106" count="0" type="stmt"/>
        </file>
        <file name="EncoderText.jsx" path="D:\Progetti\valerio\weird-text\src\components\EncoderText.jsx">
          <metrics statements="16" coveredstatements="16" conditionals="8" coveredconditionals="8" methods="5" coveredmethods="5"/>
          <line num="15" count="2" type="stmt"/>
          <line num="24" count="2" type="stmt"/>
          <line num="34" count="2" type="stmt"/>
          <line num="39" count="2" type="stmt"/>
          <line num="44" count="7" type="stmt"/>
          <line num="45" count="7" type="stmt"/>
          <line num="47" count="7" type="stmt"/>
          <line num="48" count="2" type="stmt"/>
          <line num="49" count="2" type="stmt"/>
          <line num="54" count="2" type="stmt"/>
          <line num="55" count="2" type="stmt"/>
          <line num="56" count="2" type="stmt"/>
          <line num="59" count="7" type="stmt"/>
          <line num="98" count="2" type="stmt"/>
          <line num="113" count="2" type="stmt"/>
          <line num="119" count="2" type="stmt"/>
        </file>
        <file name="EncoderText.jsx" path="d:\Progetti\valerio\weird-text\src\components\EncoderText.jsx">
          <metrics statements="27" coveredstatements="0" conditionals="8" coveredconditionals="0" methods="5" coveredmethods="0"/>
          <line num="2" count="0" type="stmt"/>
          <line num="3" count="0" type="stmt"/>
          <line num="4" count="0" type="stmt"/>
          <line num="7" count="0" type="stmt"/>
          <line num="8" count="0" type="stmt"/>
          <line num="9" count="0" type="stmt"/>
          <line num="10" count="0" type="stmt"/>
          <line num="11" count="0" type="stmt"/>
          <line num="12" count="0" type="stmt"/>
          <line num="13" count="0" type="stmt"/>
          <line num="15" count="0" type="stmt"/>
          <line num="24" count="0" type="stmt"/>
          <line num="34" count="0" type="stmt"/>
          <line num="39" count="0" type="stmt"/>
          <line num="43" count="0" type="stmt"/>
          <line num="44" count="0" type="stmt"/>
          <line num="45" count="0" type="stmt"/>
          <line num="47" count="0" type="stmt"/>
          <line num="48" count="0" type="stmt"/>
          <line num="49" count="0" type="stmt"/>
          <line num="54" count="0" type="stmt"/>
          <line num="55" count="0" type="stmt"/>
          <line num="56" count="0" type="stmt"/>
          <line num="59" count="0" type="stmt"/>
          <line num="98" count="0" type="stmt"/>
          <line num="113" count="0" type="stmt"/>
          <line num="119" count="0" type="stmt"/>
        </file>
        <file name="ErrorMessage.jsx" path="D:\Progetti\valerio\weird-text\src\components\ErrorMessage.jsx">
          <metrics statements="6" coveredstatements="6" conditionals="2" coveredconditionals="2" methods="2" coveredmethods="2"/>
          <line num="6" count="3" type="stmt"/>
          <line num="9" count="2" type="stmt"/>
          <line num="14" count="3" type="stmt"/>
          <line num="15" count="3" type="cond" truecount="2" falsecount="0"/>
          <line num="22" count="3" type="stmt"/>
          <line num="26" count="3" type="stmt"/>
        </file>
        <file name="ErrorMessage.jsx" path="d:\Progetti\valerio\weird-text\src\components\ErrorMessage.jsx">
          <metrics statements="9" coveredstatements="0" conditionals="2" coveredconditionals="0" methods="2" coveredmethods="0"/>
          <line num="2" count="0" type="stmt"/>
          <line num="3" count="0" type="stmt"/>
          <line num="4" count="0" type="stmt"/>
          <line num="6" count="0" type="stmt"/>
          <line num="9" count="0" type="stmt"/>
          <line num="14" count="0" type="stmt"/>
          <line num="15" count="0" type="cond" truecount="0" falsecount="2"/>
          <line num="22" count="0" type="stmt"/>
          <line num="26" count="0" type="stmt"/>
        </file>
        <file name="InputContainer.jsx" path="d:\Progetti\valerio\weird-text\src\components\InputContainer.jsx">
          <metrics statements="1" coveredstatements="0" conditionals="0" coveredconditionals="0" methods="0" coveredmethods="0"/>
          <line num="2" count="0" type="stmt"/>
        </file>
        <file name="InputContainer.jsx" path="D:\Progetti\valerio\weird-text\src\components\InputContainer.jsx">
          <metrics statements="0" coveredstatements="0" conditionals="0" coveredconditionals="0" methods="0" coveredmethods="0"/>
        </file>
        <file name="OutputContainer.jsx" path="d:\Progetti\valerio\weird-text\src\components\OutputContainer.jsx">
          <metrics statements="2" coveredstatements="0" conditionals="0" coveredconditionals="0" methods="1" coveredmethods="0"/>
          <line num="2" count="0" type="stmt"/>
          <line num="15" count="0" type="stmt"/>
        </file>
        <file name="OutputContainer.jsx" path="D:\Progetti\valerio\weird-text\src\components\OutputContainer.jsx">
          <metrics statements="1" coveredstatements="1" conditionals="0" coveredconditionals="0" methods="1" coveredmethods="1"/>
          <line num="15" count="3" type="stmt"/>
        </file>
        <file name="PageTitle.jsx" path="D:\Progetti\valerio\weird-text\src\components\PageTitle.jsx">
          <metrics statements="2" coveredstatements="2" conditionals="0" coveredconditionals="0" methods="1" coveredmethods="1"/>
          <line num="8" count="1" type="stmt"/>
          <line num="9" count="1" type="stmt"/>
        </file>
        <file name="PageTitle.jsx" path="d:\Progetti\valerio\weird-text\src\components\PageTitle.jsx">
          <metrics statements="5" coveredstatements="0" conditionals="0" coveredconditionals="0" methods="1" coveredmethods="0"/>
          <line num="2" count="0" type="stmt"/>
          <line num="5" count="0" type="stmt"/>
          <line num="6" count="0" type="stmt"/>
          <line num="8" count="0" type="stmt"/>
          <line num="9" count="0" type="stmt"/>
        </file>
        <file name="Row.jsx" path="D:\Progetti\valerio\weird-text\src\components\Row.jsx">
          <metrics statements="0" coveredstatements="0" conditionals="0" coveredconditionals="0" methods="0" coveredmethods="0"/>
        </file>
        <file name="Row.jsx" path="d:\Progetti\valerio\weird-text\src\components\Row.jsx">
          <metrics statements="1" coveredstatements="0" conditionals="0" coveredconditionals="0" methods="0" coveredmethods="0"/>
          <line num="2" count="0" type="stmt"/>
        </file>
      </package>
      <package name="src.utils">
        <metrics statements="60" coveredstatements="27" conditionals="40" coveredconditionals="20" methods="12" coveredmethods="6"/>
        <file name="decoder.js" path="D:\Progetti\valerio\weird-text\src\utils\decoder.js">
          <metrics statements="7" coveredstatements="7" conditionals="10" coveredconditionals="10" methods="1" coveredmethods="1"/>
          <line num="16" count="28" type="cond" truecount="2" falsecount="0"/>
          <line num="17" count="24" type="cond" truecount="2" falsecount="0"/>
          <line num="18" count="20" type="cond" truecount="2" falsecount="0"/>
          <line num="19" count="15" type="cond" truecount="2" falsecount="0"/>
          <line num="21" count="10" type="stmt"/>
          <line num="23" count="10" type="cond" truecount="2" falsecount="0"/>
          <line num="25" count="8" type="stmt"/>
        </file>
        <file name="decoder.js" path="d:\Progetti\valerio\weird-text\src\utils\decoder.js">
          <metrics statements="9" coveredstatements="0" conditionals="10" coveredconditionals="0" methods="1" coveredmethods="0"/>
          <line num="2" count="0" type="stmt"/>
          <line num="3" count="0" type="stmt"/>
          <line num="16" count="0" type="cond" truecount="0" falsecount="2"/>
          <line num="17" count="0" type="cond" truecount="0" falsecount="2"/>
          <line num="18" count="0" type="cond" truecount="0" falsecount="2"/>
          <line num="19" count="0" type="cond" truecount="0" falsecount="2"/>
          <line num="21" count="0" type="stmt"/>
          <line num="23" count="0" type="cond" truecount="0" falsecount="2"/>
          <line num="25" count="0" type="stmt"/>
        </file>
        <file name="encoder.js" path="D:\Progetti\valerio\weird-text\src\utils\encoder.js">
          <metrics statements="11" coveredstatements="11" conditionals="6" coveredconditionals="6" methods="3" coveredmethods="3"/>
          <line num="11" count="8" type="stmt"/>
          <line num="30" count="8" type="stmt"/>
          <line num="48" count="13" type="cond" truecount="2" falsecount="0"/>
          <line num="49" count="1" type="stmt"/>
          <line num="51" count="12" type="cond" truecount="2" falsecount="0"/>
          <line num="52" count="1" type="stmt"/>
          <line num="54" count="11" type="stmt"/>
          <line num="56" count="11" type="cond" truecount="2" falsecount="0"/>
          <line num="57" count="3" type="stmt"/>
          <line num="62" count="8" type="stmt"/>
          <line num="67" count="8" type="stmt"/>
        </file>
        <file name="encoder.js" path="d:\Progetti\valerio\weird-text\src\utils\encoder.js">
          <metrics statements="13" coveredstatements="0" conditionals="6" coveredconditionals="0" methods="3" coveredmethods="0"/>
          <line num="2" count="0" type="stmt"/>
          <line num="3" count="0" type="stmt"/>
          <line num="11" count="0" type="stmt"/>
          <line num="30" count="0" type="stmt"/>
          <line num="48" count="0" type="cond" truecount="0" falsecount="2"/>
          <line num="49" count="0" type="stmt"/>
          <line num="51" count="0" type="cond" truecount="0" falsecount="2"/>
          <line num="52" count="0" type="stmt"/>
          <line num="54" count="0" type="stmt"/>
          <line num="56" count="0" type="cond" truecount="0" falsecount="2"/>
          <line num="57" count="0" type="stmt"/>
          <line num="62" count="0" type="stmt"/>
          <line num="67" count="0" type="stmt"/>
        </file>
        <file name="selection-criteria.js" path="D:\Progetti\valerio\weird-text\src\utils\selection-criteria.js">
          <metrics statements="9" coveredstatements="9" conditionals="4" coveredconditionals="4" methods="2" coveredmethods="2"/>
          <line num="14" count="6" type="stmt"/>
          <line num="15" count="6" type="stmt"/>
          <line num="17" count="6" type="stmt"/>
          <line num="18" count="31" type="cond" truecount="2" falsecount="0"/>
          <line num="19" count="5" type="stmt"/>
          <line num="21" count="26" type="stmt"/>
          <line num="23" count="26" type="cond" truecount="2" falsecount="0"/>
          <line num="24" count="7" type="stmt"/>
          <line num="26" count="19" type="stmt"/>
        </file>
        <file name="selection-criteria.js" path="d:\Progetti\valerio\weird-text\src\utils\selection-criteria.js">
          <metrics statements="11" coveredstatements="0" conditionals="4" coveredconditionals="0" methods="2" coveredmethods="0"/>
          <line num="2" count="0" type="stmt"/>
          <line num="3" count="0" type="stmt"/>
          <line num="14" count="0" type="stmt"/>
          <line num="15" count="0" type="stmt"/>
          <line num="17" count="0" type="stmt"/>
          <line num="18" count="0" type="cond" truecount="0" falsecount="2"/>
          <line num="19" count="0" type="stmt"/>
          <line num="21" count="0" type="stmt"/>
          <line num="23" count="0" type="cond" truecount="0" falsecount="2"/>
          <line num="24" count="0" type="stmt"/>
          <line num="26" count="0" type="stmt"/>
        </file>
      </package>
      <package name="src.utils.exceptions">
        <metrics statements="1" coveredstatements="0" conditionals="0" coveredconditionals="0" methods="0" coveredmethods="0"/>
        <file name="index.js" path="D:\Progetti\valerio\weird-text\src\utils\exceptions\index.js">
          <metrics statements="0" coveredstatements="0" conditionals="0" coveredconditionals="0" methods="0" coveredmethods="0"/>
        </file>
        <file name="index.js" path="d:\Progetti\valerio\weird-text\src\utils\exceptions\index.js">
          <metrics statements="1" coveredstatements="0" conditionals="0" coveredconditionals="0" methods="0" coveredmethods="0"/>
          <line num="1" count="0" type="stmt"/>
        </file>
        <file name="invalid-argument-error.js" path="D:\Progetti\valerio\weird-text\src\utils\exceptions\invalid-argument-error.js">
          <metrics statements="0" coveredstatements="0" conditionals="0" coveredconditionals="0" methods="0" coveredmethods="0"/>
        </file>
      </package>
      <package name="src.utils.similarity">
        <metrics statements="9" coveredstatements="3" conditionals="14" coveredconditionals="7" methods="4" coveredmethods="2"/>
        <file name="index.js" path="D:\Progetti\valerio\weird-text\src\utils\similarity\index.js">
          <metrics statements="0" coveredstatements="0" conditionals="0" coveredconditionals="0" methods="0" coveredmethods="0"/>
        </file>
        <file name="index.js" path="d:\Progetti\valerio\weird-text\src\utils\similarity\index.js">
          <metrics statements="1" coveredstatements="0" conditionals="0" coveredconditionals="0" methods="0" coveredmethods="0"/>
          <line num="1" count="0" type="stmt"/>
        </file>
        <file name="search-duck.js" path="D:\Progetti\valerio\weird-text\src\utils\similarity\search-duck.js">
          <metrics statements="3" coveredstatements="3" conditionals="7" coveredconditionals="7" methods="2" coveredmethods="2"/>
          <line num="16" count="19" type="cond" truecount="2" falsecount="0"/>
          <line num="17" count="15" type="cond" truecount="2" falsecount="0"/>
          <line num="19" count="26" type="cond" truecount="2" falsecount="0"/>
        </file>
        <file name="search-duck.js" path="d:\Progetti\valerio\weird-text\src\utils\similarity\search-duck.js">
          <metrics statements="5" coveredstatements="0" conditionals="7" coveredconditionals="0" methods="2" coveredmethods="0"/>
          <line num="2" count="0" type="stmt"/>
          <line num="3" count="0" type="stmt"/>
          <line num="16" count="0" type="cond" truecount="0" falsecount="2"/>
          <line num="17" count="0" type="cond" truecount="0" falsecount="2"/>
          <line num="19" count="0" type="cond" truecount="0" falsecount="2"/>
        </file>
      </package>
      <package name="src.utils.string">
        <metrics statements="66" coveredstatements="23" conditionals="66" coveredconditionals="33" methods="18" coveredmethods="9"/>
        <file name="index.js" path="D:\Progetti\valerio\weird-text\src\utils\string\index.js">
          <metrics statements="0" coveredstatements="0" conditionals="0" coveredconditionals="0" methods="0" coveredmethods="0"/>
        </file>
        <file name="index.js" path="d:\Progetti\valerio\weird-text\src\utils\string\index.js">
          <metrics statements="7" coveredstatements="0" conditionals="0" coveredconditionals="0" methods="0" coveredmethods="0"/>
          <line num="1" count="0" type="stmt"/>
          <line num="2" count="0" type="stmt"/>
          <line num="3" count="0" type="stmt"/>
          <line num="4" count="0" type="stmt"/>
          <line num="5" count="0" type="stmt"/>
          <line num="6" count="0" type="stmt"/>
          <line num="7" count="0" type="stmt"/>
        </file>
        <file name="is-permutation.js" path="D:\Progetti\valerio\weird-text\src\utils\string\is-permutation.js">
          <metrics statements="6" coveredstatements="6" conditionals="8" coveredconditionals="8" methods="2" coveredmethods="2"/>
          <line num="14" count="39" type="cond" truecount="2" falsecount="0"/>
          <line num="15" count="34" type="cond" truecount="2" falsecount="0"/>
          <line num="17" count="29" type="cond" truecount="2" falsecount="0"/>
          <line num="22" count="12" type="stmt"/>
          <line num="27" count="12" type="stmt"/>
          <line num="28" count="60" type="cond" truecount="2" falsecount="0"/>
        </file>
        <file name="is-permutation.js" path="d:\Progetti\valerio\weird-text\src\utils\string\is-permutation.js">
          <metrics statements="9" coveredstatements="0" conditionals="8" coveredconditionals="0" methods="2" coveredmethods="0"/>
          <line num="2" count="0" type="stmt"/>
          <line num="3" count="0" type="stmt"/>
          <line num="13" count="0" type="stmt"/>
          <line num="14" count="0" type="cond" truecount="0" falsecount="2"/>
          <line num="15" count="0" type="cond" truecount="0" falsecount="2"/>
          <line num="17" count="0" type="cond" truecount="0" falsecount="2"/>
          <line num="22" count="0" type="stmt"/>
          <line num="27" count="0" type="stmt"/>
          <line num="28" count="0" type="cond" truecount="0" falsecount="2"/>
        </file>
        <file name="is-string.js" path="d:\Progetti\valerio\weird-text\src\utils\string\is-string.js">
          <metrics statements="1" coveredstatements="0" conditionals="3" coveredconditionals="0" methods="1" coveredmethods="0"/>
          <line num="7" count="0" type="cond" truecount="0" falsecount="3"/>
        </file>
        <file name="is-string.js" path="D:\Progetti\valerio\weird-text\src\utils\string\is-string.js">
          <metrics statements="1" coveredstatements="1" conditionals="3" coveredconditionals="3" methods="1" coveredmethods="1"/>
          <line num="7" count="370" type="cond" truecount="3" falsecount="0"/>
        </file>
        <file name="replace-at.js" path="d:\Progetti\valerio\weird-text\src\utils\string\replace-at.js">
          <metrics statements="6" coveredstatements="0" conditionals="6" coveredconditionals="0" methods="1" coveredmethods="0"/>
          <line num="2" count="0" type="stmt"/>
          <line num="3" count="0" type="stmt"/>
          <line num="15" count="0" type="cond" truecount="0" falsecount="2"/>
          <line num="16" count="0" type="cond" truecount="0" falsecount="2"/>
          <line num="17" count="0" type="cond" truecount="0" falsecount="2"/>
          <line num="19" count="0" type="stmt"/>
        </file>
        <file name="replace-at.js" path="D:\Progetti\valerio\weird-text\src\utils\string\replace-at.js">
          <metrics statements="4" coveredstatements="4" conditionals="6" coveredconditionals="6" methods="1" coveredmethods="1"/>
          <line num="15" count="40" type="cond" truecount="2" falsecount="0"/>
          <line num="16" count="35" type="cond" truecount="2" falsecount="0"/>
          <line num="17" count="30" type="cond" truecount="2" falsecount="0"/>
          <line num="19" count="25" type="stmt"/>
        </file>
        <file name="same-first-char.js" path="D:\Progetti\valerio\weird-text\src\utils\string\same-first-char.js">
          <metrics statements="3" coveredstatements="3" conditionals="4" coveredconditionals="4" methods="1" coveredmethods="1"/>
          <line num="15" count="12" type="cond" truecount="2" falsecount="0"/>
          <line num="16" count="7" type="cond" truecount="2" falsecount="0"/>
          <line num="18" count="2" type="stmt"/>
        </file>
        <file name="same-first-char.js" path="d:\Progetti\valerio\weird-text\src\utils\string\same-first-char.js">
          <metrics statements="5" coveredstatements="0" conditionals="4" coveredconditionals="0" methods="1" coveredmethods="0"/>
          <line num="2" count="0" type="stmt"/>
          <line num="3" count="0" type="stmt"/>
          <line num="15" count="0" type="cond" truecount="0" falsecount="2"/>
          <line num="16" count="0" type="cond" truecount="0" falsecount="2"/>
          <line num="18" count="0" type="stmt"/>
        </file>
        <file name="same-last-char.js" path="D:\Progetti\valerio\weird-text\src\utils\string\same-last-char.js">
          <metrics statements="3" coveredstatements="3" conditionals="4" coveredconditionals="4" methods="1" coveredmethods="1"/>
          <line num="15" count="12" type="cond" truecount="2" falsecount="0"/>
          <line num="16" count="7" type="cond" truecount="2" falsecount="0"/>
          <line num="18" count="2" type="stmt"/>
        </file>
        <file name="same-last-char.js" path="d:\Progetti\valerio\weird-text\src\utils\string\same-last-char.js">
          <metrics statements="5" coveredstatements="0" conditionals="4" coveredconditionals="0" methods="1" coveredmethods="0"/>
          <line num="2" count="0" type="stmt"/>
          <line num="3" count="0" type="stmt"/>
          <line num="15" count="0" type="cond" truecount="0" falsecount="2"/>
          <line num="16" count="0" type="cond" truecount="0" falsecount="2"/>
          <line num="18" count="0" type="stmt"/>
        </file>
        <file name="same-length.js" path="D:\Progetti\valerio\weird-text\src\utils\string\same-length.js">
          <metrics statements="3" coveredstatements="3" conditionals="4" coveredconditionals="4" methods="1" coveredmethods="1"/>
          <line num="14" count="41" type="cond" truecount="2" falsecount="0"/>
          <line num="15" count="36" type="cond" truecount="2" falsecount="0"/>
          <line num="17" count="31" type="stmt"/>
        </file>
        <file name="same-length.js" path="d:\Progetti\valerio\weird-text\src\utils\string\same-length.js">
          <metrics statements="5" coveredstatements="0" conditionals="4" coveredconditionals="0" methods="1" coveredmethods="0"/>
          <line num="2" count="0" type="stmt"/>
          <line num="3" count="0" type="stmt"/>
          <line num="14" count="0" type="cond" truecount="0" falsecount="2"/>
          <line num="15" count="0" type="cond" truecount="0" falsecount="2"/>
          <line num="17" count="0" type="stmt"/>
        </file>
        <file name="shuffle.js" path="D:\Progetti\valerio\weird-text\src\utils\string\shuffle.js">
          <metrics statements="3" coveredstatements="3" conditionals="4" coveredconditionals="4" methods="2" coveredmethods="2"/>
          <line num="13" count="15" type="cond" truecount="2" falsecount="0"/>
          <line num="15" count="78" type="stmt"/>
          <line num="17" count="10" type="cond" truecount="2" falsecount="0"/>
        </file>
        <file name="shuffle.js" path="d:\Progetti\valerio\weird-text\src\utils\string\shuffle.js">
          <metrics statements="5" coveredstatements="0" conditionals="4" coveredconditionals="0" methods="2" coveredmethods="0"/>
          <line num="2" count="0" type="stmt"/>
          <line num="3" count="0" type="stmt"/>
          <line num="13" count="0" type="cond" truecount="0" falsecount="2"/>
          <line num="15" count="0" type="stmt"/>
          <line num="17" count="0" type="stmt"/>
        </file>
      </package>
    </metrics>
  </project>
</coverage>
