{"/Users/valerio/projects/valerio/weird-text/src/App.jsx": {"path":"/Users/valerio/projects/valerio/weird-text/src/App.jsx","statementMap":{"0":{"start":{"line":11,"column":13},"end":{"line":28,"column":1}},"1":{"start":{"line":16,"column":31},"end":{"line":16,"column":48}},"2":{"start":{"line":22,"column":33},"end":{"line":22,"column":50}},"3":{"start":{"line":30,"column":13},"end":{"line":36,"column":1}},"4":{"start":{"line":38,"column":18},"end":{"line":45,"column":1}},"5":{"start":{"line":47,"column":12},"end":{"line":68,"column":1}},"6":{"start":{"line":48,"column":42},"end":{"line":48,"column":54}},"7":{"start":{"line":50,"column":2},"end":{"line":67,"column":4}}},"fnMap":{"0":{"name":"(anonymous_0)","decl":{"start":{"line":16,"column":22},"end":{"line":16,"column":23}},"loc":{"start":{"line":16,"column":31},"end":{"line":16,"column":48}},"line":16},"1":{"name":"(anonymous_1)","decl":{"start":{"line":22,"column":24},"end":{"line":22,"column":25}},"loc":{"start":{"line":22,"column":33},"end":{"line":22,"column":50}},"line":22},"2":{"name":"(anonymous_2)","decl":{"start":{"line":47,"column":12},"end":{"line":47,"column":13}},"loc":{"start":{"line":47,"column":18},"end":{"line":68,"column":1}},"line":47}},"branchMap":{},"s":{"0":1,"1":1,"2":1,"3":1,"4":1,"5":1,"6":1,"7":1},"f":{"0":1,"1":1,"2":1},"b":{},"_coverageSchema":"332fd63041d2c1bcb487cc26dd0d5f7d97098a6c","hash":"19df5a6a65c24f98e7bf4a18d906c8dcc452256f"}
,"/Users/valerio/projects/valerio/weird-text/src/index.js": {"path":"/Users/valerio/projects/valerio/weird-text/src/index.js","statementMap":{"0":{"start":{"line":2,"column":0},"end":{"line":null,"column":-1}},"1":{"start":{"line":3,"column":0},"end":{"line":null,"column":-1}},"2":{"start":{"line":4,"column":0},"end":{"line":null,"column":-1}},"3":{"start":{"line":7,"column":0},"end":{"line":null,"column":-1}},"4":{"start":{"line":9,"column":20},"end":{"line":9,"column":0}},"5":{"start":{"line":11,"column":14},"end":{"line":11,"column":0}},"6":{"start":{"line":21,"column":0},"end":{"line":null,"column":-1}}},"fnMap":{},"branchMap":{},"s":{"0":0,"1":0,"2":0,"3":0,"4":0,"5":0,"6":0},"f":{},"b":{}}
,"/Users/valerio/projects/valerio/weird-text/src/components/Card.jsx": {"path":"/Users/valerio/projects/valerio/weird-text/src/components/Card.jsx","statementMap":{},"fnMap":{},"branchMap":{},"s":{},"f":{},"b":{},"_coverageSchema":"332fd63041d2c1bcb487cc26dd0d5f7d97098a6c","hash":"58bdae259d242868bd005881faa159d11fbdfdce"}
,"/Users/valerio/projects/valerio/weird-text/src/components/CardTitle.jsx": {"path":"/Users/valerio/projects/valerio/weird-text/src/components/CardTitle.jsx","statementMap":{"0":{"start":{"line":7,"column":31},"end":{"line":7,"column":54}}},"fnMap":{"0":{"name":"(anonymous_0)","decl":{"start":{"line":7,"column":22},"end":{"line":7,"column":23}},"loc":{"start":{"line":7,"column":31},"end":{"line":7,"column":54}},"line":7}},"branchMap":{},"s":{"0":14},"f":{"0":14},"b":{},"_coverageSchema":"332fd63041d2c1bcb487cc26dd0d5f7d97098a6c","hash":"b238389dbdfe7724e95c7a54e731308531c6a28a"}
,"/Users/valerio/projects/valerio/weird-text/src/components/DecoderText.jsx": {"path":"/Users/valerio/projects/valerio/weird-text/src/components/DecoderText.jsx","statementMap":{"0":{"start":{"line":14,"column":26},"end":{"line":18,"column":1}},"1":{"start":{"line":20,"column":20},"end":{"line":93,"column":1}},"2":{"start":{"line":24,"column":44},"end":{"line":24,"column":58}},"3":{"start":{"line":25,"column":44},"end":{"line":25,"column":56}},"4":{"start":{"line":26,"column":30},"end":{"line":26,"column":42}},"5":{"start":{"line":27,"column":42},"end":{"line":27,"column":54}},"6":{"start":{"line":29,"column":36},"end":{"line":37,"column":3}},"7":{"start":{"line":30,"column":4},"end":{"line":36,"column":5}},"8":{"start":{"line":31,"column":6},"end":{"line":31,"column":88}},"9":{"start":{"line":32,"column":6},"end":{"line":32,"column":25}},"10":{"start":{"line":33,"column":6},"end":{"line":33,"column":19}},"11":{"start":{"line":35,"column":6},"end":{"line":35,"column":28}},"12":{"start":{"line":39,"column":32},"end":{"line":51,"column":3}},"13":{"start":{"line":40,"column":18},"end":{"line":40,"column":32}},"14":{"start":{"line":41,"column":23},"end":{"line":41,"column":39}},"15":{"start":{"line":43,"column":4},"end":{"line":43,"column":20}},"16":{"start":{"line":44,"column":4},"end":{"line":50,"column":6}},"17":{"start":{"line":53,"column":2},"end":{"line":92,"column":6}},"18":{"start":{"line":69,"column":27},"end":{"line":69,"column":58}},"19":{"start":{"line":95,"column":0},"end":{"line":99,"column":2}},"20":{"start":{"line":101,"column":0},"end":{"line":103,"column":2}}},"fnMap":{"0":{"name":"(anonymous_0)","decl":{"start":{"line":20,"column":20},"end":{"line":20,"column":21}},"loc":{"start":{"line":23,"column":6},"end":{"line":93,"column":1}},"line":23},"1":{"name":"(anonymous_1)","decl":{"start":{"line":29,"column":36},"end":{"line":29,"column":37}},"loc":{"start":{"line":29,"column":43},"end":{"line":37,"column":3}},"line":29},"2":{"name":"(anonymous_2)","decl":{"start":{"line":39,"column":32},"end":{"line":39,"column":33}},"loc":{"start":{"line":39,"column":39},"end":{"line":51,"column":3}},"line":39},"3":{"name":"(anonymous_3)","decl":{"start":{"line":69,"column":22},"end":{"line":69,"column":23}},"loc":{"start":{"line":69,"column":27},"end":{"line":69,"column":58}},"line":69}},"branchMap":{"0":{"loc":{"start":{"line":30,"column":4},"end":{"line":36,"column":5}},"type":"if","locations":[{"start":{"line":30,"column":4},"end":{"line":36,"column":5}},{"start":{"line":30,"column":4},"end":{"line":36,"column":5}}],"line":30},"1":{"loc":{"start":{"line":53,"column":9},"end":{"line":92,"column":5}},"type":"binary-expr","locations":[{"start":{"line":53,"column":9},"end":{"line":53,"column":20}},{"start":{"line":54,"column":4},"end":{"line":54,"column":26}},{"start":{"line":56,"column":6},"end":{"line":91,"column":13}}],"line":53},"2":{"loc":{"start":{"line":60,"column":9},"end":{"line":63,"column":9}},"type":"binary-expr","locations":[{"start":{"line":60,"column":9},"end":{"line":60,"column":21}},{"start":{"line":61,"column":10},"end":{"line":62,"column":37}}],"line":60},"3":{"loc":{"start":{"line":71,"column":11},"end":{"line":80,"column":11}},"type":"binary-expr","locations":[{"start":{"line":71,"column":11},"end":{"line":71,"column":24}},{"start":{"line":72,"column":12},"end":{"line":79,"column":15}}],"line":71},"4":{"loc":{"start":{"line":82,"column":9},"end":{"line":90,"column":9}},"type":"binary-expr","locations":[{"start":{"line":82,"column":9},"end":{"line":82,"column":20}},{"start":{"line":82,"column":24},"end":{"line":82,"column":46}},{"start":{"line":83,"column":10},"end":{"line":89,"column":28}}],"line":82}},"s":{"0":2,"1":2,"2":9,"3":9,"4":9,"5":9,"6":9,"7":2,"8":1,"9":1,"10":1,"11":1,"12":9,"13":1,"14":1,"15":1,"16":1,"17":9,"18":2,"19":2,"20":2},"f":{"0":9,"1":2,"2":1,"3":2},"b":{"0":[1,1],"1":[9,8,8],"2":[8,1],"3":[8,7],"4":[8,1,1]},"_coverageSchema":"332fd63041d2c1bcb487cc26dd0d5f7d97098a6c","hash":"5ad6b344fbb207d28170a16e0324f4200ba99b7e"}
,"/Users/valerio/projects/valerio/weird-text/src/components/EncoderText.jsx": {"path":"/Users/valerio/projects/valerio/weird-text/src/components/EncoderText.jsx","statementMap":{"0":{"start":{"line":13,"column":26},"end":{"line":17,"column":1}},"1":{"start":{"line":19,"column":32},"end":{"line":41,"column":1}},"2":{"start":{"line":28,"column":35},"end":{"line":28,"column":53}},"3":{"start":{"line":38,"column":22},"end":{"line":38,"column":40}},"4":{"start":{"line":43,"column":20},"end":{"line":107,"column":1}},"5":{"start":{"line":48,"column":44},"end":{"line":48,"column":56}},"6":{"start":{"line":49,"column":43},"end":{"line":49,"column":55}},"7":{"start":{"line":51,"column":24},"end":{"line":61,"column":3}},"8":{"start":{"line":52,"column":24},"end":{"line":52,"column":38}},"9":{"start":{"line":53,"column":26},"end":{"line":56,"column":5}},"10":{"start":{"line":58,"column":4},"end":{"line":58,"column":33}},"11":{"start":{"line":59,"column":4},"end":{"line":59,"column":39}},"12":{"start":{"line":60,"column":4},"end":{"line":60,"column":41}},"13":{"start":{"line":63,"column":2},"end":{"line":106,"column":3}},"14":{"start":{"line":96,"column":18},"end":{"line":98,"column":23}},"15":{"start":{"line":109,"column":0},"end":{"line":113,"column":2}},"16":{"start":{"line":115,"column":0},"end":{"line":117,"column":2}}},"fnMap":{"0":{"name":"(anonymous_0)","decl":{"start":{"line":28,"column":26},"end":{"line":28,"column":27}},"loc":{"start":{"line":28,"column":35},"end":{"line":28,"column":53}},"line":28},"1":{"name":"(anonymous_1)","decl":{"start":{"line":38,"column":13},"end":{"line":38,"column":14}},"loc":{"start":{"line":38,"column":22},"end":{"line":38,"column":40}},"line":38},"2":{"name":"(anonymous_2)","decl":{"start":{"line":43,"column":20},"end":{"line":43,"column":21}},"loc":{"start":{"line":47,"column":6},"end":{"line":107,"column":1}},"line":47},"3":{"name":"(anonymous_3)","decl":{"start":{"line":51,"column":24},"end":{"line":51,"column":25}},"loc":{"start":{"line":51,"column":31},"end":{"line":61,"column":3}},"line":51},"4":{"name":"(anonymous_4)","decl":{"start":{"line":95,"column":32},"end":{"line":95,"column":33}},"loc":{"start":{"line":96,"column":18},"end":{"line":98,"column":23}},"line":96}},"branchMap":{"0":{"loc":{"start":{"line":77,"column":7},"end":{"line":104,"column":7}},"type":"binary-expr","locations":[{"start":{"line":77,"column":7},"end":{"line":77,"column":18}},{"start":{"line":78,"column":8},"end":{"line":103,"column":34}}],"line":77},"1":{"loc":{"start":{"line":81,"column":11},"end":{"line":85,"column":11}},"type":"binary-expr","locations":[{"start":{"line":81,"column":11},"end":{"line":81,"column":22}},{"start":{"line":82,"column":12},"end":{"line":84,"column":16}}],"line":81},"2":{"loc":{"start":{"line":88,"column":11},"end":{"line":92,"column":11}},"type":"binary-expr","locations":[{"start":{"line":88,"column":11},"end":{"line":88,"column":36}},{"start":{"line":89,"column":12},"end":{"line":91,"column":16}}],"line":88},"3":{"loc":{"start":{"line":93,"column":11},"end":{"line":102,"column":11}},"type":"binary-expr","locations":[{"start":{"line":93,"column":11},"end":{"line":93,"column":34}},{"start":{"line":94,"column":12},"end":{"line":101,"column":17}}],"line":93}},"s":{"0":2,"1":2,"2":2,"3":2,"4":2,"5":7,"6":7,"7":7,"8":2,"9":2,"10":2,"11":2,"12":2,"13":7,"14":2,"15":2,"16":2},"f":{"0":2,"1":2,"2":7,"3":2,"4":2},"b":{"0":[7,2],"1":[2,2],"2":[2,1],"3":[2,1]},"_coverageSchema":"332fd63041d2c1bcb487cc26dd0d5f7d97098a6c","hash":"9d864a189b0482dca865c0e67f58600fb41578d2"}
,"/Users/valerio/projects/valerio/weird-text/src/components/ErrorMessage.jsx": {"path":"/Users/valerio/projects/valerio/weird-text/src/components/ErrorMessage.jsx","statementMap":{"0":{"start":{"line":6,"column":18},"end":{"line":12,"column":1}},"1":{"start":{"line":9,"column":31},"end":{"line":9,"column":48}},"2":{"start":{"line":14,"column":21},"end":{"line":18,"column":1}},"3":{"start":{"line":15,"column":2},"end":{"line":17,"column":3}},"4":{"start":{"line":20,"column":0},"end":{"line":22,"column":2}},"5":{"start":{"line":24,"column":0},"end":{"line":26,"column":2}}},"fnMap":{"0":{"name":"(anonymous_0)","decl":{"start":{"line":9,"column":22},"end":{"line":9,"column":23}},"loc":{"start":{"line":9,"column":31},"end":{"line":9,"column":48}},"line":9},"1":{"name":"(anonymous_1)","decl":{"start":{"line":14,"column":21},"end":{"line":14,"column":22}},"loc":{"start":{"line":15,"column":2},"end":{"line":17,"column":3}},"line":15}},"branchMap":{"0":{"loc":{"start":{"line":15,"column":2},"end":{"line":17,"column":3}},"type":"binary-expr","locations":[{"start":{"line":15,"column":2},"end":{"line":15,"column":9}},{"start":{"line":16,"column":4},"end":{"line":16,"column":62}}],"line":15}},"s":{"0":3,"1":2,"2":3,"3":3,"4":3,"5":3},"f":{"0":2,"1":3},"b":{"0":[3,2]},"_coverageSchema":"332fd63041d2c1bcb487cc26dd0d5f7d97098a6c","hash":"2220c8b7e2609a00bcbd2aeda2905f1c1c6a7cb7"}
,"/Users/valerio/projects/valerio/weird-text/src/components/InputContainer.jsx": {"path":"/Users/valerio/projects/valerio/weird-text/src/components/InputContainer.jsx","statementMap":{},"fnMap":{},"branchMap":{},"s":{},"f":{},"b":{},"_coverageSchema":"332fd63041d2c1bcb487cc26dd0d5f7d97098a6c","hash":"a27b3c636600fd99af1e2ab2796592a99a7d6728"}
,"/Users/valerio/projects/valerio/weird-text/src/components/OutputContainer.jsx": {"path":"/Users/valerio/projects/valerio/weird-text/src/components/OutputContainer.jsx","statementMap":{"0":{"start":{"line":15,"column":35},"end":{"line":15,"column":58}}},"fnMap":{"0":{"name":"(anonymous_0)","decl":{"start":{"line":15,"column":26},"end":{"line":15,"column":27}},"loc":{"start":{"line":15,"column":35},"end":{"line":15,"column":58}},"line":15}},"branchMap":{},"s":{"0":3},"f":{"0":3},"b":{},"_coverageSchema":"332fd63041d2c1bcb487cc26dd0d5f7d97098a6c","hash":"78e4dd2133e77d47f0b8d427f0aaeed9efce3440"}
,"/Users/valerio/projects/valerio/weird-text/src/infrastructure/exceptions/invalid-argument-error.js": {"path":"/Users/valerio/projects/valerio/weird-text/src/infrastructure/exceptions/invalid-argument-error.js","statementMap":{},"fnMap":{},"branchMap":{},"s":{},"f":{},"b":{},"_coverageSchema":"332fd63041d2c1bcb487cc26dd0d5f7d97098a6c","hash":"ade8195f48c2a3fa391c9664146b3946c37bcaac"}
,"/Users/valerio/projects/valerio/weird-text/src/infrastructure/extensions/string.js": {"path":"/Users/valerio/projects/valerio/weird-text/src/infrastructure/extensions/string.js","statementMap":{"0":{"start":{"line":8,"column":24},"end":{"line":12,"column":3}},"1":{"start":{"line":8,"column":29},"end":{"line":12,"column":3}},"2":{"start":{"line":22,"column":2},"end":{"line":22,"column":77}},"3":{"start":{"line":22,"column":22},"end":{"line":22,"column":77}},"4":{"start":{"line":24,"column":22},"end":{"line":24,"column":76}},"5":{"start":{"line":24,"column":47},"end":{"line":24,"column":66}},"6":{"start":{"line":26,"column":2},"end":{"line":28,"column":18}},"7":{"start":{"line":41,"column":2},"end":{"line":41,"column":77}},"8":{"start":{"line":41,"column":22},"end":{"line":41,"column":77}},"9":{"start":{"line":42,"column":2},"end":{"line":42,"column":91}},"10":{"start":{"line":42,"column":32},"end":{"line":42,"column":91}},"11":{"start":{"line":43,"column":2},"end":{"line":43,"column":81}},"12":{"start":{"line":43,"column":26},"end":{"line":43,"column":81}},"13":{"start":{"line":45,"column":2},"end":{"line":45,"column":82}},"14":{"start":{"line":56,"column":26},"end":{"line":61,"column":1}},"15":{"start":{"line":57,"column":2},"end":{"line":57,"column":77}},"16":{"start":{"line":57,"column":22},"end":{"line":57,"column":77}},"17":{"start":{"line":58,"column":2},"end":{"line":58,"column":87}},"18":{"start":{"line":58,"column":27},"end":{"line":58,"column":87}},"19":{"start":{"line":60,"column":2},"end":{"line":60,"column":40}},"20":{"start":{"line":72,"column":29},"end":{"line":77,"column":1}},"21":{"start":{"line":73,"column":2},"end":{"line":73,"column":77}},"22":{"start":{"line":73,"column":22},"end":{"line":73,"column":77}},"23":{"start":{"line":74,"column":2},"end":{"line":74,"column":93}},"24":{"start":{"line":74,"column":30},"end":{"line":74,"column":93}},"25":{"start":{"line":76,"column":2},"end":{"line":76,"column":35}},"26":{"start":{"line":88,"column":28},"end":{"line":93,"column":1}},"27":{"start":{"line":89,"column":2},"end":{"line":89,"column":77}},"28":{"start":{"line":89,"column":22},"end":{"line":89,"column":77}},"29":{"start":{"line":90,"column":2},"end":{"line":90,"column":87}},"30":{"start":{"line":90,"column":27},"end":{"line":90,"column":87}},"31":{"start":{"line":92,"column":2},"end":{"line":92,"column":63}}},"fnMap":{"0":{"name":"(anonymous_0)","decl":{"start":{"line":8,"column":24},"end":{"line":8,"column":25}},"loc":{"start":{"line":8,"column":29},"end":{"line":12,"column":3}},"line":8},"1":{"name":"shuffle","decl":{"start":{"line":21,"column":16},"end":{"line":21,"column":23}},"loc":{"start":{"line":21,"column":29},"end":{"line":29,"column":1}},"line":21},"2":{"name":"(anonymous_2)","decl":{"start":{"line":24,"column":41},"end":{"line":24,"column":42}},"loc":{"start":{"line":24,"column":47},"end":{"line":24,"column":66}},"line":24},"3":{"name":"replaceAt","decl":{"start":{"line":40,"column":16},"end":{"line":40,"column":25}},"loc":{"start":{"line":40,"column":47},"end":{"line":46,"column":1}},"line":40},"4":{"name":"(anonymous_4)","decl":{"start":{"line":56,"column":26},"end":{"line":56,"column":27}},"loc":{"start":{"line":56,"column":45},"end":{"line":61,"column":1}},"line":56},"5":{"name":"(anonymous_5)","decl":{"start":{"line":72,"column":29},"end":{"line":72,"column":30}},"loc":{"start":{"line":72,"column":51},"end":{"line":77,"column":1}},"line":72},"6":{"name":"(anonymous_6)","decl":{"start":{"line":88,"column":28},"end":{"line":88,"column":29}},"loc":{"start":{"line":88,"column":47},"end":{"line":93,"column":1}},"line":88}},"branchMap":{"0":{"loc":{"start":{"line":8,"column":29},"end":{"line":12,"column":3}},"type":"binary-expr","locations":[{"start":{"line":8,"column":29},"end":{"line":8,"column":44}},{"start":{"line":10,"column":4},"end":{"line":10,"column":25}},{"start":{"line":11,"column":4},"end":{"line":11,"column":23}}],"line":8},"1":{"loc":{"start":{"line":22,"column":2},"end":{"line":22,"column":77}},"type":"if","locations":[{"start":{"line":22,"column":2},"end":{"line":22,"column":77}},{"start":{"line":22,"column":2},"end":{"line":22,"column":77}}],"line":22},"2":{"loc":{"start":{"line":26,"column":9},"end":{"line":28,"column":17}},"type":"cond-expr","locations":[{"start":{"line":27,"column":6},"end":{"line":27,"column":38}},{"start":{"line":28,"column":6},"end":{"line":28,"column":17}}],"line":26},"3":{"loc":{"start":{"line":41,"column":2},"end":{"line":41,"column":77}},"type":"if","locations":[{"start":{"line":41,"column":2},"end":{"line":41,"column":77}},{"start":{"line":41,"column":2},"end":{"line":41,"column":77}}],"line":41},"4":{"loc":{"start":{"line":42,"column":2},"end":{"line":42,"column":91}},"type":"if","locations":[{"start":{"line":42,"column":2},"end":{"line":42,"column":91}},{"start":{"line":42,"column":2},"end":{"line":42,"column":91}}],"line":42},"5":{"loc":{"start":{"line":43,"column":2},"end":{"line":43,"column":81}},"type":"if","locations":[{"start":{"line":43,"column":2},"end":{"line":43,"column":81}},{"start":{"line":43,"column":2},"end":{"line":43,"column":81}}],"line":43},"6":{"loc":{"start":{"line":57,"column":2},"end":{"line":57,"column":77}},"type":"if","locations":[{"start":{"line":57,"column":2},"end":{"line":57,"column":77}},{"start":{"line":57,"column":2},"end":{"line":57,"column":77}}],"line":57},"7":{"loc":{"start":{"line":58,"column":2},"end":{"line":58,"column":87}},"type":"if","locations":[{"start":{"line":58,"column":2},"end":{"line":58,"column":87}},{"start":{"line":58,"column":2},"end":{"line":58,"column":87}}],"line":58},"8":{"loc":{"start":{"line":73,"column":2},"end":{"line":73,"column":77}},"type":"if","locations":[{"start":{"line":73,"column":2},"end":{"line":73,"column":77}},{"start":{"line":73,"column":2},"end":{"line":73,"column":77}}],"line":73},"9":{"loc":{"start":{"line":74,"column":2},"end":{"line":74,"column":93}},"type":"if","locations":[{"start":{"line":74,"column":2},"end":{"line":74,"column":93}},{"start":{"line":74,"column":2},"end":{"line":74,"column":93}}],"line":74},"10":{"loc":{"start":{"line":89,"column":2},"end":{"line":89,"column":77}},"type":"if","locations":[{"start":{"line":89,"column":2},"end":{"line":89,"column":77}},{"start":{"line":89,"column":2},"end":{"line":89,"column":77}}],"line":89},"11":{"loc":{"start":{"line":90,"column":2},"end":{"line":90,"column":87}},"type":"if","locations":[{"start":{"line":90,"column":2},"end":{"line":90,"column":87}},{"start":{"line":90,"column":2},"end":{"line":90,"column":87}}],"line":90}},"s":{"0":8,"1":313,"2":7,"3":1,"4":6,"5":63,"6":6,"7":20,"8":1,"9":19,"10":1,"11":18,"12":1,"13":17,"14":8,"15":32,"16":1,"17":31,"18":1,"19":30,"20":8,"21":15,"22":1,"23":14,"24":1,"25":13,"26":8,"27":13,"28":1,"29":12,"30":1,"31":11},"f":{"0":313,"1":7,"2":63,"3":20,"4":32,"5":15,"6":13},"b":{"0":[313,308,27],"1":[1,6],"2":[1,5],"3":[1,19],"4":[1,18],"5":[1,17],"6":[1,31],"7":[1,30],"8":[1,14],"9":[1,13],"10":[1,12],"11":[1,11]},"_coverageSchema":"332fd63041d2c1bcb487cc26dd0d5f7d97098a6c","hash":"680d45563578c007c392cad51dca6e61fbd28ab9"}
,"/Users/valerio/projects/valerio/weird-text/src/utils/decoder.js": {"path":"/Users/valerio/projects/valerio/weird-text/src/utils/decoder.js","statementMap":{"0":{"start":{"line":15,"column":2},"end":{"line":16,"column":60}},"1":{"start":{"line":16,"column":4},"end":{"line":16,"column":60}},"2":{"start":{"line":17,"column":2},"end":{"line":18,"column":66}},"3":{"start":{"line":18,"column":4},"end":{"line":18,"column":66}},"4":{"start":{"line":19,"column":2},"end":{"line":20,"column":76}},"5":{"start":{"line":20,"column":4},"end":{"line":20,"column":76}},"6":{"start":{"line":21,"column":2},"end":{"line":22,"column":69}},"7":{"start":{"line":22,"column":4},"end":{"line":22,"column":69}},"8":{"start":{"line":24,"column":26},"end":{"line":24,"column":49}},"9":{"start":{"line":26,"column":2},"end":{"line":26,"column":36}},"10":{"start":{"line":26,"column":24},"end":{"line":26,"column":36}},"11":{"start":{"line":28,"column":2},"end":{"line":40,"column":4}}},"fnMap":{"0":{"name":"simpleDecoder","decl":{"start":{"line":14,"column":16},"end":{"line":14,"column":29}},"loc":{"start":{"line":14,"column":79},"end":{"line":41,"column":1}},"line":14}},"branchMap":{"0":{"loc":{"start":{"line":15,"column":2},"end":{"line":16,"column":60}},"type":"if","locations":[{"start":{"line":15,"column":2},"end":{"line":16,"column":60}},{"start":{"line":15,"column":2},"end":{"line":16,"column":60}}],"line":15},"1":{"loc":{"start":{"line":17,"column":2},"end":{"line":18,"column":66}},"type":"if","locations":[{"start":{"line":17,"column":2},"end":{"line":18,"column":66}},{"start":{"line":17,"column":2},"end":{"line":18,"column":66}}],"line":17},"2":{"loc":{"start":{"line":19,"column":2},"end":{"line":20,"column":76}},"type":"if","locations":[{"start":{"line":19,"column":2},"end":{"line":20,"column":76}},{"start":{"line":19,"column":2},"end":{"line":20,"column":76}}],"line":19},"3":{"loc":{"start":{"line":21,"column":2},"end":{"line":22,"column":69}},"type":"if","locations":[{"start":{"line":21,"column":2},"end":{"line":22,"column":69}},{"start":{"line":21,"column":2},"end":{"line":22,"column":69}}],"line":21},"4":{"loc":{"start":{"line":26,"column":2},"end":{"line":26,"column":36}},"type":"if","locations":[{"start":{"line":26,"column":2},"end":{"line":26,"column":36}},{"start":{"line":26,"column":2},"end":{"line":26,"column":36}}],"line":26}},"s":{"0":28,"1":4,"2":24,"3":4,"4":20,"5":5,"6":15,"7":5,"8":10,"9":10,"10":2,"11":8},"f":{"0":28},"b":{"0":[4,24],"1":[4,20],"2":[5,15],"3":[5,10],"4":[2,8]},"_coverageSchema":"332fd63041d2c1bcb487cc26dd0d5f7d97098a6c","hash":"475efbbb4a102ca65f7407fe8e2dfe9a3e7963fb"}
,"/Users/valerio/projects/valerio/weird-text/src/utils/encoder.js": {"path":"/Users/valerio/projects/valerio/weird-text/src/utils/encoder.js","statementMap":{"0":{"start":{"line":11,"column":39},"end":{"line":20,"column":1}},"1":{"start":{"line":11,"column":47},"end":{"line":20,"column":1}},"2":{"start":{"line":30,"column":31},"end":{"line":35,"column":1}},"3":{"start":{"line":30,"column":51},"end":{"line":35,"column":1}},"4":{"start":{"line":47,"column":2},"end":{"line":48,"column":60}},"5":{"start":{"line":48,"column":4},"end":{"line":48,"column":60}},"6":{"start":{"line":50,"column":2},"end":{"line":51,"column":75}},"7":{"start":{"line":51,"column":4},"end":{"line":51,"column":75}},"8":{"start":{"line":53,"column":26},"end":{"line":53,"column":49}},"9":{"start":{"line":55,"column":2},"end":{"line":59,"column":6}},"10":{"start":{"line":56,"column":4},"end":{"line":59,"column":6}},"11":{"start":{"line":61,"column":24},"end":{"line":64,"column":3}},"12":{"start":{"line":66,"column":2},"end":{"line":78,"column":4}}},"fnMap":{"0":{"name":"(anonymous_0)","decl":{"start":{"line":11,"column":39},"end":{"line":11,"column":40}},"loc":{"start":{"line":11,"column":47},"end":{"line":20,"column":1}},"line":11},"1":{"name":"(anonymous_1)","decl":{"start":{"line":30,"column":31},"end":{"line":30,"column":32}},"loc":{"start":{"line":30,"column":51},"end":{"line":35,"column":1}},"line":30},"2":{"name":"encoder","decl":{"start":{"line":46,"column":16},"end":{"line":46,"column":23}},"loc":{"start":{"line":46,"column":49},"end":{"line":79,"column":1}},"line":46}},"branchMap":{"0":{"loc":{"start":{"line":47,"column":2},"end":{"line":48,"column":60}},"type":"if","locations":[{"start":{"line":47,"column":2},"end":{"line":48,"column":60}},{"start":{"line":47,"column":2},"end":{"line":48,"column":60}}],"line":47},"1":{"loc":{"start":{"line":50,"column":2},"end":{"line":51,"column":75}},"type":"if","locations":[{"start":{"line":50,"column":2},"end":{"line":51,"column":75}},{"start":{"line":50,"column":2},"end":{"line":51,"column":75}}],"line":50},"2":{"loc":{"start":{"line":55,"column":2},"end":{"line":59,"column":6}},"type":"if","locations":[{"start":{"line":55,"column":2},"end":{"line":59,"column":6}},{"start":{"line":55,"column":2},"end":{"line":59,"column":6}}],"line":55}},"s":{"0":3,"1":4,"2":3,"3":4,"4":8,"5":1,"6":7,"7":1,"8":6,"9":6,"10":2,"11":4,"12":4},"f":{"0":4,"1":4,"2":8},"b":{"0":[1,7],"1":[1,6],"2":[2,4]},"_coverageSchema":"332fd63041d2c1bcb487cc26dd0d5f7d97098a6c","hash":"611551a20b613bd5799268a80750a0f7c88391bc"}
,"/Users/valerio/projects/valerio/weird-text/src/utils/selection-criteria.js": {"path":"/Users/valerio/projects/valerio/weird-text/src/utils/selection-criteria.js","statementMap":{"0":{"start":{"line":12,"column":38},"end":{"line":29,"column":4}},"1":{"start":{"line":13,"column":13},"end":{"line":13,"column":32}},"2":{"start":{"line":15,"column":2},"end":{"line":28,"column":4}},"3":{"start":{"line":16,"column":4},"end":{"line":17,"column":62}},"4":{"start":{"line":17,"column":6},"end":{"line":17,"column":62}},"5":{"start":{"line":19,"column":18},"end":{"line":19,"column":31}},"6":{"start":{"line":21,"column":4},"end":{"line":22,"column":18}},"7":{"start":{"line":22,"column":6},"end":{"line":22,"column":18}},"8":{"start":{"line":24,"column":4},"end":{"line":27,"column":6}}},"fnMap":{"0":{"name":"(anonymous_0)","decl":{"start":{"line":12,"column":39},"end":{"line":12,"column":40}},"loc":{"start":{"line":12,"column":45},"end":{"line":29,"column":1}},"line":12},"1":{"name":"(anonymous_1)","decl":{"start":{"line":15,"column":9},"end":{"line":15,"column":10}},"loc":{"start":{"line":15,"column":19},"end":{"line":28,"column":3}},"line":15}},"branchMap":{"0":{"loc":{"start":{"line":16,"column":4},"end":{"line":17,"column":62}},"type":"if","locations":[{"start":{"line":16,"column":4},"end":{"line":17,"column":62}},{"start":{"line":16,"column":4},"end":{"line":17,"column":62}}],"line":16},"1":{"loc":{"start":{"line":21,"column":4},"end":{"line":22,"column":18}},"type":"if","locations":[{"start":{"line":21,"column":4},"end":{"line":22,"column":18}},{"start":{"line":21,"column":4},"end":{"line":22,"column":18}}],"line":21}},"s":{"0":6,"1":6,"2":6,"3":26,"4":5,"5":21,"6":21,"7":6,"8":15},"f":{"0":6,"1":26},"b":{"0":[5,21],"1":[6,15]},"_coverageSchema":"332fd63041d2c1bcb487cc26dd0d5f7d97098a6c","hash":"e53fb3ee6c4079fd36a9a1597b3833f355bc6562"}
,"/Users/valerio/projects/valerio/weird-text/src/utils/similarity.js": {"path":"/Users/valerio/projects/valerio/weird-text/src/utils/similarity.js","statementMap":{"0":{"start":{"line":15,"column":2},"end":{"line":16,"column":60}},"1":{"start":{"line":16,"column":4},"end":{"line":16,"column":60}},"2":{"start":{"line":18,"column":2},"end":{"line":19,"column":60}},"3":{"start":{"line":19,"column":4},"end":{"line":19,"column":60}},"4":{"start":{"line":21,"column":2},"end":{"line":23,"column":34}},"5":{"start":{"line":37,"column":2},"end":{"line":38,"column":60}},"6":{"start":{"line":38,"column":4},"end":{"line":38,"column":60}},"7":{"start":{"line":40,"column":2},"end":{"line":41,"column":61}},"8":{"start":{"line":41,"column":4},"end":{"line":41,"column":61}},"9":{"start":{"line":43,"column":2},"end":{"line":43,"column":70}},"10":{"start":{"line":43,"column":29},"end":{"line":43,"column":60}}},"fnMap":{"0":{"name":"isSimilar","decl":{"start":{"line":14,"column":16},"end":{"line":14,"column":25}},"loc":{"start":{"line":14,"column":38},"end":{"line":24,"column":1}},"line":14},"1":{"name":"searchDuck","decl":{"start":{"line":36,"column":16},"end":{"line":36,"column":26}},"loc":{"start":{"line":36,"column":73},"end":{"line":44,"column":1}},"line":36},"2":{"name":"(anonymous_2)","decl":{"start":{"line":43,"column":21},"end":{"line":43,"column":22}},"loc":{"start":{"line":43,"column":29},"end":{"line":43,"column":60}},"line":43}},"branchMap":{"0":{"loc":{"start":{"line":15,"column":2},"end":{"line":16,"column":60}},"type":"if","locations":[{"start":{"line":15,"column":2},"end":{"line":16,"column":60}},{"start":{"line":15,"column":2},"end":{"line":16,"column":60}}],"line":15},"1":{"loc":{"start":{"line":18,"column":2},"end":{"line":19,"column":60}},"type":"if","locations":[{"start":{"line":18,"column":2},"end":{"line":19,"column":60}},{"start":{"line":18,"column":2},"end":{"line":19,"column":60}}],"line":18},"2":{"loc":{"start":{"line":21,"column":9},"end":{"line":23,"column":33}},"type":"binary-expr","locations":[{"start":{"line":21,"column":9},"end":{"line":21,"column":33}},{"start":{"line":22,"column":7},"end":{"line":22,"column":34}},{"start":{"line":23,"column":7},"end":{"line":23,"column":33}}],"line":21},"3":{"loc":{"start":{"line":36,"column":40},"end":{"line":36,"column":71}},"type":"default-arg","locations":[{"start":{"line":36,"column":62},"end":{"line":36,"column":71}}],"line":36},"4":{"loc":{"start":{"line":37,"column":2},"end":{"line":38,"column":60}},"type":"if","locations":[{"start":{"line":37,"column":2},"end":{"line":38,"column":60}},{"start":{"line":37,"column":2},"end":{"line":38,"column":60}}],"line":37},"5":{"loc":{"start":{"line":40,"column":2},"end":{"line":41,"column":61}},"type":"if","locations":[{"start":{"line":40,"column":2},"end":{"line":41,"column":61}},{"start":{"line":40,"column":2},"end":{"line":41,"column":61}}],"line":40},"6":{"loc":{"start":{"line":43,"column":10},"end":{"line":43,"column":69}},"type":"binary-expr","locations":[{"start":{"line":43,"column":10},"end":{"line":43,"column":61}},{"start":{"line":43,"column":65},"end":{"line":43,"column":69}}],"line":43}},"s":{"0":36,"1":4,"2":32,"3":4,"4":28,"5":19,"6":4,"7":15,"8":4,"9":11,"10":26},"f":{"0":36,"1":19,"2":26},"b":{"0":[4,32],"1":[4,28],"2":[28,11,9],"3":[19],"4":[4,15],"5":[4,11],"6":[11,3]},"_coverageSchema":"332fd63041d2c1bcb487cc26dd0d5f7d97098a6c","hash":"27d1f1ed263c522c7ba26eb139fe6512afa09228"}
}
