{"D:\\Progetti\\valerio\\weird-text\\src\\App.jsx": {"path":"D:\\Progetti\\valerio\\weird-text\\src\\App.jsx","statementMap":{"0":{"start":{"line":12,"column":13},"end":{"line":29,"column":1}},"1":{"start":{"line":17,"column":31},"end":{"line":17,"column":48}},"2":{"start":{"line":23,"column":33},"end":{"line":23,"column":50}},"3":{"start":{"line":31,"column":13},"end":{"line":37,"column":1}},"4":{"start":{"line":39,"column":18},"end":{"line":43,"column":1}},"5":{"start":{"line":45,"column":12},"end":{"line":66,"column":1}},"6":{"start":{"line":46,"column":42},"end":{"line":46,"column":54}},"7":{"start":{"line":48,"column":2},"end":{"line":65,"column":4}}},"fnMap":{"0":{"name":"(anonymous_0)","decl":{"start":{"line":17,"column":22},"end":{"line":17,"column":23}},"loc":{"start":{"line":17,"column":31},"end":{"line":17,"column":48}},"line":17},"1":{"name":"(anonymous_1)","decl":{"start":{"line":23,"column":24},"end":{"line":23,"column":25}},"loc":{"start":{"line":23,"column":33},"end":{"line":23,"column":50}},"line":23},"2":{"name":"(anonymous_2)","decl":{"start":{"line":45,"column":12},"end":{"line":45,"column":13}},"loc":{"start":{"line":45,"column":18},"end":{"line":66,"column":1}},"line":45}},"branchMap":{},"s":{"0":1,"1":1,"2":1,"3":1,"4":1,"5":1,"6":1,"7":1},"f":{"0":1,"1":1,"2":1},"b":{},"_coverageSchema":"332fd63041d2c1bcb487cc26dd0d5f7d97098a6c","hash":"1da050f67d10ef1570abb90cb509544b7b17290f"}
,"d:\\Progetti\\valerio\\weird-text\\src\\App.jsx": {"path":"d:\\Progetti\\valerio\\weird-text\\src\\App.jsx","statementMap":{"0":{"start":{"line":2,"column":0},"end":{"line":null,"column":-1}},"1":{"start":{"line":3,"column":0},"end":{"line":null,"column":-1}},"2":{"start":{"line":6,"column":0},"end":{"line":null,"column":-1}},"3":{"start":{"line":7,"column":0},"end":{"line":null,"column":-1}},"4":{"start":{"line":8,"column":0},"end":{"line":null,"column":-1}},"5":{"start":{"line":9,"column":0},"end":{"line":null,"column":-1}},"6":{"start":{"line":10,"column":0},"end":{"line":null,"column":-1}},"7":{"start":{"line":12,"column":13},"end":{"line":12,"column":0}},"8":{"start":{"line":17,"column":31},"end":{"line":17,"column":49}},"9":{"start":{"line":23,"column":33},"end":{"line":23,"column":51}},"10":{"start":{"line":31,"column":13},"end":{"line":31,"column":0}},"11":{"start":{"line":39,"column":18},"end":{"line":39,"column":0}},"12":{"start":{"line":45,"column":12},"end":{"line":45,"column":0}},"13":{"start":{"line":46,"column":42},"end":{"line":45,"column":18}},"14":{"start":{"line":45,"column":18},"end":{"line":null,"column":-1}},"15":{"start":{"line":48,"column":2},"end":{"line":null,"column":-1}}},"fnMap":{"0":{"name":"(anonymous_0)","decl":{"start":{"line":17,"column":22},"end":{"line":17,"column":26}},"loc":{"start":{"line":17,"column":31},"end":{"line":17,"column":49}}},"1":{"name":"(anonymous_1)","decl":{"start":{"line":23,"column":24},"end":{"line":23,"column":28}},"loc":{"start":{"line":23,"column":33},"end":{"line":23,"column":51}}},"2":{"name":"(anonymous_2)","decl":{"start":{"line":45,"column":12},"end":{"line":45,"column":17}},"loc":{"start":{"line":45,"column":18},"end":{"line":45,"column":0}}}},"branchMap":{},"s":{"0":0,"1":0,"2":0,"3":0,"4":0,"5":0,"6":0,"7":0,"8":0,"9":0,"10":0,"11":0,"12":0,"13":0,"14":0,"15":0},"f":{"0":0,"1":0,"2":0},"b":{}}
,"d:\\Progetti\\valerio\\weird-text\\src\\index.js": {"path":"d:\\Progetti\\valerio\\weird-text\\src\\index.js","statementMap":{"0":{"start":{"line":2,"column":0},"end":{"line":null,"column":-1}},"1":{"start":{"line":3,"column":0},"end":{"line":null,"column":-1}},"2":{"start":{"line":4,"column":0},"end":{"line":null,"column":-1}},"3":{"start":{"line":7,"column":0},"end":{"line":null,"column":-1}},"4":{"start":{"line":9,"column":20},"end":{"line":9,"column":0}},"5":{"start":{"line":11,"column":14},"end":{"line":11,"column":0}},"6":{"start":{"line":21,"column":0},"end":{"line":null,"column":-1}}},"fnMap":{},"branchMap":{},"s":{"0":0,"1":0,"2":0,"3":0,"4":0,"5":0,"6":0},"f":{},"b":{}}
,"D:\\Progetti\\valerio\\weird-text\\src\\components\\Card.jsx": {"path":"D:\\Progetti\\valerio\\weird-text\\src\\components\\Card.jsx","statementMap":{},"fnMap":{},"branchMap":{},"s":{},"f":{},"b":{},"_coverageSchema":"332fd63041d2c1bcb487cc26dd0d5f7d97098a6c","hash":"5ff159f1bda5a80b62d914f8b495c79f1a271876"}
,"d:\\Progetti\\valerio\\weird-text\\src\\components\\Card.jsx": {"path":"d:\\Progetti\\valerio\\weird-text\\src\\components\\Card.jsx","statementMap":{"0":{"start":{"line":2,"column":0},"end":{"line":null,"column":-1}}},"fnMap":{},"branchMap":{},"s":{"0":0},"f":{},"b":{}}
,"d:\\Progetti\\valerio\\weird-text\\src\\components\\CardTitle.jsx": {"path":"d:\\Progetti\\valerio\\weird-text\\src\\components\\CardTitle.jsx","statementMap":{"0":{"start":{"line":2,"column":0},"end":{"line":null,"column":-1}},"1":{"start":{"line":7,"column":31},"end":{"line":7,"column":55}}},"fnMap":{"0":{"name":"(anonymous_0)","decl":{"start":{"line":7,"column":22},"end":{"line":7,"column":26}},"loc":{"start":{"line":7,"column":31},"end":{"line":7,"column":55}}}},"branchMap":{},"s":{"0":0,"1":0},"f":{"0":0},"b":{}}
,"D:\\Progetti\\valerio\\weird-text\\src\\components\\CardTitle.jsx": {"path":"D:\\Progetti\\valerio\\weird-text\\src\\components\\CardTitle.jsx","statementMap":{"0":{"start":{"line":7,"column":31},"end":{"line":7,"column":54}}},"fnMap":{"0":{"name":"(anonymous_0)","decl":{"start":{"line":7,"column":22},"end":{"line":7,"column":23}},"loc":{"start":{"line":7,"column":31},"end":{"line":7,"column":54}},"line":7}},"branchMap":{},"s":{"0":14},"f":{"0":14},"b":{},"_coverageSchema":"332fd63041d2c1bcb487cc26dd0d5f7d97098a6c","hash":"502859bf1a2364faa1c35815115d998b02731fe8"}
,"d:\\Progetti\\valerio\\weird-text\\src\\components\\Column.jsx": {"path":"d:\\Progetti\\valerio\\weird-text\\src\\components\\Column.jsx","statementMap":{"0":{"start":{"line":2,"column":0},"end":{"line":null,"column":-1}},"1":{"start":{"line":5,"column":2},"end":{"line":null,"column":-1}},"2":{"start":{"line":9,"column":2},"end":{"line":9,"column":13}},"3":{"start":{"line":9,"column":13},"end":{"line":null,"column":-1}},"4":{"start":{"line":11,"column":2},"end":{"line":null,"column":-1}},"5":{"start":{"line":15,"column":2},"end":{"line":15,"column":15}},"6":{"start":{"line":15,"column":15},"end":{"line":null,"column":-1}},"7":{"start":{"line":17,"column":2},"end":{"line":null,"column":-1}},"8":{"start":{"line":21,"column":2},"end":{"line":21,"column":15}},"9":{"start":{"line":21,"column":15},"end":{"line":null,"column":-1}},"10":{"start":{"line":23,"column":2},"end":{"line":null,"column":-1}},"11":{"start":{"line":29,"column":16},"end":{"line":29,"column":53}},"12":{"start":{"line":30,"column":27},"end":{"line":30,"column":99}},"13":{"start":{"line":31,"column":26},"end":{"line":31,"column":94}},"14":{"start":{"line":34,"column":18},"end":{"line":34,"column":39}},"15":{"start":{"line":35,"column":29},"end":{"line":35,"column":77}},"16":{"start":{"line":36,"column":28},"end":{"line":36,"column":73}},"17":{"start":{"line":40,"column":18},"end":{"line":40,"column":39}},"18":{"start":{"line":41,"column":29},"end":{"line":41,"column":77}},"19":{"start":{"line":42,"column":28},"end":{"line":42,"column":73}},"20":{"start":{"line":46,"column":18},"end":{"line":46,"column":39}},"21":{"start":{"line":47,"column":29},"end":{"line":47,"column":77}},"22":{"start":{"line":48,"column":28},"end":{"line":48,"column":73}}},"fnMap":{"0":{"name":"colWidth","decl":{"start":{"line":4,"column":9},"end":{"line":4,"column":0}},"loc":{"start":{"line":4,"column":24},"end":{"line":6,"column":1}}},"1":{"name":"calcWidth","decl":{"start":{"line":8,"column":9},"end":{"line":8,"column":0}},"loc":{"start":{"line":8,"column":25},"end":{"line":12,"column":1}}},"2":{"name":"calcLeftOffset","decl":{"start":{"line":14,"column":9},"end":{"line":14,"column":0}},"loc":{"start":{"line":14,"column":32},"end":{"line":18,"column":1}}},"3":{"name":"calcRightOffset","decl":{"start":{"line":20,"column":9},"end":{"line":20,"column":0}},"loc":{"start":{"line":20,"column":33},"end":{"line":24,"column":1}}},"4":{"name":"(anonymous_4)","decl":{"start":{"line":29,"column":4},"end":{"line":29,"column":5}},"loc":{"start":{"line":29,"column":16},"end":{"line":29,"column":53}}},"5":{"name":"(anonymous_5)","decl":{"start":{"line":30,"column":4},"end":{"line":30,"column":5}},"loc":{"start":{"line":30,"column":27},"end":{"line":30,"column":99}}},"6":{"name":"(anonymous_6)","decl":{"start":{"line":31,"column":4},"end":{"line":31,"column":5}},"loc":{"start":{"line":31,"column":26},"end":{"line":31,"column":94}}},"7":{"name":"(anonymous_7)","decl":{"start":{"line":34,"column":6},"end":{"line":34,"column":7}},"loc":{"start":{"line":34,"column":18},"end":{"line":34,"column":39}}},"8":{"name":"(anonymous_8)","decl":{"start":{"line":35,"column":6},"end":{"line":35,"column":7}},"loc":{"start":{"line":35,"column":29},"end":{"line":35,"column":77}}},"9":{"name":"(anonymous_9)","decl":{"start":{"line":36,"column":6},"end":{"line":36,"column":7}},"loc":{"start":{"line":36,"column":28},"end":{"line":36,"column":73}}},"10":{"name":"(anonymous_10)","decl":{"start":{"line":40,"column":6},"end":{"line":40,"column":7}},"loc":{"start":{"line":40,"column":18},"end":{"line":40,"column":39}}},"11":{"name":"(anonymous_11)","decl":{"start":{"line":41,"column":6},"end":{"line":41,"column":7}},"loc":{"start":{"line":41,"column":29},"end":{"line":41,"column":77}}},"12":{"name":"(anonymous_12)","decl":{"start":{"line":42,"column":6},"end":{"line":42,"column":7}},"loc":{"start":{"line":42,"column":28},"end":{"line":42,"column":73}}},"13":{"name":"(anonymous_13)","decl":{"start":{"line":46,"column":6},"end":{"line":46,"column":7}},"loc":{"start":{"line":46,"column":18},"end":{"line":46,"column":39}}},"14":{"name":"(anonymous_14)","decl":{"start":{"line":47,"column":6},"end":{"line":47,"column":7}},"loc":{"start":{"line":47,"column":29},"end":{"line":47,"column":77}}},"15":{"name":"(anonymous_15)","decl":{"start":{"line":48,"column":6},"end":{"line":48,"column":7}},"loc":{"start":{"line":48,"column":28},"end":{"line":48,"column":73}}}},"branchMap":{"0":{"loc":{"start":{"line":9,"column":2},"end":{"line":9,"column":13}},"type":"if","locations":[{"start":{"line":9,"column":2},"end":{"line":9,"column":13}},{"start":{"line":9,"column":2},"end":{"line":9,"column":13}}]},"1":{"loc":{"start":{"line":15,"column":2},"end":{"line":15,"column":15}},"type":"if","locations":[{"start":{"line":15,"column":2},"end":{"line":15,"column":15}},{"start":{"line":15,"column":2},"end":{"line":15,"column":15}}]},"2":{"loc":{"start":{"line":21,"column":2},"end":{"line":21,"column":15}},"type":"if","locations":[{"start":{"line":21,"column":2},"end":{"line":21,"column":15}},{"start":{"line":21,"column":2},"end":{"line":21,"column":15}}]},"3":{"loc":{"start":{"line":29,"column":21},"end":{"line":29,"column":18}},"type":"cond-expr","locations":[{"start":{"line":29,"column":21},"end":{"line":29,"column":18}},{"start":{"line":29,"column":37},"end":{"line":29,"column":53}}]},"4":{"loc":{"start":{"line":30,"column":43},"end":{"line":30,"column":40}},"type":"cond-expr","locations":[{"start":{"line":30,"column":43},"end":{"line":30,"column":40}},{"start":{"line":30,"column":76},"end":{"line":30,"column":99}}]},"5":{"loc":{"start":{"line":31,"column":41},"end":{"line":31,"column":38}},"type":"cond-expr","locations":[{"start":{"line":31,"column":41},"end":{"line":31,"column":38}},{"start":{"line":31,"column":72},"end":{"line":31,"column":94}}]},"6":{"loc":{"start":{"line":34,"column":18},"end":{"line":34,"column":20}},"type":"binary-expr","locations":[{"start":{"line":34,"column":18},"end":{"line":34,"column":20}},{"start":{"line":34,"column":24},"end":{"line":34,"column":39}}]},"7":{"loc":{"start":{"line":35,"column":29},"end":{"line":35,"column":42}},"type":"binary-expr","locations":[{"start":{"line":35,"column":29},"end":{"line":35,"column":42}},{"start":{"line":35,"column":46},"end":{"line":35,"column":77}}]},"8":{"loc":{"start":{"line":36,"column":28},"end":{"line":36,"column":40}},"type":"binary-expr","locations":[{"start":{"line":36,"column":28},"end":{"line":36,"column":40}},{"start":{"line":36,"column":44},"end":{"line":36,"column":73}}]},"9":{"loc":{"start":{"line":40,"column":18},"end":{"line":40,"column":20}},"type":"binary-expr","locations":[{"start":{"line":40,"column":18},"end":{"line":40,"column":20}},{"start":{"line":40,"column":24},"end":{"line":40,"column":39}}]},"10":{"loc":{"start":{"line":41,"column":29},"end":{"line":41,"column":42}},"type":"binary-expr","locations":[{"start":{"line":41,"column":29},"end":{"line":41,"column":42}},{"start":{"line":41,"column":46},"end":{"line":41,"column":77}}]},"11":{"loc":{"start":{"line":42,"column":28},"end":{"line":42,"column":40}},"type":"binary-expr","locations":[{"start":{"line":42,"column":28},"end":{"line":42,"column":40}},{"start":{"line":42,"column":44},"end":{"line":42,"column":73}}]},"12":{"loc":{"start":{"line":46,"column":18},"end":{"line":46,"column":20}},"type":"binary-expr","locations":[{"start":{"line":46,"column":18},"end":{"line":46,"column":20}},{"start":{"line":46,"column":24},"end":{"line":46,"column":39}}]},"13":{"loc":{"start":{"line":47,"column":29},"end":{"line":47,"column":42}},"type":"binary-expr","locations":[{"start":{"line":47,"column":29},"end":{"line":47,"column":42}},{"start":{"line":47,"column":46},"end":{"line":47,"column":77}}]},"14":{"loc":{"start":{"line":48,"column":28},"end":{"line":48,"column":40}},"type":"binary-expr","locations":[{"start":{"line":48,"column":28},"end":{"line":48,"column":40}},{"start":{"line":48,"column":44},"end":{"line":48,"column":73}}]}},"s":{"0":0,"1":0,"2":0,"3":0,"4":0,"5":0,"6":0,"7":0,"8":0,"9":0,"10":0,"11":0,"12":0,"13":0,"14":0,"15":0,"16":0,"17":0,"18":0,"19":0,"20":0,"21":0,"22":0},"f":{"0":0,"1":0,"2":0,"3":0,"4":0,"5":0,"6":0,"7":0,"8":0,"9":0,"10":0,"11":0,"12":0,"13":0,"14":0,"15":0},"b":{"0":[0,0],"1":[0,0],"2":[0,0],"3":[0,0],"4":[0,0],"5":[0,0],"6":[0,0],"7":[0,0],"8":[0,0],"9":[0,0],"10":[0,0],"11":[0,0],"12":[0,0],"13":[0,0],"14":[0,0]}}
,"D:\\Progetti\\valerio\\weird-text\\src\\components\\Column.jsx": {"path":"D:\\Progetti\\valerio\\weird-text\\src\\components\\Column.jsx","statementMap":{"0":{"start":{"line":5,"column":2},"end":{"line":5,"column":25}},"1":{"start":{"line":9,"column":2},"end":{"line":9,"column":20}},"2":{"start":{"line":9,"column":13},"end":{"line":9,"column":20}},"3":{"start":{"line":11,"column":2},"end":{"line":11,"column":38}},"4":{"start":{"line":15,"column":2},"end":{"line":15,"column":22}},"5":{"start":{"line":15,"column":15},"end":{"line":15,"column":22}},"6":{"start":{"line":17,"column":2},"end":{"line":17,"column":45}},"7":{"start":{"line":21,"column":2},"end":{"line":21,"column":22}},"8":{"start":{"line":21,"column":15},"end":{"line":21,"column":22}},"9":{"start":{"line":23,"column":2},"end":{"line":23,"column":46}},"10":{"start":{"line":29,"column":16},"end":{"line":29,"column":51}},"11":{"start":{"line":30,"column":27},"end":{"line":30,"column":97}},"12":{"start":{"line":31,"column":26},"end":{"line":31,"column":92}},"13":{"start":{"line":34,"column":18},"end":{"line":34,"column":37}},"14":{"start":{"line":35,"column":29},"end":{"line":35,"column":76}},"15":{"start":{"line":36,"column":28},"end":{"line":36,"column":72}},"16":{"start":{"line":40,"column":18},"end":{"line":40,"column":37}},"17":{"start":{"line":41,"column":29},"end":{"line":41,"column":76}},"18":{"start":{"line":42,"column":28},"end":{"line":42,"column":72}},"19":{"start":{"line":46,"column":18},"end":{"line":46,"column":37}},"20":{"start":{"line":47,"column":29},"end":{"line":47,"column":76}},"21":{"start":{"line":48,"column":28},"end":{"line":48,"column":72}}},"fnMap":{"0":{"name":"colWidth","decl":{"start":{"line":4,"column":9},"end":{"line":4,"column":17}},"loc":{"start":{"line":4,"column":24},"end":{"line":6,"column":1}},"line":4},"1":{"name":"calcWidth","decl":{"start":{"line":8,"column":9},"end":{"line":8,"column":18}},"loc":{"start":{"line":8,"column":25},"end":{"line":12,"column":1}},"line":8},"2":{"name":"calcLeftOffset","decl":{"start":{"line":14,"column":9},"end":{"line":14,"column":23}},"loc":{"start":{"line":14,"column":32},"end":{"line":18,"column":1}},"line":14},"3":{"name":"calcRightOffset","decl":{"start":{"line":20,"column":9},"end":{"line":20,"column":24}},"loc":{"start":{"line":20,"column":33},"end":{"line":24,"column":1}},"line":20},"4":{"name":"(anonymous_4)","decl":{"start":{"line":29,"column":4},"end":{"line":29,"column":5}},"loc":{"start":{"line":29,"column":16},"end":{"line":29,"column":51}},"line":29},"5":{"name":"(anonymous_5)","decl":{"start":{"line":30,"column":4},"end":{"line":30,"column":5}},"loc":{"start":{"line":30,"column":27},"end":{"line":30,"column":97}},"line":30},"6":{"name":"(anonymous_6)","decl":{"start":{"line":31,"column":4},"end":{"line":31,"column":5}},"loc":{"start":{"line":31,"column":26},"end":{"line":31,"column":92}},"line":31},"7":{"name":"(anonymous_7)","decl":{"start":{"line":34,"column":6},"end":{"line":34,"column":7}},"loc":{"start":{"line":34,"column":18},"end":{"line":34,"column":37}},"line":34},"8":{"name":"(anonymous_8)","decl":{"start":{"line":35,"column":6},"end":{"line":35,"column":7}},"loc":{"start":{"line":35,"column":29},"end":{"line":35,"column":76}},"line":35},"9":{"name":"(anonymous_9)","decl":{"start":{"line":36,"column":6},"end":{"line":36,"column":7}},"loc":{"start":{"line":36,"column":28},"end":{"line":36,"column":72}},"line":36},"10":{"name":"(anonymous_10)","decl":{"start":{"line":40,"column":6},"end":{"line":40,"column":7}},"loc":{"start":{"line":40,"column":18},"end":{"line":40,"column":37}},"line":40},"11":{"name":"(anonymous_11)","decl":{"start":{"line":41,"column":6},"end":{"line":41,"column":7}},"loc":{"start":{"line":41,"column":29},"end":{"line":41,"column":76}},"line":41},"12":{"name":"(anonymous_12)","decl":{"start":{"line":42,"column":6},"end":{"line":42,"column":7}},"loc":{"start":{"line":42,"column":28},"end":{"line":42,"column":72}},"line":42},"13":{"name":"(anonymous_13)","decl":{"start":{"line":46,"column":6},"end":{"line":46,"column":7}},"loc":{"start":{"line":46,"column":18},"end":{"line":46,"column":37}},"line":46},"14":{"name":"(anonymous_14)","decl":{"start":{"line":47,"column":6},"end":{"line":47,"column":7}},"loc":{"start":{"line":47,"column":29},"end":{"line":47,"column":76}},"line":47},"15":{"name":"(anonymous_15)","decl":{"start":{"line":48,"column":6},"end":{"line":48,"column":7}},"loc":{"start":{"line":48,"column":28},"end":{"line":48,"column":72}},"line":48}},"branchMap":{"0":{"loc":{"start":{"line":9,"column":2},"end":{"line":9,"column":20}},"type":"if","locations":[{"start":{"line":9,"column":2},"end":{"line":9,"column":20}},{"start":{"line":9,"column":2},"end":{"line":9,"column":20}}],"line":9},"1":{"loc":{"start":{"line":15,"column":2},"end":{"line":15,"column":22}},"type":"if","locations":[{"start":{"line":15,"column":2},"end":{"line":15,"column":22}},{"start":{"line":15,"column":2},"end":{"line":15,"column":22}}],"line":15},"2":{"loc":{"start":{"line":21,"column":2},"end":{"line":21,"column":22}},"type":"if","locations":[{"start":{"line":21,"column":2},"end":{"line":21,"column":22}},{"start":{"line":21,"column":2},"end":{"line":21,"column":22}}],"line":21},"3":{"loc":{"start":{"line":29,"column":16},"end":{"line":29,"column":51}},"type":"cond-expr","locations":[{"start":{"line":29,"column":21},"end":{"line":29,"column":34}},{"start":{"line":29,"column":37},"end":{"line":29,"column":51}}],"line":29},"4":{"loc":{"start":{"line":30,"column":27},"end":{"line":30,"column":97}},"type":"cond-expr","locations":[{"start":{"line":30,"column":43},"end":{"line":30,"column":73}},{"start":{"line":30,"column":76},"end":{"line":30,"column":97}}],"line":30},"5":{"loc":{"start":{"line":31,"column":26},"end":{"line":31,"column":92}},"type":"cond-expr","locations":[{"start":{"line":31,"column":41},"end":{"line":31,"column":69}},{"start":{"line":31,"column":72},"end":{"line":31,"column":92}}],"line":31},"6":{"loc":{"start":{"line":34,"column":18},"end":{"line":34,"column":37}},"type":"binary-expr","locations":[{"start":{"line":34,"column":18},"end":{"line":34,"column":20}},{"start":{"line":34,"column":24},"end":{"line":34,"column":37}}],"line":34},"7":{"loc":{"start":{"line":35,"column":29},"end":{"line":35,"column":76}},"type":"binary-expr","locations":[{"start":{"line":35,"column":29},"end":{"line":35,"column":42}},{"start":{"line":35,"column":46},"end":{"line":35,"column":76}}],"line":35},"8":{"loc":{"start":{"line":36,"column":28},"end":{"line":36,"column":72}},"type":"binary-expr","locations":[{"start":{"line":36,"column":28},"end":{"line":36,"column":40}},{"start":{"line":36,"column":44},"end":{"line":36,"column":72}}],"line":36},"9":{"loc":{"start":{"line":40,"column":18},"end":{"line":40,"column":37}},"type":"binary-expr","locations":[{"start":{"line":40,"column":18},"end":{"line":40,"column":20}},{"start":{"line":40,"column":24},"end":{"line":40,"column":37}}],"line":40},"10":{"loc":{"start":{"line":41,"column":29},"end":{"line":41,"column":76}},"type":"binary-expr","locations":[{"start":{"line":41,"column":29},"end":{"line":41,"column":42}},{"start":{"line":41,"column":46},"end":{"line":41,"column":76}}],"line":41},"11":{"loc":{"start":{"line":42,"column":28},"end":{"line":42,"column":72}},"type":"binary-expr","locations":[{"start":{"line":42,"column":28},"end":{"line":42,"column":40}},{"start":{"line":42,"column":44},"end":{"line":42,"column":72}}],"line":42},"12":{"loc":{"start":{"line":46,"column":18},"end":{"line":46,"column":37}},"type":"binary-expr","locations":[{"start":{"line":46,"column":18},"end":{"line":46,"column":20}},{"start":{"line":46,"column":24},"end":{"line":46,"column":37}}],"line":46},"13":{"loc":{"start":{"line":47,"column":29},"end":{"line":47,"column":76}},"type":"binary-expr","locations":[{"start":{"line":47,"column":29},"end":{"line":47,"column":42}},{"start":{"line":47,"column":46},"end":{"line":47,"column":76}}],"line":47},"14":{"loc":{"start":{"line":48,"column":28},"end":{"line":48,"column":72}},"type":"binary-expr","locations":[{"start":{"line":48,"column":28},"end":{"line":48,"column":40}},{"start":{"line":48,"column":44},"end":{"line":48,"column":72}}],"line":48}},"s":{"0":60,"1":30,"2":0,"3":30,"4":30,"5":0,"6":30,"7":0,"8":0,"9":0,"10":15,"11":15,"12":15,"13":15,"14":15,"15":15,"16":15,"17":15,"18":15,"19":15,"20":15,"21":15},"f":{"0":60,"1":30,"2":30,"3":0,"4":15,"5":15,"6":15,"7":15,"8":15,"9":15,"10":15,"11":15,"12":15,"13":15,"14":15,"15":15},"b":{"0":[0,30],"1":[0,30],"2":[0,0],"3":[0,15],"4":[0,15],"5":[0,15],"6":[15,15],"7":[15,0],"8":[15,15],"9":[15,15],"10":[15,0],"11":[15,15],"12":[15,0],"13":[15,0],"14":[15,0]},"_coverageSchema":"332fd63041d2c1bcb487cc26dd0d5f7d97098a6c","hash":"c447216d9986431f9c4c602d530ad6b2ce235d0e"}
,"D:\\Progetti\\valerio\\weird-text\\src\\components\\DecoderText.jsx": {"path":"D:\\Progetti\\valerio\\weird-text\\src\\components\\DecoderText.jsx","statementMap":{"0":{"start":{"line":16,"column":20},"end":{"line":98,"column":1}},"1":{"start":{"line":20,"column":44},"end":{"line":20,"column":58}},"2":{"start":{"line":21,"column":44},"end":{"line":21,"column":56}},"3":{"start":{"line":22,"column":30},"end":{"line":22,"column":42}},"4":{"start":{"line":23,"column":42},"end":{"line":23,"column":54}},"5":{"start":{"line":25,"column":36},"end":{"line":33,"column":3}},"6":{"start":{"line":26,"column":4},"end":{"line":32,"column":5}},"7":{"start":{"line":27,"column":6},"end":{"line":27,"column":88}},"8":{"start":{"line":28,"column":6},"end":{"line":28,"column":25}},"9":{"start":{"line":29,"column":6},"end":{"line":29,"column":19}},"10":{"start":{"line":31,"column":6},"end":{"line":31,"column":28}},"11":{"start":{"line":35,"column":32},"end":{"line":48,"column":3}},"12":{"start":{"line":36,"column":18},"end":{"line":36,"column":32}},"13":{"start":{"line":37,"column":23},"end":{"line":37,"column":39}},"14":{"start":{"line":39,"column":4},"end":{"line":39,"column":20}},"15":{"start":{"line":40,"column":4},"end":{"line":47,"column":6}},"16":{"start":{"line":50,"column":2},"end":{"line":97,"column":6}},"17":{"start":{"line":72,"column":31},"end":{"line":72,"column":62}},"18":{"start":{"line":100,"column":0},"end":{"line":104,"column":2}},"19":{"start":{"line":106,"column":0},"end":{"line":108,"column":2}}},"fnMap":{"0":{"name":"(anonymous_0)","decl":{"start":{"line":16,"column":20},"end":{"line":16,"column":21}},"loc":{"start":{"line":19,"column":6},"end":{"line":98,"column":1}},"line":19},"1":{"name":"(anonymous_1)","decl":{"start":{"line":25,"column":36},"end":{"line":25,"column":37}},"loc":{"start":{"line":25,"column":43},"end":{"line":33,"column":3}},"line":25},"2":{"name":"(anonymous_2)","decl":{"start":{"line":35,"column":32},"end":{"line":35,"column":33}},"loc":{"start":{"line":35,"column":39},"end":{"line":48,"column":3}},"line":35},"3":{"name":"(anonymous_3)","decl":{"start":{"line":72,"column":26},"end":{"line":72,"column":27}},"loc":{"start":{"line":72,"column":31},"end":{"line":72,"column":62}},"line":72}},"branchMap":{"0":{"loc":{"start":{"line":26,"column":4},"end":{"line":32,"column":5}},"type":"if","locations":[{"start":{"line":26,"column":4},"end":{"line":32,"column":5}},{"start":{"line":26,"column":4},"end":{"line":32,"column":5}}],"line":26},"1":{"loc":{"start":{"line":50,"column":9},"end":{"line":97,"column":5}},"type":"binary-expr","locations":[{"start":{"line":50,"column":9},"end":{"line":50,"column":20}},{"start":{"line":51,"column":4},"end":{"line":51,"column":26}},{"start":{"line":53,"column":6},"end":{"line":96,"column":12}}],"line":50},"2":{"loc":{"start":{"line":63,"column":13},"end":{"line":66,"column":13}},"type":"binary-expr","locations":[{"start":{"line":63,"column":13},"end":{"line":63,"column":25}},{"start":{"line":64,"column":14},"end":{"line":65,"column":41}}],"line":63},"3":{"loc":{"start":{"line":74,"column":15},"end":{"line":83,"column":15}},"type":"binary-expr","locations":[{"start":{"line":74,"column":15},"end":{"line":74,"column":28}},{"start":{"line":75,"column":16},"end":{"line":82,"column":19}}],"line":74},"4":{"loc":{"start":{"line":85,"column":13},"end":{"line":93,"column":13}},"type":"binary-expr","locations":[{"start":{"line":85,"column":13},"end":{"line":85,"column":24}},{"start":{"line":85,"column":28},"end":{"line":85,"column":50}},{"start":{"line":86,"column":14},"end":{"line":92,"column":32}}],"line":85}},"s":{"0":2,"1":9,"2":9,"3":9,"4":9,"5":9,"6":2,"7":1,"8":1,"9":1,"10":1,"11":9,"12":1,"13":1,"14":1,"15":1,"16":9,"17":2,"18":2,"19":2},"f":{"0":9,"1":2,"2":1,"3":2},"b":{"0":[1,1],"1":[9,8,8],"2":[8,1],"3":[8,7],"4":[8,1,1]},"_coverageSchema":"332fd63041d2c1bcb487cc26dd0d5f7d97098a6c","hash":"3f6c2cfc421f93cbede9d84fa3b27375d369148e"}
,"d:\\Progetti\\valerio\\weird-text\\src\\components\\DecoderText.jsx": {"path":"d:\\Progetti\\valerio\\weird-text\\src\\components\\DecoderText.jsx","statementMap":{"0":{"start":{"line":2,"column":0},"end":{"line":null,"column":-1}},"1":{"start":{"line":3,"column":0},"end":{"line":null,"column":-1}},"2":{"start":{"line":6,"column":0},"end":{"line":null,"column":-1}},"3":{"start":{"line":7,"column":0},"end":{"line":null,"column":-1}},"4":{"start":{"line":8,"column":0},"end":{"line":null,"column":-1}},"5":{"start":{"line":9,"column":0},"end":{"line":null,"column":-1}},"6":{"start":{"line":10,"column":0},"end":{"line":null,"column":-1}},"7":{"start":{"line":11,"column":0},"end":{"line":null,"column":-1}},"8":{"start":{"line":12,"column":0},"end":{"line":null,"column":-1}},"9":{"start":{"line":13,"column":0},"end":{"line":null,"column":-1}},"10":{"start":{"line":14,"column":0},"end":{"line":null,"column":-1}},"11":{"start":{"line":16,"column":20},"end":{"line":16,"column":0}},"12":{"start":{"line":20,"column":44},"end":{"line":19,"column":6}},"13":{"start":{"line":19,"column":6},"end":{"line":null,"column":-1}},"14":{"start":{"line":21,"column":44},"end":{"line":19,"column":6}},"15":{"start":{"line":22,"column":30},"end":{"line":19,"column":6}},"16":{"start":{"line":23,"column":42},"end":{"line":19,"column":6}},"17":{"start":{"line":25,"column":37},"end":{"line":25,"column":2}},"18":{"start":{"line":26,"column":4},"end":{"line":32,"column":5}},"19":{"start":{"line":27,"column":6},"end":{"line":null,"column":-1}},"20":{"start":{"line":28,"column":6},"end":{"line":null,"column":-1}},"21":{"start":{"line":29,"column":6},"end":{"line":null,"column":-1}},"22":{"start":{"line":31,"column":6},"end":{"line":null,"column":-1}},"23":{"start":{"line":35,"column":33},"end":{"line":35,"column":2}},"24":{"start":{"line":36,"column":18},"end":{"line":36,"column":4}},"25":{"start":{"line":37,"column":23},"end":{"line":37,"column":4}},"26":{"start":{"line":39,"column":4},"end":{"line":null,"column":-1}},"27":{"start":{"line":40,"column":4},"end":{"line":null,"column":-1}},"28":{"start":{"line":50,"column":2},"end":{"line":null,"column":-1}},"29":{"start":{"line":72,"column":31},"end":{"line":69,"column":14}},"30":{"start":{"line":100,"column":0},"end":{"line":null,"column":-1}},"31":{"start":{"line":106,"column":0},"end":{"line":null,"column":-1}}},"fnMap":{"0":{"name":"(anonymous_0)","decl":{"start":{"line":16,"column":20},"end":{"line":16,"column":21}},"loc":{"start":{"line":19,"column":6},"end":{"line":16,"column":0}}},"1":{"name":"(anonymous_1)","decl":{"start":{"line":25,"column":37},"end":{"line":25,"column":36}},"loc":{"start":{"line":25,"column":43},"end":{"line":25,"column":2}}},"2":{"name":"(anonymous_2)","decl":{"start":{"line":35,"column":33},"end":{"line":35,"column":32}},"loc":{"start":{"line":35,"column":39},"end":{"line":35,"column":2}}},"3":{"name":"(anonymous_3)","decl":{"start":{"line":72,"column":26},"end":{"line":72,"column":27}},"loc":{"start":{"line":72,"column":31},"end":{"line":69,"column":14}}}},"branchMap":{"0":{"loc":{"start":{"line":26,"column":4},"end":{"line":32,"column":5}},"type":"if","locations":[{"start":{"line":26,"column":4},"end":{"line":32,"column":5}},{"start":{"line":26,"column":4},"end":{"line":32,"column":5}}]},"1":{"loc":{"start":{"line":50,"column":9},"end":{"line":50,"column":20}},"type":"binary-expr","locations":[{"start":{"line":50,"column":9},"end":{"line":50,"column":20}},{"start":{"line":51,"column":4},"end":{"line":50,"column":9}},{"start":{"line":53,"column":6},"end":{"line":50,"column":2}}]},"2":{"loc":{"start":{"line":63,"column":13},"end":{"line":63,"column":25}},"type":"binary-expr","locations":[{"start":{"line":63,"column":13},"end":{"line":63,"column":25}},{"start":{"line":64,"column":14},"end":{"line":59,"column":10}}]},"3":{"loc":{"start":{"line":74,"column":15},"end":{"line":74,"column":14}},"type":"binary-expr","locations":[{"start":{"line":74,"column":15},"end":{"line":74,"column":14}},{"start":{"line":75,"column":16},"end":{"line":67,"column":12}}]},"4":{"loc":{"start":{"line":85,"column":13},"end":{"line":85,"column":24}},"type":"binary-expr","locations":[{"start":{"line":85,"column":13},"end":{"line":85,"column":24}},{"start":{"line":85,"column":28},"end":{"line":85,"column":13}},{"start":{"line":86,"column":14},"end":{"line":59,"column":10}}]}},"s":{"0":0,"1":0,"2":0,"3":0,"4":0,"5":0,"6":0,"7":0,"8":0,"9":0,"10":0,"11":0,"12":0,"13":0,"14":0,"15":0,"16":0,"17":0,"18":0,"19":0,"20":0,"21":0,"22":0,"23":0,"24":0,"25":0,"26":0,"27":0,"28":0,"29":0,"30":0,"31":0},"f":{"0":0,"1":0,"2":0,"3":0},"b":{"0":[0,0],"1":[0,0,0],"2":[0,0],"3":[0,0],"4":[0,0,0]}}
,"D:\\Progetti\\valerio\\weird-text\\src\\components\\EncoderText.jsx": {"path":"D:\\Progetti\\valerio\\weird-text\\src\\components\\EncoderText.jsx","statementMap":{"0":{"start":{"line":15,"column":32},"end":{"line":37,"column":1}},"1":{"start":{"line":24,"column":35},"end":{"line":24,"column":53}},"2":{"start":{"line":34,"column":22},"end":{"line":34,"column":40}},"3":{"start":{"line":39,"column":20},"end":{"line":111,"column":1}},"4":{"start":{"line":44,"column":44},"end":{"line":44,"column":56}},"5":{"start":{"line":45,"column":43},"end":{"line":45,"column":55}},"6":{"start":{"line":47,"column":24},"end":{"line":57,"column":3}},"7":{"start":{"line":48,"column":24},"end":{"line":48,"column":38}},"8":{"start":{"line":49,"column":26},"end":{"line":52,"column":5}},"9":{"start":{"line":54,"column":4},"end":{"line":54,"column":33}},"10":{"start":{"line":55,"column":4},"end":{"line":55,"column":39}},"11":{"start":{"line":56,"column":4},"end":{"line":56,"column":41}},"12":{"start":{"line":59,"column":2},"end":{"line":110,"column":3}},"13":{"start":{"line":98,"column":22},"end":{"line":100,"column":27}},"14":{"start":{"line":113,"column":0},"end":{"line":117,"column":2}},"15":{"start":{"line":119,"column":0},"end":{"line":121,"column":2}}},"fnMap":{"0":{"name":"(anonymous_0)","decl":{"start":{"line":24,"column":26},"end":{"line":24,"column":27}},"loc":{"start":{"line":24,"column":35},"end":{"line":24,"column":53}},"line":24},"1":{"name":"(anonymous_1)","decl":{"start":{"line":34,"column":13},"end":{"line":34,"column":14}},"loc":{"start":{"line":34,"column":22},"end":{"line":34,"column":40}},"line":34},"2":{"name":"(anonymous_2)","decl":{"start":{"line":39,"column":20},"end":{"line":39,"column":21}},"loc":{"start":{"line":43,"column":6},"end":{"line":111,"column":1}},"line":43},"3":{"name":"(anonymous_3)","decl":{"start":{"line":47,"column":24},"end":{"line":47,"column":25}},"loc":{"start":{"line":47,"column":31},"end":{"line":57,"column":3}},"line":47},"4":{"name":"(anonymous_4)","decl":{"start":{"line":97,"column":36},"end":{"line":97,"column":37}},"loc":{"start":{"line":98,"column":22},"end":{"line":100,"column":27}},"line":98}},"branchMap":{"0":{"loc":{"start":{"line":79,"column":11},"end":{"line":106,"column":11}},"type":"binary-expr","locations":[{"start":{"line":79,"column":11},"end":{"line":79,"column":22}},{"start":{"line":80,"column":12},"end":{"line":105,"column":38}}],"line":79},"1":{"loc":{"start":{"line":83,"column":15},"end":{"line":87,"column":15}},"type":"binary-expr","locations":[{"start":{"line":83,"column":15},"end":{"line":83,"column":26}},{"start":{"line":84,"column":16},"end":{"line":86,"column":20}}],"line":83},"2":{"loc":{"start":{"line":90,"column":15},"end":{"line":94,"column":15}},"type":"binary-expr","locations":[{"start":{"line":90,"column":15},"end":{"line":90,"column":40}},{"start":{"line":91,"column":16},"end":{"line":93,"column":20}}],"line":90},"3":{"loc":{"start":{"line":95,"column":15},"end":{"line":104,"column":15}},"type":"binary-expr","locations":[{"start":{"line":95,"column":15},"end":{"line":95,"column":38}},{"start":{"line":96,"column":16},"end":{"line":103,"column":21}}],"line":95}},"s":{"0":2,"1":2,"2":2,"3":2,"4":7,"5":7,"6":7,"7":2,"8":2,"9":2,"10":2,"11":2,"12":7,"13":2,"14":2,"15":2},"f":{"0":2,"1":2,"2":7,"3":2,"4":2},"b":{"0":[7,2],"1":[2,2],"2":[2,1],"3":[2,1]},"_coverageSchema":"332fd63041d2c1bcb487cc26dd0d5f7d97098a6c","hash":"b80c71ed43370593bbc332392ecceb810a2e3e2c"}
,"d:\\Progetti\\valerio\\weird-text\\src\\components\\EncoderText.jsx": {"path":"d:\\Progetti\\valerio\\weird-text\\src\\components\\EncoderText.jsx","statementMap":{"0":{"start":{"line":2,"column":0},"end":{"line":null,"column":-1}},"1":{"start":{"line":3,"column":0},"end":{"line":null,"column":-1}},"2":{"start":{"line":4,"column":0},"end":{"line":null,"column":-1}},"3":{"start":{"line":7,"column":0},"end":{"line":null,"column":-1}},"4":{"start":{"line":8,"column":0},"end":{"line":null,"column":-1}},"5":{"start":{"line":9,"column":0},"end":{"line":null,"column":-1}},"6":{"start":{"line":10,"column":0},"end":{"line":null,"column":-1}},"7":{"start":{"line":11,"column":0},"end":{"line":null,"column":-1}},"8":{"start":{"line":12,"column":0},"end":{"line":null,"column":-1}},"9":{"start":{"line":13,"column":0},"end":{"line":null,"column":-1}},"10":{"start":{"line":15,"column":32},"end":{"line":15,"column":0}},"11":{"start":{"line":24,"column":35},"end":{"line":24,"column":55}},"12":{"start":{"line":34,"column":22},"end":{"line":34,"column":42}},"13":{"start":{"line":39,"column":20},"end":{"line":39,"column":0}},"14":{"start":{"line":44,"column":44},"end":{"line":43,"column":6}},"15":{"start":{"line":43,"column":6},"end":{"line":null,"column":-1}},"16":{"start":{"line":45,"column":43},"end":{"line":43,"column":6}},"17":{"start":{"line":47,"column":25},"end":{"line":47,"column":2}},"18":{"start":{"line":48,"column":24},"end":{"line":48,"column":4}},"19":{"start":{"line":49,"column":26},"end":{"line":49,"column":4}},"20":{"start":{"line":54,"column":4},"end":{"line":null,"column":-1}},"21":{"start":{"line":55,"column":4},"end":{"line":null,"column":-1}},"22":{"start":{"line":56,"column":4},"end":{"line":null,"column":-1}},"23":{"start":{"line":59,"column":2},"end":{"line":null,"column":-1}},"24":{"start":{"line":98,"column":22},"end":{"line":97,"column":19}},"25":{"start":{"line":113,"column":0},"end":{"line":null,"column":-1}},"26":{"start":{"line":119,"column":0},"end":{"line":null,"column":-1}}},"fnMap":{"0":{"name":"(anonymous_0)","decl":{"start":{"line":24,"column":26},"end":{"line":24,"column":30}},"loc":{"start":{"line":24,"column":35},"end":{"line":24,"column":55}}},"1":{"name":"(anonymous_1)","decl":{"start":{"line":34,"column":13},"end":{"line":34,"column":17}},"loc":{"start":{"line":34,"column":22},"end":{"line":34,"column":42}}},"2":{"name":"(anonymous_2)","decl":{"start":{"line":39,"column":20},"end":{"line":39,"column":21}},"loc":{"start":{"line":43,"column":6},"end":{"line":39,"column":0}}},"3":{"name":"(anonymous_3)","decl":{"start":{"line":47,"column":25},"end":{"line":47,"column":24}},"loc":{"start":{"line":47,"column":31},"end":{"line":47,"column":2}}},"4":{"name":"(anonymous_4)","decl":{"start":{"line":97,"column":36},"end":{"line":97,"column":37}},"loc":{"start":{"line":98,"column":22},"end":{"line":97,"column":19}}}},"branchMap":{"0":{"loc":{"start":{"line":79,"column":11},"end":{"line":79,"column":22}},"type":"binary-expr","locations":[{"start":{"line":79,"column":11},"end":{"line":79,"column":22}},{"start":{"line":80,"column":12},"end":{"line":66,"column":8}}]},"1":{"loc":{"start":{"line":83,"column":15},"end":{"line":83,"column":26}},"type":"binary-expr","locations":[{"start":{"line":83,"column":15},"end":{"line":83,"column":26}},{"start":{"line":84,"column":16},"end":{"line":80,"column":12}}]},"2":{"loc":{"start":{"line":90,"column":15},"end":{"line":90,"column":14}},"type":"binary-expr","locations":[{"start":{"line":90,"column":15},"end":{"line":90,"column":14}},{"start":{"line":91,"column":16},"end":{"line":80,"column":12}}]},"3":{"loc":{"start":{"line":95,"column":15},"end":{"line":95,"column":14}},"type":"binary-expr","locations":[{"start":{"line":95,"column":15},"end":{"line":95,"column":14}},{"start":{"line":96,"column":16},"end":{"line":80,"column":12}}]}},"s":{"0":0,"1":0,"2":0,"3":0,"4":0,"5":0,"6":0,"7":0,"8":0,"9":0,"10":0,"11":0,"12":0,"13":0,"14":0,"15":0,"16":0,"17":0,"18":0,"19":0,"20":0,"21":0,"22":0,"23":0,"24":0,"25":0,"26":0},"f":{"0":0,"1":0,"2":0,"3":0,"4":0},"b":{"0":[0,0],"1":[0,0],"2":[0,0],"3":[0,0]}}
,"D:\\Progetti\\valerio\\weird-text\\src\\components\\ErrorMessage.jsx": {"path":"D:\\Progetti\\valerio\\weird-text\\src\\components\\ErrorMessage.jsx","statementMap":{"0":{"start":{"line":6,"column":18},"end":{"line":12,"column":1}},"1":{"start":{"line":9,"column":31},"end":{"line":9,"column":48}},"2":{"start":{"line":14,"column":21},"end":{"line":20,"column":1}},"3":{"start":{"line":15,"column":2},"end":{"line":19,"column":3}},"4":{"start":{"line":22,"column":0},"end":{"line":24,"column":2}},"5":{"start":{"line":26,"column":0},"end":{"line":28,"column":2}}},"fnMap":{"0":{"name":"(anonymous_0)","decl":{"start":{"line":9,"column":22},"end":{"line":9,"column":23}},"loc":{"start":{"line":9,"column":31},"end":{"line":9,"column":48}},"line":9},"1":{"name":"(anonymous_1)","decl":{"start":{"line":14,"column":21},"end":{"line":14,"column":22}},"loc":{"start":{"line":15,"column":2},"end":{"line":19,"column":3}},"line":15}},"branchMap":{"0":{"loc":{"start":{"line":15,"column":2},"end":{"line":19,"column":3}},"type":"binary-expr","locations":[{"start":{"line":15,"column":2},"end":{"line":15,"column":9}},{"start":{"line":16,"column":4},"end":{"line":18,"column":16}}],"line":15}},"s":{"0":3,"1":2,"2":3,"3":3,"4":3,"5":3},"f":{"0":2,"1":3},"b":{"0":[3,2]},"_coverageSchema":"332fd63041d2c1bcb487cc26dd0d5f7d97098a6c","hash":"019ffb7e8c396023b53d745768be3c45e7fc166f"}
,"d:\\Progetti\\valerio\\weird-text\\src\\components\\ErrorMessage.jsx": {"path":"d:\\Progetti\\valerio\\weird-text\\src\\components\\ErrorMessage.jsx","statementMap":{"0":{"start":{"line":2,"column":0},"end":{"line":null,"column":-1}},"1":{"start":{"line":3,"column":0},"end":{"line":null,"column":-1}},"2":{"start":{"line":4,"column":0},"end":{"line":null,"column":-1}},"3":{"start":{"line":6,"column":18},"end":{"line":6,"column":0}},"4":{"start":{"line":9,"column":31},"end":{"line":9,"column":50}},"5":{"start":{"line":14,"column":21},"end":{"line":14,"column":0}},"6":{"start":{"line":15,"column":2},"end":{"line":14,"column":0}},"7":{"start":{"line":22,"column":0},"end":{"line":null,"column":-1}},"8":{"start":{"line":26,"column":0},"end":{"line":null,"column":-1}}},"fnMap":{"0":{"name":"(anonymous_0)","decl":{"start":{"line":9,"column":22},"end":{"line":9,"column":26}},"loc":{"start":{"line":9,"column":31},"end":{"line":9,"column":50}}},"1":{"name":"(anonymous_1)","decl":{"start":{"line":14,"column":21},"end":{"line":14,"column":22}},"loc":{"start":{"line":15,"column":2},"end":{"line":14,"column":0}}}},"branchMap":{"0":{"loc":{"start":{"line":15,"column":2},"end":{"line":15,"column":9}},"type":"binary-expr","locations":[{"start":{"line":15,"column":2},"end":{"line":15,"column":9}},{"start":{"line":16,"column":4},"end":{"line":14,"column":0}}]}},"s":{"0":0,"1":0,"2":0,"3":0,"4":0,"5":0,"6":0,"7":0,"8":0},"f":{"0":0,"1":0},"b":{"0":[0,0]}}
,"d:\\Progetti\\valerio\\weird-text\\src\\components\\InputContainer.jsx": {"path":"d:\\Progetti\\valerio\\weird-text\\src\\components\\InputContainer.jsx","statementMap":{"0":{"start":{"line":2,"column":0},"end":{"line":null,"column":-1}}},"fnMap":{},"branchMap":{},"s":{"0":0},"f":{},"b":{}}
,"D:\\Progetti\\valerio\\weird-text\\src\\components\\InputContainer.jsx": {"path":"D:\\Progetti\\valerio\\weird-text\\src\\components\\InputContainer.jsx","statementMap":{},"fnMap":{},"branchMap":{},"s":{},"f":{},"b":{},"_coverageSchema":"332fd63041d2c1bcb487cc26dd0d5f7d97098a6c","hash":"22af624f852b153735fb03ac29f3318b4cbd8754"}
,"d:\\Progetti\\valerio\\weird-text\\src\\components\\OutputContainer.jsx": {"path":"d:\\Progetti\\valerio\\weird-text\\src\\components\\OutputContainer.jsx","statementMap":{"0":{"start":{"line":2,"column":0},"end":{"line":null,"column":-1}},"1":{"start":{"line":15,"column":35},"end":{"line":15,"column":59}}},"fnMap":{"0":{"name":"(anonymous_0)","decl":{"start":{"line":15,"column":26},"end":{"line":15,"column":30}},"loc":{"start":{"line":15,"column":35},"end":{"line":15,"column":59}}}},"branchMap":{},"s":{"0":0,"1":0},"f":{"0":0},"b":{}}
,"D:\\Progetti\\valerio\\weird-text\\src\\components\\OutputContainer.jsx": {"path":"D:\\Progetti\\valerio\\weird-text\\src\\components\\OutputContainer.jsx","statementMap":{"0":{"start":{"line":15,"column":35},"end":{"line":15,"column":58}}},"fnMap":{"0":{"name":"(anonymous_0)","decl":{"start":{"line":15,"column":26},"end":{"line":15,"column":27}},"loc":{"start":{"line":15,"column":35},"end":{"line":15,"column":58}},"line":15}},"branchMap":{},"s":{"0":3},"f":{"0":3},"b":{},"_coverageSchema":"332fd63041d2c1bcb487cc26dd0d5f7d97098a6c","hash":"0e8eb9776ba7e5d86e3f1386413dc963dd7cdf1b"}
,"D:\\Progetti\\valerio\\weird-text\\src\\components\\PageTitle.jsx": {"path":"D:\\Progetti\\valerio\\weird-text\\src\\components\\PageTitle.jsx","statementMap":{"0":{"start":{"line":8,"column":18},"end":{"line":18,"column":1}},"1":{"start":{"line":9,"column":2},"end":{"line":17,"column":8}}},"fnMap":{"0":{"name":"(anonymous_0)","decl":{"start":{"line":8,"column":18},"end":{"line":8,"column":19}},"loc":{"start":{"line":9,"column":2},"end":{"line":17,"column":8}},"line":9}},"branchMap":{},"s":{"0":1,"1":1},"f":{"0":1},"b":{},"_coverageSchema":"332fd63041d2c1bcb487cc26dd0d5f7d97098a6c","hash":"19e4db0675a1ed3968406643ad1bc3c2f0cbe52e"}
,"d:\\Progetti\\valerio\\weird-text\\src\\components\\PageTitle.jsx": {"path":"d:\\Progetti\\valerio\\weird-text\\src\\components\\PageTitle.jsx","statementMap":{"0":{"start":{"line":2,"column":0},"end":{"line":null,"column":-1}},"1":{"start":{"line":5,"column":0},"end":{"line":null,"column":-1}},"2":{"start":{"line":6,"column":0},"end":{"line":null,"column":-1}},"3":{"start":{"line":8,"column":18},"end":{"line":8,"column":0}},"4":{"start":{"line":9,"column":2},"end":{"line":8,"column":0}}},"fnMap":{"0":{"name":"(anonymous_0)","decl":{"start":{"line":8,"column":18},"end":{"line":9,"column":1}},"loc":{"start":{"line":9,"column":2},"end":{"line":8,"column":0}}}},"branchMap":{},"s":{"0":0,"1":0,"2":0,"3":0,"4":0},"f":{"0":0},"b":{}}
,"D:\\Progetti\\valerio\\weird-text\\src\\components\\Row.jsx": {"path":"D:\\Progetti\\valerio\\weird-text\\src\\components\\Row.jsx","statementMap":{},"fnMap":{},"branchMap":{},"s":{},"f":{},"b":{},"_coverageSchema":"332fd63041d2c1bcb487cc26dd0d5f7d97098a6c","hash":"439b8e3e015d0820845eea74cd648cb6609ccd01"}
,"d:\\Progetti\\valerio\\weird-text\\src\\components\\Row.jsx": {"path":"d:\\Progetti\\valerio\\weird-text\\src\\components\\Row.jsx","statementMap":{"0":{"start":{"line":2,"column":0},"end":{"line":null,"column":-1}}},"fnMap":{},"branchMap":{},"s":{"0":0},"f":{},"b":{}}
,"D:\\Progetti\\valerio\\weird-text\\src\\utils\\decoder.js": {"path":"D:\\Progetti\\valerio\\weird-text\\src\\utils\\decoder.js","statementMap":{"0":{"start":{"line":16,"column":2},"end":{"line":16,"column":79}},"1":{"start":{"line":16,"column":23},"end":{"line":16,"column":79}},"2":{"start":{"line":17,"column":2},"end":{"line":17,"column":96}},"3":{"start":{"line":17,"column":34},"end":{"line":17,"column":96}},"4":{"start":{"line":18,"column":2},"end":{"line":18,"column":120}},"5":{"start":{"line":18,"column":48},"end":{"line":18,"column":120}},"6":{"start":{"line":19,"column":2},"end":{"line":19,"column":106}},"7":{"start":{"line":19,"column":41},"end":{"line":19,"column":106}},"8":{"start":{"line":21,"column":26},"end":{"line":21,"column":49}},"9":{"start":{"line":23,"column":2},"end":{"line":23,"column":36}},"10":{"start":{"line":23,"column":24},"end":{"line":23,"column":36}},"11":{"start":{"line":25,"column":2},"end":{"line":37,"column":4}}},"fnMap":{"0":{"name":"simpleDecoder","decl":{"start":{"line":15,"column":16},"end":{"line":15,"column":29}},"loc":{"start":{"line":15,"column":79},"end":{"line":38,"column":1}},"line":15}},"branchMap":{"0":{"loc":{"start":{"line":16,"column":2},"end":{"line":16,"column":79}},"type":"if","locations":[{"start":{"line":16,"column":2},"end":{"line":16,"column":79}},{"start":{"line":16,"column":2},"end":{"line":16,"column":79}}],"line":16},"1":{"loc":{"start":{"line":17,"column":2},"end":{"line":17,"column":96}},"type":"if","locations":[{"start":{"line":17,"column":2},"end":{"line":17,"column":96}},{"start":{"line":17,"column":2},"end":{"line":17,"column":96}}],"line":17},"2":{"loc":{"start":{"line":18,"column":2},"end":{"line":18,"column":120}},"type":"if","locations":[{"start":{"line":18,"column":2},"end":{"line":18,"column":120}},{"start":{"line":18,"column":2},"end":{"line":18,"column":120}}],"line":18},"3":{"loc":{"start":{"line":19,"column":2},"end":{"line":19,"column":106}},"type":"if","locations":[{"start":{"line":19,"column":2},"end":{"line":19,"column":106}},{"start":{"line":19,"column":2},"end":{"line":19,"column":106}}],"line":19},"4":{"loc":{"start":{"line":23,"column":2},"end":{"line":23,"column":36}},"type":"if","locations":[{"start":{"line":23,"column":2},"end":{"line":23,"column":36}},{"start":{"line":23,"column":2},"end":{"line":23,"column":36}}],"line":23}},"s":{"0":28,"1":4,"2":24,"3":4,"4":20,"5":5,"6":15,"7":5,"8":10,"9":10,"10":2,"11":8},"f":{"0":28},"b":{"0":[4,24],"1":[4,20],"2":[5,15],"3":[5,10],"4":[2,8]},"_coverageSchema":"332fd63041d2c1bcb487cc26dd0d5f7d97098a6c","hash":"8488f0d7419e44e9f19df935844a813e301260c1"}
,"d:\\Progetti\\valerio\\weird-text\\src\\utils\\decoder.js": {"path":"d:\\Progetti\\valerio\\weird-text\\src\\utils\\decoder.js","statementMap":{"0":{"start":{"line":2,"column":0},"end":{"line":null,"column":-1}},"1":{"start":{"line":3,"column":0},"end":{"line":null,"column":-1}},"2":{"start":{"line":16,"column":2},"end":{"line":16,"column":23}},"3":{"start":{"line":16,"column":23},"end":{"line":null,"column":-1}},"4":{"start":{"line":17,"column":2},"end":{"line":17,"column":34}},"5":{"start":{"line":17,"column":34},"end":{"line":null,"column":-1}},"6":{"start":{"line":18,"column":2},"end":{"line":18,"column":48}},"7":{"start":{"line":18,"column":48},"end":{"line":null,"column":-1}},"8":{"start":{"line":19,"column":2},"end":{"line":19,"column":41}},"9":{"start":{"line":19,"column":41},"end":{"line":null,"column":-1}},"10":{"start":{"line":21,"column":26},"end":{"line":21,"column":2}},"11":{"start":{"line":23,"column":2},"end":{"line":23,"column":24}},"12":{"start":{"line":23,"column":24},"end":{"line":null,"column":-1}},"13":{"start":{"line":25,"column":2},"end":{"line":null,"column":-1}}},"fnMap":{"0":{"name":"simpleDecoder","decl":{"start":{"line":15,"column":16},"end":{"line":15,"column":7}},"loc":{"start":{"line":15,"column":79},"end":{"line":38,"column":1}}}},"branchMap":{"0":{"loc":{"start":{"line":16,"column":2},"end":{"line":16,"column":23}},"type":"if","locations":[{"start":{"line":16,"column":2},"end":{"line":16,"column":23}},{"start":{"line":16,"column":2},"end":{"line":16,"column":23}}]},"1":{"loc":{"start":{"line":17,"column":2},"end":{"line":17,"column":34}},"type":"if","locations":[{"start":{"line":17,"column":2},"end":{"line":17,"column":34}},{"start":{"line":17,"column":2},"end":{"line":17,"column":34}}]},"2":{"loc":{"start":{"line":18,"column":2},"end":{"line":18,"column":48}},"type":"if","locations":[{"start":{"line":18,"column":2},"end":{"line":18,"column":48}},{"start":{"line":18,"column":2},"end":{"line":18,"column":48}}]},"3":{"loc":{"start":{"line":19,"column":2},"end":{"line":19,"column":41}},"type":"if","locations":[{"start":{"line":19,"column":2},"end":{"line":19,"column":41}},{"start":{"line":19,"column":2},"end":{"line":19,"column":41}}]},"4":{"loc":{"start":{"line":23,"column":2},"end":{"line":23,"column":24}},"type":"if","locations":[{"start":{"line":23,"column":2},"end":{"line":23,"column":24}},{"start":{"line":23,"column":2},"end":{"line":23,"column":24}}]}},"s":{"0":0,"1":0,"2":0,"3":0,"4":0,"5":0,"6":0,"7":0,"8":0,"9":0,"10":0,"11":0,"12":0,"13":0},"f":{"0":0},"b":{"0":[0,0],"1":[0,0],"2":[0,0],"3":[0,0],"4":[0,0]}}
,"D:\\Progetti\\valerio\\weird-text\\src\\utils\\encoder.js": {"path":"D:\\Progetti\\valerio\\weird-text\\src\\utils\\encoder.js","statementMap":{"0":{"start":{"line":11,"column":39},"end":{"line":20,"column":1}},"1":{"start":{"line":11,"column":47},"end":{"line":20,"column":1}},"2":{"start":{"line":30,"column":31},"end":{"line":35,"column":1}},"3":{"start":{"line":30,"column":51},"end":{"line":35,"column":1}},"4":{"start":{"line":48,"column":2},"end":{"line":49,"column":60}},"5":{"start":{"line":49,"column":4},"end":{"line":49,"column":60}},"6":{"start":{"line":51,"column":2},"end":{"line":52,"column":75}},"7":{"start":{"line":52,"column":4},"end":{"line":52,"column":75}},"8":{"start":{"line":54,"column":26},"end":{"line":54,"column":49}},"9":{"start":{"line":56,"column":2},"end":{"line":60,"column":6}},"10":{"start":{"line":57,"column":4},"end":{"line":60,"column":6}},"11":{"start":{"line":62,"column":24},"end":{"line":65,"column":3}},"12":{"start":{"line":67,"column":2},"end":{"line":79,"column":4}}},"fnMap":{"0":{"name":"(anonymous_0)","decl":{"start":{"line":11,"column":39},"end":{"line":11,"column":40}},"loc":{"start":{"line":11,"column":47},"end":{"line":20,"column":1}},"line":11},"1":{"name":"(anonymous_1)","decl":{"start":{"line":30,"column":31},"end":{"line":30,"column":32}},"loc":{"start":{"line":30,"column":51},"end":{"line":35,"column":1}},"line":30},"2":{"name":"encoder","decl":{"start":{"line":47,"column":16},"end":{"line":47,"column":23}},"loc":{"start":{"line":47,"column":49},"end":{"line":80,"column":1}},"line":47}},"branchMap":{"0":{"loc":{"start":{"line":48,"column":2},"end":{"line":49,"column":60}},"type":"if","locations":[{"start":{"line":48,"column":2},"end":{"line":49,"column":60}},{"start":{"line":48,"column":2},"end":{"line":49,"column":60}}],"line":48},"1":{"loc":{"start":{"line":51,"column":2},"end":{"line":52,"column":75}},"type":"if","locations":[{"start":{"line":51,"column":2},"end":{"line":52,"column":75}},{"start":{"line":51,"column":2},"end":{"line":52,"column":75}}],"line":51},"2":{"loc":{"start":{"line":56,"column":2},"end":{"line":60,"column":6}},"type":"if","locations":[{"start":{"line":56,"column":2},"end":{"line":60,"column":6}},{"start":{"line":56,"column":2},"end":{"line":60,"column":6}}],"line":56}},"s":{"0":2,"1":8,"2":2,"3":8,"4":13,"5":1,"6":12,"7":1,"8":11,"9":11,"10":3,"11":8,"12":8},"f":{"0":8,"1":8,"2":13},"b":{"0":[1,12],"1":[1,11],"2":[3,8]},"_coverageSchema":"332fd63041d2c1bcb487cc26dd0d5f7d97098a6c","hash":"d25ebd5361825f76fcdfbd1129b5a6e678d65ba5"}
,"d:\\Progetti\\valerio\\weird-text\\src\\utils\\encoder.js": {"path":"d:\\Progetti\\valerio\\weird-text\\src\\utils\\encoder.js","statementMap":{"0":{"start":{"line":2,"column":0},"end":{"line":null,"column":-1}},"1":{"start":{"line":3,"column":0},"end":{"line":null,"column":-1}},"2":{"start":{"line":11,"column":39},"end":{"line":11,"column":0}},"3":{"start":{"line":11,"column":47},"end":{"line":11,"column":0}},"4":{"start":{"line":30,"column":31},"end":{"line":30,"column":0}},"5":{"start":{"line":30,"column":51},"end":{"line":30,"column":0}},"6":{"start":{"line":48,"column":2},"end":{"line":49,"column":4}},"7":{"start":{"line":49,"column":4},"end":{"line":null,"column":-1}},"8":{"start":{"line":51,"column":2},"end":{"line":52,"column":4}},"9":{"start":{"line":52,"column":4},"end":{"line":null,"column":-1}},"10":{"start":{"line":54,"column":26},"end":{"line":54,"column":2}},"11":{"start":{"line":56,"column":2},"end":{"line":57,"column":4}},"12":{"start":{"line":57,"column":4},"end":{"line":null,"column":-1}},"13":{"start":{"line":62,"column":24},"end":{"line":62,"column":2}},"14":{"start":{"line":67,"column":2},"end":{"line":null,"column":-1}}},"fnMap":{"0":{"name":"(anonymous_0)","decl":{"start":{"line":11,"column":39},"end":{"line":11,"column":42}},"loc":{"start":{"line":11,"column":47},"end":{"line":11,"column":0}}},"1":{"name":"(anonymous_1)","decl":{"start":{"line":30,"column":31},"end":{"line":30,"column":32}},"loc":{"start":{"line":30,"column":51},"end":{"line":30,"column":0}}},"2":{"name":"encoder","decl":{"start":{"line":47,"column":16},"end":{"line":47,"column":7}},"loc":{"start":{"line":47,"column":49},"end":{"line":80,"column":1}}}},"branchMap":{"0":{"loc":{"start":{"line":48,"column":2},"end":{"line":49,"column":4}},"type":"if","locations":[{"start":{"line":48,"column":2},"end":{"line":49,"column":4}},{"start":{"line":48,"column":2},"end":{"line":49,"column":4}}]},"1":{"loc":{"start":{"line":51,"column":2},"end":{"line":52,"column":4}},"type":"if","locations":[{"start":{"line":51,"column":2},"end":{"line":52,"column":4}},{"start":{"line":51,"column":2},"end":{"line":52,"column":4}}]},"2":{"loc":{"start":{"line":56,"column":2},"end":{"line":57,"column":4}},"type":"if","locations":[{"start":{"line":56,"column":2},"end":{"line":57,"column":4}},{"start":{"line":56,"column":2},"end":{"line":57,"column":4}}]}},"s":{"0":0,"1":0,"2":0,"3":0,"4":0,"5":0,"6":0,"7":0,"8":0,"9":0,"10":0,"11":0,"12":0,"13":0,"14":0},"f":{"0":0,"1":0,"2":0},"b":{"0":[0,0],"1":[0,0],"2":[0,0]}}
,"D:\\Progetti\\valerio\\weird-text\\src\\utils\\selection-criteria.js": {"path":"D:\\Progetti\\valerio\\weird-text\\src\\utils\\selection-criteria.js","statementMap":{"0":{"start":{"line":14,"column":38},"end":{"line":31,"column":4}},"1":{"start":{"line":15,"column":13},"end":{"line":15,"column":32}},"2":{"start":{"line":17,"column":2},"end":{"line":30,"column":4}},"3":{"start":{"line":18,"column":4},"end":{"line":19,"column":62}},"4":{"start":{"line":19,"column":6},"end":{"line":19,"column":62}},"5":{"start":{"line":21,"column":18},"end":{"line":21,"column":31}},"6":{"start":{"line":23,"column":4},"end":{"line":24,"column":18}},"7":{"start":{"line":24,"column":6},"end":{"line":24,"column":18}},"8":{"start":{"line":26,"column":4},"end":{"line":29,"column":6}}},"fnMap":{"0":{"name":"(anonymous_0)","decl":{"start":{"line":14,"column":39},"end":{"line":14,"column":40}},"loc":{"start":{"line":14,"column":45},"end":{"line":31,"column":1}},"line":14},"1":{"name":"(anonymous_1)","decl":{"start":{"line":17,"column":9},"end":{"line":17,"column":10}},"loc":{"start":{"line":17,"column":19},"end":{"line":30,"column":3}},"line":17}},"branchMap":{"0":{"loc":{"start":{"line":18,"column":4},"end":{"line":19,"column":62}},"type":"if","locations":[{"start":{"line":18,"column":4},"end":{"line":19,"column":62}},{"start":{"line":18,"column":4},"end":{"line":19,"column":62}}],"line":18},"1":{"loc":{"start":{"line":23,"column":4},"end":{"line":24,"column":18}},"type":"if","locations":[{"start":{"line":23,"column":4},"end":{"line":24,"column":18}},{"start":{"line":23,"column":4},"end":{"line":24,"column":18}}],"line":23}},"s":{"0":6,"1":6,"2":6,"3":31,"4":5,"5":26,"6":26,"7":7,"8":19},"f":{"0":6,"1":31},"b":{"0":[5,26],"1":[7,19]},"_coverageSchema":"332fd63041d2c1bcb487cc26dd0d5f7d97098a6c","hash":"ac68989f347c7fd71821187d721aae345dd614de"}
,"d:\\Progetti\\valerio\\weird-text\\src\\utils\\selection-criteria.js": {"path":"d:\\Progetti\\valerio\\weird-text\\src\\utils\\selection-criteria.js","statementMap":{"0":{"start":{"line":2,"column":0},"end":{"line":null,"column":-1}},"1":{"start":{"line":3,"column":0},"end":{"line":null,"column":-1}},"2":{"start":{"line":14,"column":38},"end":{"line":14,"column":7}},"3":{"start":{"line":15,"column":13},"end":{"line":15,"column":2}},"4":{"start":{"line":17,"column":2},"end":{"line":null,"column":-1}},"5":{"start":{"line":18,"column":4},"end":{"line":19,"column":6}},"6":{"start":{"line":19,"column":6},"end":{"line":null,"column":-1}},"7":{"start":{"line":21,"column":18},"end":{"line":21,"column":4}},"8":{"start":{"line":23,"column":4},"end":{"line":24,"column":6}},"9":{"start":{"line":24,"column":6},"end":{"line":null,"column":-1}},"10":{"start":{"line":26,"column":4},"end":{"line":null,"column":-1}}},"fnMap":{"0":{"name":"(anonymous_0)","decl":{"start":{"line":14,"column":39},"end":{"line":14,"column":44}},"loc":{"start":{"line":14,"column":45},"end":{"line":14,"column":38}}},"1":{"name":"(anonymous_1)","decl":{"start":{"line":17,"column":10},"end":{"line":17,"column":8}},"loc":{"start":{"line":17,"column":19},"end":{"line":17,"column":2}}}},"branchMap":{"0":{"loc":{"start":{"line":18,"column":4},"end":{"line":19,"column":6}},"type":"if","locations":[{"start":{"line":18,"column":4},"end":{"line":19,"column":6}},{"start":{"line":18,"column":4},"end":{"line":19,"column":6}}]},"1":{"loc":{"start":{"line":23,"column":4},"end":{"line":24,"column":6}},"type":"if","locations":[{"start":{"line":23,"column":4},"end":{"line":24,"column":6}},{"start":{"line":23,"column":4},"end":{"line":24,"column":6}}]}},"s":{"0":0,"1":0,"2":0,"3":0,"4":0,"5":0,"6":0,"7":0,"8":0,"9":0,"10":0},"f":{"0":0,"1":0},"b":{"0":[0,0],"1":[0,0]}}
,"D:\\Progetti\\valerio\\weird-text\\src\\utils\\exceptions\\index.js": {"path":"D:\\Progetti\\valerio\\weird-text\\src\\utils\\exceptions\\index.js","statementMap":{},"fnMap":{},"branchMap":{},"s":{},"f":{},"b":{},"_coverageSchema":"332fd63041d2c1bcb487cc26dd0d5f7d97098a6c","hash":"c15896a63b3cbc7a9f4df6f32221272bffc46195"}
,"d:\\Progetti\\valerio\\weird-text\\src\\utils\\exceptions\\index.js": {"path":"d:\\Progetti\\valerio\\weird-text\\src\\utils\\exceptions\\index.js","statementMap":{"0":{"start":{"line":1,"column":0},"end":{"line":null,"column":-1}}},"fnMap":{},"branchMap":{},"s":{"0":0},"f":{},"b":{}}
,"D:\\Progetti\\valerio\\weird-text\\src\\utils\\exceptions\\invalid-argument-error.js": {"path":"D:\\Progetti\\valerio\\weird-text\\src\\utils\\exceptions\\invalid-argument-error.js","statementMap":{},"fnMap":{},"branchMap":{},"s":{},"f":{},"b":{},"_coverageSchema":"332fd63041d2c1bcb487cc26dd0d5f7d97098a6c","hash":"1a6b38db1634cd37b4896f15c11f46c663f51d8c"}
,"D:\\Progetti\\valerio\\weird-text\\src\\utils\\similarity\\index.js": {"path":"D:\\Progetti\\valerio\\weird-text\\src\\utils\\similarity\\index.js","statementMap":{},"fnMap":{},"branchMap":{},"s":{},"f":{},"b":{},"_coverageSchema":"332fd63041d2c1bcb487cc26dd0d5f7d97098a6c","hash":"79bb2df15dc2edbc808b84c389f4c8bfc5347aa9"}
,"d:\\Progetti\\valerio\\weird-text\\src\\utils\\similarity\\index.js": {"path":"d:\\Progetti\\valerio\\weird-text\\src\\utils\\similarity\\index.js","statementMap":{"0":{"start":{"line":1,"column":0},"end":{"line":null,"column":-1}}},"fnMap":{},"branchMap":{},"s":{"0":0},"f":{},"b":{}}
,"D:\\Progetti\\valerio\\weird-text\\src\\utils\\similarity\\search-duck.js": {"path":"D:\\Progetti\\valerio\\weird-text\\src\\utils\\similarity\\search-duck.js","statementMap":{"0":{"start":{"line":16,"column":2},"end":{"line":16,"column":79}},"1":{"start":{"line":16,"column":23},"end":{"line":16,"column":79}},"2":{"start":{"line":17,"column":2},"end":{"line":17,"column":91}},"3":{"start":{"line":17,"column":34},"end":{"line":17,"column":91}},"4":{"start":{"line":19,"column":2},"end":{"line":19,"column":74}},"5":{"start":{"line":19,"column":33},"end":{"line":19,"column":64}}},"fnMap":{"0":{"name":"searchDuck","decl":{"start":{"line":15,"column":24},"end":{"line":15,"column":34}},"loc":{"start":{"line":15,"column":90},"end":{"line":20,"column":1}},"line":15},"1":{"name":"(anonymous_1)","decl":{"start":{"line":19,"column":25},"end":{"line":19,"column":26}},"loc":{"start":{"line":19,"column":33},"end":{"line":19,"column":64}},"line":19}},"branchMap":{"0":{"loc":{"start":{"line":15,"column":53},"end":{"line":15,"column":88}},"type":"default-arg","locations":[{"start":{"line":15,"column":75},"end":{"line":15,"column":88}}],"line":15},"1":{"loc":{"start":{"line":16,"column":2},"end":{"line":16,"column":79}},"type":"if","locations":[{"start":{"line":16,"column":2},"end":{"line":16,"column":79}},{"start":{"line":16,"column":2},"end":{"line":16,"column":79}}],"line":16},"2":{"loc":{"start":{"line":17,"column":2},"end":{"line":17,"column":91}},"type":"if","locations":[{"start":{"line":17,"column":2},"end":{"line":17,"column":91}},{"start":{"line":17,"column":2},"end":{"line":17,"column":91}}],"line":17},"3":{"loc":{"start":{"line":19,"column":9},"end":{"line":19,"column":73}},"type":"binary-expr","locations":[{"start":{"line":19,"column":9},"end":{"line":19,"column":65}},{"start":{"line":19,"column":69},"end":{"line":19,"column":73}}],"line":19}},"s":{"0":19,"1":4,"2":15,"3":4,"4":11,"5":26},"f":{"0":19,"1":26},"b":{"0":[19],"1":[4,15],"2":[4,11],"3":[11,3]},"_coverageSchema":"332fd63041d2c1bcb487cc26dd0d5f7d97098a6c","hash":"6dff3b9bd60e33a94d174e29bb41232ce6a1df9c"}
,"d:\\Progetti\\valerio\\weird-text\\src\\utils\\similarity\\search-duck.js": {"path":"d:\\Progetti\\valerio\\weird-text\\src\\utils\\similarity\\search-duck.js","statementMap":{"0":{"start":{"line":2,"column":0},"end":{"line":null,"column":-1}},"1":{"start":{"line":3,"column":0},"end":{"line":null,"column":-1}},"2":{"start":{"line":16,"column":2},"end":{"line":16,"column":23}},"3":{"start":{"line":16,"column":23},"end":{"line":null,"column":-1}},"4":{"start":{"line":17,"column":2},"end":{"line":17,"column":34}},"5":{"start":{"line":17,"column":34},"end":{"line":null,"column":-1}},"6":{"start":{"line":19,"column":2},"end":{"line":null,"column":-1}},"7":{"start":{"line":19,"column":33},"end":{"line":19,"column":9}}},"fnMap":{"0":{"name":"searchDuck","decl":{"start":{"line":15,"column":24},"end":{"line":15,"column":15}},"loc":{"start":{"line":15,"column":90},"end":{"line":20,"column":1}}},"1":{"name":"(anonymous_1)","decl":{"start":{"line":19,"column":25},"end":{"line":19,"column":28}},"loc":{"start":{"line":19,"column":33},"end":{"line":19,"column":9}}}},"branchMap":{"0":{"loc":{"start":{"line":15,"column":75},"end":{"line":15,"column":15}},"type":"default-arg","locations":[{"start":{"line":15,"column":75},"end":{"line":15,"column":15}}]},"1":{"loc":{"start":{"line":16,"column":2},"end":{"line":16,"column":23}},"type":"if","locations":[{"start":{"line":16,"column":2},"end":{"line":16,"column":23}},{"start":{"line":16,"column":2},"end":{"line":16,"column":23}}]},"2":{"loc":{"start":{"line":17,"column":2},"end":{"line":17,"column":34}},"type":"if","locations":[{"start":{"line":17,"column":2},"end":{"line":17,"column":34}},{"start":{"line":17,"column":2},"end":{"line":17,"column":34}}]},"3":{"loc":{"start":{"line":19,"column":9},"end":{"line":19,"column":68}},"type":"binary-expr","locations":[{"start":{"line":19,"column":9},"end":{"line":19,"column":68}},{"start":{"line":19,"column":69},"end":{"line":19,"column":2}}]}},"s":{"0":0,"1":0,"2":0,"3":0,"4":0,"5":0,"6":0,"7":0},"f":{"0":0,"1":0},"b":{"0":[0],"1":[0,0],"2":[0,0],"3":[0,0]}}
,"D:\\Progetti\\valerio\\weird-text\\src\\utils\\string\\index.js": {"path":"D:\\Progetti\\valerio\\weird-text\\src\\utils\\string\\index.js","statementMap":{},"fnMap":{},"branchMap":{},"s":{},"f":{},"b":{},"_coverageSchema":"332fd63041d2c1bcb487cc26dd0d5f7d97098a6c","hash":"400db45a9031b9b2e3f0c167290b96ec3ad61aab"}
,"d:\\Progetti\\valerio\\weird-text\\src\\utils\\string\\index.js": {"path":"d:\\Progetti\\valerio\\weird-text\\src\\utils\\string\\index.js","statementMap":{"0":{"start":{"line":1,"column":0},"end":{"line":null,"column":-1}},"1":{"start":{"line":2,"column":0},"end":{"line":null,"column":-1}},"2":{"start":{"line":3,"column":0},"end":{"line":null,"column":-1}},"3":{"start":{"line":4,"column":0},"end":{"line":null,"column":-1}},"4":{"start":{"line":5,"column":0},"end":{"line":null,"column":-1}},"5":{"start":{"line":6,"column":0},"end":{"line":null,"column":-1}},"6":{"start":{"line":7,"column":0},"end":{"line":null,"column":-1}}},"fnMap":{},"branchMap":{},"s":{"0":0,"1":0,"2":0,"3":0,"4":0,"5":0,"6":0},"f":{},"b":{}}
,"D:\\Progetti\\valerio\\weird-text\\src\\utils\\string\\is-permutation.js": {"path":"D:\\Progetti\\valerio\\weird-text\\src\\utils\\string\\is-permutation.js","statementMap":{"0":{"start":{"line":14,"column":2},"end":{"line":14,"column":79}},"1":{"start":{"line":14,"column":23},"end":{"line":14,"column":79}},"2":{"start":{"line":15,"column":2},"end":{"line":15,"column":90}},"3":{"start":{"line":15,"column":28},"end":{"line":15,"column":90}},"4":{"start":{"line":17,"column":2},"end":{"line":17,"column":49}},"5":{"start":{"line":17,"column":36},"end":{"line":17,"column":49}},"6":{"start":{"line":22,"column":6},"end":{"line":25,"column":3}},"7":{"start":{"line":27,"column":2},"end":{"line":31,"column":11}},"8":{"start":{"line":28,"column":4},"end":{"line":30,"column":6}}},"fnMap":{"0":{"name":"isPermutation","decl":{"start":{"line":13,"column":24},"end":{"line":13,"column":37}},"loc":{"start":{"line":13,"column":55},"end":{"line":32,"column":1}},"line":13},"1":{"name":"(anonymous_1)","decl":{"start":{"line":27,"column":27},"end":{"line":27,"column":28}},"loc":{"start":{"line":27,"column":58},"end":{"line":31,"column":3}},"line":27}},"branchMap":{"0":{"loc":{"start":{"line":14,"column":2},"end":{"line":14,"column":79}},"type":"if","locations":[{"start":{"line":14,"column":2},"end":{"line":14,"column":79}},{"start":{"line":14,"column":2},"end":{"line":14,"column":79}}],"line":14},"1":{"loc":{"start":{"line":15,"column":2},"end":{"line":15,"column":90}},"type":"if","locations":[{"start":{"line":15,"column":2},"end":{"line":15,"column":90}},{"start":{"line":15,"column":2},"end":{"line":15,"column":90}}],"line":15},"2":{"loc":{"start":{"line":17,"column":2},"end":{"line":17,"column":49}},"type":"if","locations":[{"start":{"line":17,"column":2},"end":{"line":17,"column":49}},{"start":{"line":17,"column":2},"end":{"line":17,"column":49}}],"line":17},"3":{"loc":{"start":{"line":28,"column":11},"end":{"line":30,"column":5}},"type":"binary-expr","locations":[{"start":{"line":28,"column":11},"end":{"line":28,"column":16}},{"start":{"line":29,"column":6},"end":{"line":29,"column":39}}],"line":28}},"s":{"0":39,"1":5,"2":34,"3":5,"4":29,"5":17,"6":12,"7":12,"8":60},"f":{"0":39,"1":60},"b":{"0":[5,34],"1":[5,29],"2":[17,12],"3":[60,48]},"_coverageSchema":"332fd63041d2c1bcb487cc26dd0d5f7d97098a6c","hash":"9597e4f667e2fcabc0f6c5d6402e31ea94927118"}
,"d:\\Progetti\\valerio\\weird-text\\src\\utils\\string\\is-permutation.js": {"path":"d:\\Progetti\\valerio\\weird-text\\src\\utils\\string\\is-permutation.js","statementMap":{"0":{"start":{"line":2,"column":0},"end":{"line":null,"column":-1}},"1":{"start":{"line":3,"column":0},"end":{"line":null,"column":-1}},"2":{"start":{"line":14,"column":2},"end":{"line":14,"column":23}},"3":{"start":{"line":14,"column":23},"end":{"line":null,"column":-1}},"4":{"start":{"line":15,"column":2},"end":{"line":15,"column":28}},"5":{"start":{"line":15,"column":28},"end":{"line":null,"column":-1}},"6":{"start":{"line":17,"column":2},"end":{"line":17,"column":36}},"7":{"start":{"line":17,"column":36},"end":{"line":null,"column":-1}},"8":{"start":{"line":22,"column":6},"end":{"line":13,"column":55}},"9":{"start":{"line":13,"column":55},"end":{"line":null,"column":-1}},"10":{"start":{"line":27,"column":2},"end":{"line":null,"column":-1}},"11":{"start":{"line":28,"column":4},"end":{"line":null,"column":-1}}},"fnMap":{"0":{"name":"isPermutation","decl":{"start":{"line":13,"column":24},"end":{"line":13,"column":15}},"loc":{"start":{"line":13,"column":55},"end":{"line":32,"column":1}}},"1":{"name":"(anonymous_1)","decl":{"start":{"line":27,"column":27},"end":{"line":27,"column":28}},"loc":{"start":{"line":27,"column":58},"end":{"line":27,"column":9}}}},"branchMap":{"0":{"loc":{"start":{"line":14,"column":2},"end":{"line":14,"column":23}},"type":"if","locations":[{"start":{"line":14,"column":2},"end":{"line":14,"column":23}},{"start":{"line":14,"column":2},"end":{"line":14,"column":23}}]},"1":{"loc":{"start":{"line":15,"column":2},"end":{"line":15,"column":28}},"type":"if","locations":[{"start":{"line":15,"column":2},"end":{"line":15,"column":28}},{"start":{"line":15,"column":2},"end":{"line":15,"column":28}}]},"2":{"loc":{"start":{"line":17,"column":2},"end":{"line":17,"column":36}},"type":"if","locations":[{"start":{"line":17,"column":2},"end":{"line":17,"column":36}},{"start":{"line":17,"column":2},"end":{"line":17,"column":36}}]},"3":{"loc":{"start":{"line":28,"column":11},"end":{"line":28,"column":16}},"type":"binary-expr","locations":[{"start":{"line":28,"column":11},"end":{"line":28,"column":16}},{"start":{"line":29,"column":6},"end":{"line":28,"column":4}}]}},"s":{"0":0,"1":0,"2":0,"3":0,"4":0,"5":0,"6":0,"7":0,"8":0,"9":0,"10":0,"11":0},"f":{"0":0,"1":0},"b":{"0":[0,0],"1":[0,0],"2":[0,0],"3":[0,0]}}
,"d:\\Progetti\\valerio\\weird-text\\src\\utils\\string\\is-string.js": {"path":"d:\\Progetti\\valerio\\weird-text\\src\\utils\\string\\is-string.js","statementMap":{"0":{"start":{"line":7,"column":2},"end":{"line":null,"column":-1}}},"fnMap":{"0":{"name":"isString","decl":{"start":{"line":6,"column":24},"end":{"line":6,"column":15}},"loc":{"start":{"line":6,"column":36},"end":{"line":11,"column":1}}}},"branchMap":{"0":{"loc":{"start":{"line":7,"column":9},"end":{"line":7,"column":8}},"type":"binary-expr","locations":[{"start":{"line":7,"column":9},"end":{"line":7,"column":8}},{"start":{"line":8,"column":4},"end":{"line":8,"column":3}},{"start":{"line":9,"column":4},"end":{"line":7,"column":9}}]}},"s":{"0":0},"f":{"0":0},"b":{"0":[0,0,0]}}
,"D:\\Progetti\\valerio\\weird-text\\src\\utils\\string\\is-string.js": {"path":"D:\\Progetti\\valerio\\weird-text\\src\\utils\\string\\is-string.js","statementMap":{"0":{"start":{"line":7,"column":2},"end":{"line":10,"column":4}}},"fnMap":{"0":{"name":"isString","decl":{"start":{"line":6,"column":24},"end":{"line":6,"column":32}},"loc":{"start":{"line":6,"column":36},"end":{"line":11,"column":1}},"line":6}},"branchMap":{"0":{"loc":{"start":{"line":7,"column":9},"end":{"line":10,"column":3}},"type":"binary-expr","locations":[{"start":{"line":7,"column":9},"end":{"line":7,"column":24}},{"start":{"line":8,"column":4},"end":{"line":8,"column":25}},{"start":{"line":9,"column":4},"end":{"line":9,"column":23}}],"line":7}},"s":{"0":370},"f":{"0":370},"b":{"0":[370,355,59]},"_coverageSchema":"332fd63041d2c1bcb487cc26dd0d5f7d97098a6c","hash":"7cc5604517d13bb1a19cd9a118ad0bf79f78655d"}
,"d:\\Progetti\\valerio\\weird-text\\src\\utils\\string\\replace-at.js": {"path":"d:\\Progetti\\valerio\\weird-text\\src\\utils\\string\\replace-at.js","statementMap":{"0":{"start":{"line":2,"column":0},"end":{"line":null,"column":-1}},"1":{"start":{"line":3,"column":0},"end":{"line":null,"column":-1}},"2":{"start":{"line":15,"column":2},"end":{"line":15,"column":22}},"3":{"start":{"line":15,"column":22},"end":{"line":null,"column":-1}},"4":{"start":{"line":16,"column":2},"end":{"line":16,"column":32}},"5":{"start":{"line":16,"column":32},"end":{"line":null,"column":-1}},"6":{"start":{"line":17,"column":2},"end":{"line":17,"column":26}},"7":{"start":{"line":17,"column":26},"end":{"line":null,"column":-1}},"8":{"start":{"line":19,"column":2},"end":{"line":null,"column":-1}}},"fnMap":{"0":{"name":"replaceAt","decl":{"start":{"line":14,"column":24},"end":{"line":14,"column":15}},"loc":{"start":{"line":14,"column":55},"end":{"line":20,"column":1}}}},"branchMap":{"0":{"loc":{"start":{"line":15,"column":2},"end":{"line":15,"column":22}},"type":"if","locations":[{"start":{"line":15,"column":2},"end":{"line":15,"column":22}},{"start":{"line":15,"column":2},"end":{"line":15,"column":22}}]},"1":{"loc":{"start":{"line":16,"column":2},"end":{"line":16,"column":32}},"type":"if","locations":[{"start":{"line":16,"column":2},"end":{"line":16,"column":32}},{"start":{"line":16,"column":2},"end":{"line":16,"column":32}}]},"2":{"loc":{"start":{"line":17,"column":2},"end":{"line":17,"column":26}},"type":"if","locations":[{"start":{"line":17,"column":2},"end":{"line":17,"column":26}},{"start":{"line":17,"column":2},"end":{"line":17,"column":26}}]}},"s":{"0":0,"1":0,"2":0,"3":0,"4":0,"5":0,"6":0,"7":0,"8":0},"f":{"0":0},"b":{"0":[0,0],"1":[0,0],"2":[0,0]}}
,"D:\\Progetti\\valerio\\weird-text\\src\\utils\\string\\replace-at.js": {"path":"D:\\Progetti\\valerio\\weird-text\\src\\utils\\string\\replace-at.js","statementMap":{"0":{"start":{"line":15,"column":2},"end":{"line":15,"column":77}},"1":{"start":{"line":15,"column":22},"end":{"line":15,"column":77}},"2":{"start":{"line":16,"column":2},"end":{"line":16,"column":91}},"3":{"start":{"line":16,"column":32},"end":{"line":16,"column":91}},"4":{"start":{"line":17,"column":2},"end":{"line":17,"column":81}},"5":{"start":{"line":17,"column":26},"end":{"line":17,"column":81}},"6":{"start":{"line":19,"column":2},"end":{"line":19,"column":82}}},"fnMap":{"0":{"name":"replaceAt","decl":{"start":{"line":14,"column":24},"end":{"line":14,"column":33}},"loc":{"start":{"line":14,"column":55},"end":{"line":20,"column":1}},"line":14}},"branchMap":{"0":{"loc":{"start":{"line":15,"column":2},"end":{"line":15,"column":77}},"type":"if","locations":[{"start":{"line":15,"column":2},"end":{"line":15,"column":77}},{"start":{"line":15,"column":2},"end":{"line":15,"column":77}}],"line":15},"1":{"loc":{"start":{"line":16,"column":2},"end":{"line":16,"column":91}},"type":"if","locations":[{"start":{"line":16,"column":2},"end":{"line":16,"column":91}},{"start":{"line":16,"column":2},"end":{"line":16,"column":91}}],"line":16},"2":{"loc":{"start":{"line":17,"column":2},"end":{"line":17,"column":81}},"type":"if","locations":[{"start":{"line":17,"column":2},"end":{"line":17,"column":81}},{"start":{"line":17,"column":2},"end":{"line":17,"column":81}}],"line":17}},"s":{"0":40,"1":5,"2":35,"3":5,"4":30,"5":5,"6":25},"f":{"0":40},"b":{"0":[5,35],"1":[5,30],"2":[5,25]},"_coverageSchema":"332fd63041d2c1bcb487cc26dd0d5f7d97098a6c","hash":"cd9cc99822c1a455659d122444fafbbc2e0df200"}
,"D:\\Progetti\\valerio\\weird-text\\src\\utils\\string\\same-first-char.js": {"path":"D:\\Progetti\\valerio\\weird-text\\src\\utils\\string\\same-first-char.js","statementMap":{"0":{"start":{"line":15,"column":2},"end":{"line":15,"column":77}},"1":{"start":{"line":15,"column":22},"end":{"line":15,"column":77}},"2":{"start":{"line":16,"column":2},"end":{"line":16,"column":93}},"3":{"start":{"line":16,"column":30},"end":{"line":16,"column":93}},"4":{"start":{"line":18,"column":2},"end":{"line":18,"column":35}}},"fnMap":{"0":{"name":"sameFirstChar","decl":{"start":{"line":14,"column":24},"end":{"line":14,"column":37}},"loc":{"start":{"line":14,"column":56},"end":{"line":19,"column":1}},"line":14}},"branchMap":{"0":{"loc":{"start":{"line":15,"column":2},"end":{"line":15,"column":77}},"type":"if","locations":[{"start":{"line":15,"column":2},"end":{"line":15,"column":77}},{"start":{"line":15,"column":2},"end":{"line":15,"column":77}}],"line":15},"1":{"loc":{"start":{"line":16,"column":2},"end":{"line":16,"column":93}},"type":"if","locations":[{"start":{"line":16,"column":2},"end":{"line":16,"column":93}},{"start":{"line":16,"column":2},"end":{"line":16,"column":93}}],"line":16}},"s":{"0":12,"1":5,"2":7,"3":5,"4":2},"f":{"0":12},"b":{"0":[5,7],"1":[5,2]},"_coverageSchema":"332fd63041d2c1bcb487cc26dd0d5f7d97098a6c","hash":"eba2fee13fdd0a2a33fd2578f13d74279d322952"}
,"d:\\Progetti\\valerio\\weird-text\\src\\utils\\string\\same-first-char.js": {"path":"d:\\Progetti\\valerio\\weird-text\\src\\utils\\string\\same-first-char.js","statementMap":{"0":{"start":{"line":2,"column":0},"end":{"line":null,"column":-1}},"1":{"start":{"line":3,"column":0},"end":{"line":null,"column":-1}},"2":{"start":{"line":15,"column":2},"end":{"line":15,"column":22}},"3":{"start":{"line":15,"column":22},"end":{"line":null,"column":-1}},"4":{"start":{"line":16,"column":2},"end":{"line":16,"column":30}},"5":{"start":{"line":16,"column":30},"end":{"line":null,"column":-1}},"6":{"start":{"line":18,"column":2},"end":{"line":null,"column":-1}}},"fnMap":{"0":{"name":"sameFirstChar","decl":{"start":{"line":14,"column":24},"end":{"line":14,"column":15}},"loc":{"start":{"line":14,"column":56},"end":{"line":19,"column":1}}}},"branchMap":{"0":{"loc":{"start":{"line":15,"column":2},"end":{"line":15,"column":22}},"type":"if","locations":[{"start":{"line":15,"column":2},"end":{"line":15,"column":22}},{"start":{"line":15,"column":2},"end":{"line":15,"column":22}}]},"1":{"loc":{"start":{"line":16,"column":2},"end":{"line":16,"column":30}},"type":"if","locations":[{"start":{"line":16,"column":2},"end":{"line":16,"column":30}},{"start":{"line":16,"column":2},"end":{"line":16,"column":30}}]}},"s":{"0":0,"1":0,"2":0,"3":0,"4":0,"5":0,"6":0},"f":{"0":0},"b":{"0":[0,0],"1":[0,0]}}
,"D:\\Progetti\\valerio\\weird-text\\src\\utils\\string\\same-last-char.js": {"path":"D:\\Progetti\\valerio\\weird-text\\src\\utils\\string\\same-last-char.js","statementMap":{"0":{"start":{"line":15,"column":2},"end":{"line":15,"column":77}},"1":{"start":{"line":15,"column":22},"end":{"line":15,"column":77}},"2":{"start":{"line":16,"column":2},"end":{"line":16,"column":87}},"3":{"start":{"line":16,"column":27},"end":{"line":16,"column":87}},"4":{"start":{"line":18,"column":2},"end":{"line":18,"column":63}}},"fnMap":{"0":{"name":"sameLastChar","decl":{"start":{"line":14,"column":24},"end":{"line":14,"column":36}},"loc":{"start":{"line":14,"column":52},"end":{"line":19,"column":1}},"line":14}},"branchMap":{"0":{"loc":{"start":{"line":15,"column":2},"end":{"line":15,"column":77}},"type":"if","locations":[{"start":{"line":15,"column":2},"end":{"line":15,"column":77}},{"start":{"line":15,"column":2},"end":{"line":15,"column":77}}],"line":15},"1":{"loc":{"start":{"line":16,"column":2},"end":{"line":16,"column":87}},"type":"if","locations":[{"start":{"line":16,"column":2},"end":{"line":16,"column":87}},{"start":{"line":16,"column":2},"end":{"line":16,"column":87}}],"line":16}},"s":{"0":12,"1":5,"2":7,"3":5,"4":2},"f":{"0":12},"b":{"0":[5,7],"1":[5,2]},"_coverageSchema":"332fd63041d2c1bcb487cc26dd0d5f7d97098a6c","hash":"f3d4610c6fbdca20895dae919a0cc5b82743d2d5"}
,"d:\\Progetti\\valerio\\weird-text\\src\\utils\\string\\same-last-char.js": {"path":"d:\\Progetti\\valerio\\weird-text\\src\\utils\\string\\same-last-char.js","statementMap":{"0":{"start":{"line":2,"column":0},"end":{"line":null,"column":-1}},"1":{"start":{"line":3,"column":0},"end":{"line":null,"column":-1}},"2":{"start":{"line":15,"column":2},"end":{"line":15,"column":22}},"3":{"start":{"line":15,"column":22},"end":{"line":null,"column":-1}},"4":{"start":{"line":16,"column":2},"end":{"line":16,"column":27}},"5":{"start":{"line":16,"column":27},"end":{"line":null,"column":-1}},"6":{"start":{"line":18,"column":2},"end":{"line":null,"column":-1}}},"fnMap":{"0":{"name":"sameLastChar","decl":{"start":{"line":14,"column":24},"end":{"line":14,"column":15}},"loc":{"start":{"line":14,"column":52},"end":{"line":19,"column":1}}}},"branchMap":{"0":{"loc":{"start":{"line":15,"column":2},"end":{"line":15,"column":22}},"type":"if","locations":[{"start":{"line":15,"column":2},"end":{"line":15,"column":22}},{"start":{"line":15,"column":2},"end":{"line":15,"column":22}}]},"1":{"loc":{"start":{"line":16,"column":2},"end":{"line":16,"column":27}},"type":"if","locations":[{"start":{"line":16,"column":2},"end":{"line":16,"column":27}},{"start":{"line":16,"column":2},"end":{"line":16,"column":27}}]}},"s":{"0":0,"1":0,"2":0,"3":0,"4":0,"5":0,"6":0},"f":{"0":0},"b":{"0":[0,0],"1":[0,0]}}
,"D:\\Progetti\\valerio\\weird-text\\src\\utils\\string\\same-length.js": {"path":"D:\\Progetti\\valerio\\weird-text\\src\\utils\\string\\same-length.js","statementMap":{"0":{"start":{"line":14,"column":2},"end":{"line":14,"column":77}},"1":{"start":{"line":14,"column":22},"end":{"line":14,"column":77}},"2":{"start":{"line":15,"column":2},"end":{"line":15,"column":87}},"3":{"start":{"line":15,"column":27},"end":{"line":15,"column":87}},"4":{"start":{"line":17,"column":2},"end":{"line":17,"column":40}}},"fnMap":{"0":{"name":"sameLength","decl":{"start":{"line":13,"column":24},"end":{"line":13,"column":34}},"loc":{"start":{"line":13,"column":50},"end":{"line":18,"column":1}},"line":13}},"branchMap":{"0":{"loc":{"start":{"line":14,"column":2},"end":{"line":14,"column":77}},"type":"if","locations":[{"start":{"line":14,"column":2},"end":{"line":14,"column":77}},{"start":{"line":14,"column":2},"end":{"line":14,"column":77}}],"line":14},"1":{"loc":{"start":{"line":15,"column":2},"end":{"line":15,"column":87}},"type":"if","locations":[{"start":{"line":15,"column":2},"end":{"line":15,"column":87}},{"start":{"line":15,"column":2},"end":{"line":15,"column":87}}],"line":15}},"s":{"0":41,"1":5,"2":36,"3":5,"4":31},"f":{"0":41},"b":{"0":[5,36],"1":[5,31]},"_coverageSchema":"332fd63041d2c1bcb487cc26dd0d5f7d97098a6c","hash":"87ca64016d32b0e1dfd4cd0fec20f8e3dad860b9"}
,"d:\\Progetti\\valerio\\weird-text\\src\\utils\\string\\same-length.js": {"path":"d:\\Progetti\\valerio\\weird-text\\src\\utils\\string\\same-length.js","statementMap":{"0":{"start":{"line":2,"column":0},"end":{"line":null,"column":-1}},"1":{"start":{"line":3,"column":0},"end":{"line":null,"column":-1}},"2":{"start":{"line":14,"column":2},"end":{"line":14,"column":22}},"3":{"start":{"line":14,"column":22},"end":{"line":null,"column":-1}},"4":{"start":{"line":15,"column":2},"end":{"line":15,"column":27}},"5":{"start":{"line":15,"column":27},"end":{"line":null,"column":-1}},"6":{"start":{"line":17,"column":2},"end":{"line":null,"column":-1}}},"fnMap":{"0":{"name":"sameLength","decl":{"start":{"line":13,"column":24},"end":{"line":13,"column":15}},"loc":{"start":{"line":13,"column":50},"end":{"line":18,"column":1}}}},"branchMap":{"0":{"loc":{"start":{"line":14,"column":2},"end":{"line":14,"column":22}},"type":"if","locations":[{"start":{"line":14,"column":2},"end":{"line":14,"column":22}},{"start":{"line":14,"column":2},"end":{"line":14,"column":22}}]},"1":{"loc":{"start":{"line":15,"column":2},"end":{"line":15,"column":27}},"type":"if","locations":[{"start":{"line":15,"column":2},"end":{"line":15,"column":27}},{"start":{"line":15,"column":2},"end":{"line":15,"column":27}}]}},"s":{"0":0,"1":0,"2":0,"3":0,"4":0,"5":0,"6":0},"f":{"0":0},"b":{"0":[0,0],"1":[0,0]}}
,"D:\\Progetti\\valerio\\weird-text\\src\\utils\\string\\shuffle.js": {"path":"D:\\Progetti\\valerio\\weird-text\\src\\utils\\string\\shuffle.js","statementMap":{"0":{"start":{"line":13,"column":2},"end":{"line":13,"column":77}},"1":{"start":{"line":13,"column":22},"end":{"line":13,"column":77}},"2":{"start":{"line":15,"column":22},"end":{"line":15,"column":76}},"3":{"start":{"line":15,"column":47},"end":{"line":15,"column":66}},"4":{"start":{"line":17,"column":2},"end":{"line":19,"column":18}}},"fnMap":{"0":{"name":"shuffle","decl":{"start":{"line":12,"column":24},"end":{"line":12,"column":31}},"loc":{"start":{"line":12,"column":37},"end":{"line":20,"column":1}},"line":12},"1":{"name":"(anonymous_1)","decl":{"start":{"line":15,"column":41},"end":{"line":15,"column":42}},"loc":{"start":{"line":15,"column":47},"end":{"line":15,"column":66}},"line":15}},"branchMap":{"0":{"loc":{"start":{"line":13,"column":2},"end":{"line":13,"column":77}},"type":"if","locations":[{"start":{"line":13,"column":2},"end":{"line":13,"column":77}},{"start":{"line":13,"column":2},"end":{"line":13,"column":77}}],"line":13},"1":{"loc":{"start":{"line":17,"column":9},"end":{"line":19,"column":17}},"type":"cond-expr","locations":[{"start":{"line":18,"column":6},"end":{"line":18,"column":38}},{"start":{"line":19,"column":6},"end":{"line":19,"column":17}}],"line":17}},"s":{"0":15,"1":5,"2":10,"3":78,"4":10},"f":{"0":15,"1":78},"b":{"0":[5,10],"1":[1,9]},"_coverageSchema":"332fd63041d2c1bcb487cc26dd0d5f7d97098a6c","hash":"e7e0ec65bad41e4d71581b5fbce7cd034211dc83"}
,"d:\\Progetti\\valerio\\weird-text\\src\\utils\\string\\shuffle.js": {"path":"d:\\Progetti\\valerio\\weird-text\\src\\utils\\string\\shuffle.js","statementMap":{"0":{"start":{"line":2,"column":0},"end":{"line":null,"column":-1}},"1":{"start":{"line":3,"column":0},"end":{"line":null,"column":-1}},"2":{"start":{"line":13,"column":2},"end":{"line":13,"column":22}},"3":{"start":{"line":13,"column":22},"end":{"line":null,"column":-1}},"4":{"start":{"line":15,"column":22},"end":{"line":15,"column":2}},"5":{"start":{"line":15,"column":47},"end":{"line":15,"column":22}},"6":{"start":{"line":17,"column":2},"end":{"line":null,"column":-1}}},"fnMap":{"0":{"name":"shuffle","decl":{"start":{"line":12,"column":24},"end":{"line":12,"column":15}},"loc":{"start":{"line":12,"column":37},"end":{"line":20,"column":1}}},"1":{"name":"(anonymous_1)","decl":{"start":{"line":15,"column":41},"end":{"line":15,"column":46}},"loc":{"start":{"line":15,"column":47},"end":{"line":15,"column":22}}}},"branchMap":{"0":{"loc":{"start":{"line":13,"column":2},"end":{"line":13,"column":22}},"type":"if","locations":[{"start":{"line":13,"column":2},"end":{"line":13,"column":22}},{"start":{"line":13,"column":2},"end":{"line":13,"column":22}}]},"1":{"loc":{"start":{"line":18,"column":6},"end":{"line":17,"column":9}},"type":"cond-expr","locations":[{"start":{"line":18,"column":6},"end":{"line":17,"column":9}},{"start":{"line":19,"column":6},"end":{"line":17,"column":2}}]}},"s":{"0":0,"1":0,"2":0,"3":0,"4":0,"5":0,"6":0},"f":{"0":0,"1":0},"b":{"0":[0,0],"1":[0,0]}}
}
