TN:
SF:/Users/valerio/projects/valerio/weird-text/src/App.jsx
FN:16,(anonymous_0)
FN:22,(anonymous_1)
FN:47,(anonymous_2)
FNF:3
FNH:3
FNDA:1,(anonymous_0)
FNDA:1,(anonymous_1)
FNDA:1,(anonymous_2)
DA:11,1
DA:16,1
DA:22,1
DA:30,1
DA:38,1
DA:47,1
DA:48,1
DA:50,1
LF:8
LH:8
BRF:0
BRH:0
end_of_record
TN:
SF:/Users/valerio/projects/valerio/weird-text/src/index.js
FNF:0
FNH:0
DA:2,0
DA:3,0
DA:4,0
DA:7,0
DA:9,0
DA:11,0
DA:21,0
LF:7
LH:0
BRF:0
BRH:0
end_of_record
TN:
SF:/Users/valerio/projects/valerio/weird-text/src/components/Card.jsx
FNF:0
FNH:0
LF:0
LH:0
BRF:0
BRH:0
end_of_record
TN:
SF:/Users/valerio/projects/valerio/weird-text/src/components/CardTitle.jsx
FN:7,(anonymous_0)
FNF:1
FNH:1
FNDA:14,(anonymous_0)
DA:7,14
LF:1
LH:1
BRF:0
BRH:0
end_of_record
TN:
SF:/Users/valerio/projects/valerio/weird-text/src/components/DecoderText.jsx
FN:20,(anonymous_0)
FN:29,(anonymous_1)
FN:39,(anonymous_2)
FN:69,(anonymous_3)
FNF:4
FNH:4
FNDA:9,(anonymous_0)
FNDA:2,(anonymous_1)
FNDA:1,(anonymous_2)
FNDA:2,(anonymous_3)
DA:14,2
DA:20,2
DA:24,9
DA:25,9
DA:26,9
DA:27,9
DA:29,9
DA:30,2
DA:31,1
DA:32,1
DA:33,1
DA:35,1
DA:39,9
DA:40,1
DA:41,1
DA:43,1
DA:44,1
DA:53,9
DA:69,2
DA:95,2
DA:101,2
LF:21
LH:21
BRDA:30,0,0,1
BRDA:30,0,1,1
BRDA:53,1,0,9
BRDA:53,1,1,8
BRDA:53,1,2,8
BRDA:60,2,0,8
BRDA:60,2,1,1
BRDA:71,3,0,8
BRDA:71,3,1,7
BRDA:82,4,0,8
BRDA:82,4,1,1
BRDA:82,4,2,1
BRF:12
BRH:12
end_of_record
TN:
SF:/Users/valerio/projects/valerio/weird-text/src/components/EncoderText.jsx
FN:28,(anonymous_0)
FN:38,(anonymous_1)
FN:43,(anonymous_2)
FN:51,(anonymous_3)
FN:95,(anonymous_4)
FNF:5
FNH:5
FNDA:2,(anonymous_0)
FNDA:2,(anonymous_1)
FNDA:7,(anonymous_2)
FNDA:2,(anonymous_3)
FNDA:2,(anonymous_4)
DA:13,2
DA:19,2
DA:28,2
DA:38,2
DA:43,2
DA:48,7
DA:49,7
DA:51,7
DA:52,2
DA:53,2
DA:58,2
DA:59,2
DA:60,2
DA:63,7
DA:96,2
DA:109,2
DA:115,2
LF:17
LH:17
BRDA:77,0,0,7
BRDA:77,0,1,2
BRDA:81,1,0,2
BRDA:81,1,1,2
BRDA:88,2,0,2
BRDA:88,2,1,1
BRDA:93,3,0,2
BRDA:93,3,1,1
BRF:8
BRH:8
end_of_record
TN:
SF:/Users/valerio/projects/valerio/weird-text/src/components/ErrorMessage.jsx
FN:9,(anonymous_0)
FN:14,(anonymous_1)
FNF:2
FNH:2
FNDA:2,(anonymous_0)
FNDA:3,(anonymous_1)
DA:6,3
DA:9,2
DA:14,3
DA:15,3
DA:20,3
DA:24,3
LF:6
LH:6
BRDA:15,0,0,3
BRDA:15,0,1,2
BRF:2
BRH:2
end_of_record
TN:
SF:/Users/valerio/projects/valerio/weird-text/src/components/InputContainer.jsx
FNF:0
FNH:0
LF:0
LH:0
BRF:0
BRH:0
end_of_record
TN:
SF:/Users/valerio/projects/valerio/weird-text/src/components/OutputContainer.jsx
FN:15,(anonymous_0)
FNF:1
FNH:1
FNDA:3,(anonymous_0)
DA:15,3
LF:1
LH:1
BRF:0
BRH:0
end_of_record
TN:
SF:/Users/valerio/projects/valerio/weird-text/src/infrastructure/exceptions/invalid-argument-error.js
FNF:0
FNH:0
LF:0
LH:0
BRF:0
BRH:0
end_of_record
TN:
SF:/Users/valerio/projects/valerio/weird-text/src/infrastructure/extensions/string.js
FN:8,(anonymous_0)
FN:21,shuffle
FN:24,(anonymous_2)
FN:40,replaceAt
FN:56,(anonymous_4)
FN:72,(anonymous_5)
FN:88,(anonymous_6)
FNF:7
FNH:7
FNDA:313,(anonymous_0)
FNDA:7,shuffle
FNDA:63,(anonymous_2)
FNDA:20,replaceAt
FNDA:32,(anonymous_4)
FNDA:15,(anonymous_5)
FNDA:13,(anonymous_6)
DA:8,313
DA:22,7
DA:24,63
DA:26,6
DA:41,20
DA:42,19
DA:43,18
DA:45,17
DA:56,8
DA:57,32
DA:58,31
DA:60,30
DA:72,8
DA:73,15
DA:74,14
DA:76,13
DA:88,8
DA:89,13
DA:90,12
DA:92,11
LF:20
LH:20
BRDA:8,0,0,313
BRDA:8,0,1,308
BRDA:8,0,2,27
BRDA:22,1,0,1
BRDA:22,1,1,6
BRDA:26,2,0,1
BRDA:26,2,1,5
BRDA:41,3,0,1
BRDA:41,3,1,19
BRDA:42,4,0,1
BRDA:42,4,1,18
BRDA:43,5,0,1
BRDA:43,5,1,17
BRDA:57,6,0,1
BRDA:57,6,1,31
BRDA:58,7,0,1
BRDA:58,7,1,30
BRDA:73,8,0,1
BRDA:73,8,1,14
BRDA:74,9,0,1
BRDA:74,9,1,13
BRDA:89,10,0,1
BRDA:89,10,1,12
BRDA:90,11,0,1
BRDA:90,11,1,11
BRF:25
BRH:25
end_of_record
TN:
SF:/Users/valerio/projects/valerio/weird-text/src/utils/decoder.js
FN:14,simpleDecoder
FNF:1
FNH:1
FNDA:28,simpleDecoder
DA:15,28
DA:16,4
DA:17,24
DA:18,4
DA:19,20
DA:20,5
DA:21,15
DA:22,5
DA:24,10
DA:26,10
DA:28,8
LF:11
LH:11
BRDA:15,0,0,4
BRDA:15,0,1,24
BRDA:17,1,0,4
BRDA:17,1,1,20
BRDA:19,2,0,5
BRDA:19,2,1,15
BRDA:21,3,0,5
BRDA:21,3,1,10
BRDA:26,4,0,2
BRDA:26,4,1,8
BRF:10
BRH:10
end_of_record
TN:
SF:/Users/valerio/projects/valerio/weird-text/src/utils/encoder.js
FN:11,(anonymous_0)
FN:30,(anonymous_1)
FN:46,encoder
FNF:3
FNH:3
FNDA:4,(anonymous_0)
FNDA:4,(anonymous_1)
FNDA:8,encoder
DA:11,4
DA:30,4
DA:47,8
DA:48,1
DA:50,7
DA:51,1
DA:53,6
DA:55,6
DA:56,2
DA:61,4
DA:66,4
LF:11
LH:11
BRDA:47,0,0,1
BRDA:47,0,1,7
BRDA:50,1,0,1
BRDA:50,1,1,6
BRDA:55,2,0,2
BRDA:55,2,1,4
BRF:6
BRH:6
end_of_record
TN:
SF:/Users/valerio/projects/valerio/weird-text/src/utils/selection-criteria.js
FN:12,(anonymous_0)
FN:15,(anonymous_1)
FNF:2
FNH:2
FNDA:6,(anonymous_0)
FNDA:26,(anonymous_1)
DA:12,6
DA:13,6
DA:15,6
DA:16,26
DA:17,5
DA:19,21
DA:21,21
DA:22,6
DA:24,15
LF:9
LH:9
BRDA:16,0,0,5
BRDA:16,0,1,21
BRDA:21,1,0,6
BRDA:21,1,1,15
BRF:4
BRH:4
end_of_record
TN:
SF:/Users/valerio/projects/valerio/weird-text/src/utils/similarity.js
FN:14,isSimilar
FN:36,searchDuck
FN:43,(anonymous_2)
FNF:3
FNH:3
FNDA:36,isSimilar
FNDA:19,searchDuck
FNDA:26,(anonymous_2)
DA:15,36
DA:16,4
DA:18,32
DA:19,4
DA:21,28
DA:37,19
DA:38,4
DA:40,15
DA:41,4
DA:43,26
LF:10
LH:10
BRDA:15,0,0,4
BRDA:15,0,1,32
BRDA:18,1,0,4
BRDA:18,1,1,28
BRDA:21,2,0,28
BRDA:21,2,1,11
BRDA:21,2,2,9
BRDA:36,3,0,19
BRDA:37,4,0,4
BRDA:37,4,1,15
BRDA:40,5,0,4
BRDA:40,5,1,11
BRDA:43,6,0,11
BRDA:43,6,1,3
BRF:14
BRH:14
end_of_record
