TN:
SF:D:\Progetti\valerio\weird-text\src\App.jsx
FN:17,(anonymous_0)
FN:23,(anonymous_1)
FN:45,(anonymous_2)
FNF:3
FNH:3
FNDA:1,(anonymous_0)
FNDA:1,(anonymous_1)
FNDA:1,(anonymous_2)
DA:12,1
DA:17,1
DA:23,1
DA:31,1
DA:39,1
DA:45,1
DA:46,1
DA:48,1
LF:8
LH:8
BRF:0
BRH:0
end_of_record
TN:
SF:d:\Progetti\valerio\weird-text\src\App.jsx
FN:17,(anonymous_0)
FN:23,(anonymous_1)
FN:45,(anonymous_2)
FNF:3
FNH:0
FNDA:0,(anonymous_0)
FNDA:0,(anonymous_1)
FNDA:0,(anonymous_2)
DA:2,0
DA:3,0
DA:6,0
DA:7,0
DA:8,0
DA:9,0
DA:10,0
DA:12,0
DA:17,0
DA:23,0
DA:31,0
DA:39,0
DA:45,0
DA:46,0
DA:48,0
LF:15
LH:0
BRF:0
BRH:0
end_of_record
TN:
SF:d:\Progetti\valerio\weird-text\src\index.js
FNF:0
FNH:0
DA:2,0
DA:3,0
DA:4,0
DA:7,0
DA:9,0
DA:11,0
DA:21,0
LF:7
LH:0
BRF:0
BRH:0
end_of_record
TN:
SF:D:\Progetti\valerio\weird-text\src\components\Card.jsx
FNF:0
FNH:0
LF:0
LH:0
BRF:0
BRH:0
end_of_record
TN:
SF:d:\Progetti\valerio\weird-text\src\components\Card.jsx
FNF:0
FNH:0
DA:2,0
LF:1
LH:0
BRF:0
BRH:0
end_of_record
TN:
SF:d:\Progetti\valerio\weird-text\src\components\CardTitle.jsx
FN:7,(anonymous_0)
FNF:1
FNH:0
FNDA:0,(anonymous_0)
DA:2,0
DA:7,0
LF:2
LH:0
BRF:0
BRH:0
end_of_record
TN:
SF:D:\Progetti\valerio\weird-text\src\components\CardTitle.jsx
FN:7,(anonymous_0)
FNF:1
FNH:1
FNDA:14,(anonymous_0)
DA:7,14
LF:1
LH:1
BRF:0
BRH:0
end_of_record
TN:
SF:d:\Progetti\valerio\weird-text\src\components\Column.jsx
FN:4,colWidth
FN:8,calcWidth
FN:14,calcLeftOffset
FN:20,calcRightOffset
FN:29,(anonymous_4)
FN:30,(anonymous_5)
FN:31,(anonymous_6)
FN:34,(anonymous_7)
FN:35,(anonymous_8)
FN:36,(anonymous_9)
FN:40,(anonymous_10)
FN:41,(anonymous_11)
FN:42,(anonymous_12)
FN:46,(anonymous_13)
FN:47,(anonymous_14)
FN:48,(anonymous_15)
FNF:16
FNH:0
FNDA:0,colWidth
FNDA:0,calcWidth
FNDA:0,calcLeftOffset
FNDA:0,calcRightOffset
FNDA:0,(anonymous_4)
FNDA:0,(anonymous_5)
FNDA:0,(anonymous_6)
FNDA:0,(anonymous_7)
FNDA:0,(anonymous_8)
FNDA:0,(anonymous_9)
FNDA:0,(anonymous_10)
FNDA:0,(anonymous_11)
FNDA:0,(anonymous_12)
FNDA:0,(anonymous_13)
FNDA:0,(anonymous_14)
FNDA:0,(anonymous_15)
DA:2,0
DA:5,0
DA:9,0
DA:11,0
DA:15,0
DA:17,0
DA:21,0
DA:23,0
DA:29,0
DA:30,0
DA:31,0
DA:34,0
DA:35,0
DA:36,0
DA:40,0
DA:41,0
DA:42,0
DA:46,0
DA:47,0
DA:48,0
LF:20
LH:0
BRDA:9,0,0,0
BRDA:9,0,1,0
BRDA:15,1,0,0
BRDA:15,1,1,0
BRDA:21,2,0,0
BRDA:21,2,1,0
BRDA:29,3,0,0
BRDA:29,3,1,0
BRDA:30,4,0,0
BRDA:30,4,1,0
BRDA:31,5,0,0
BRDA:31,5,1,0
BRDA:34,6,0,0
BRDA:34,6,1,0
BRDA:35,7,0,0
BRDA:35,7,1,0
BRDA:36,8,0,0
BRDA:36,8,1,0
BRDA:40,9,0,0
BRDA:40,9,1,0
BRDA:41,10,0,0
BRDA:41,10,1,0
BRDA:42,11,0,0
BRDA:42,11,1,0
BRDA:46,12,0,0
BRDA:46,12,1,0
BRDA:47,13,0,0
BRDA:47,13,1,0
BRDA:48,14,0,0
BRDA:48,14,1,0
BRF:30
BRH:0
end_of_record
TN:
SF:D:\Progetti\valerio\weird-text\src\components\Column.jsx
FN:4,colWidth
FN:8,calcWidth
FN:14,calcLeftOffset
FN:20,calcRightOffset
FN:29,(anonymous_4)
FN:30,(anonymous_5)
FN:31,(anonymous_6)
FN:34,(anonymous_7)
FN:35,(anonymous_8)
FN:36,(anonymous_9)
FN:40,(anonymous_10)
FN:41,(anonymous_11)
FN:42,(anonymous_12)
FN:46,(anonymous_13)
FN:47,(anonymous_14)
FN:48,(anonymous_15)
FNF:16
FNH:15
FNDA:60,colWidth
FNDA:30,calcWidth
FNDA:30,calcLeftOffset
FNDA:0,calcRightOffset
FNDA:15,(anonymous_4)
FNDA:15,(anonymous_5)
FNDA:15,(anonymous_6)
FNDA:15,(anonymous_7)
FNDA:15,(anonymous_8)
FNDA:15,(anonymous_9)
FNDA:15,(anonymous_10)
FNDA:15,(anonymous_11)
FNDA:15,(anonymous_12)
FNDA:15,(anonymous_13)
FNDA:15,(anonymous_14)
FNDA:15,(anonymous_15)
DA:5,60
DA:9,30
DA:11,30
DA:15,30
DA:17,30
DA:21,0
DA:23,0
DA:29,15
DA:30,15
DA:31,15
DA:34,15
DA:35,15
DA:36,15
DA:40,15
DA:41,15
DA:42,15
DA:46,15
DA:47,15
DA:48,15
LF:19
LH:17
BRDA:9,0,0,0
BRDA:9,0,1,30
BRDA:15,1,0,0
BRDA:15,1,1,30
BRDA:21,2,0,0
BRDA:21,2,1,0
BRDA:29,3,0,0
BRDA:29,3,1,15
BRDA:30,4,0,0
BRDA:30,4,1,15
BRDA:31,5,0,0
BRDA:31,5,1,15
BRDA:34,6,0,15
BRDA:34,6,1,15
BRDA:35,7,0,15
BRDA:35,7,1,0
BRDA:36,8,0,15
BRDA:36,8,1,15
BRDA:40,9,0,15
BRDA:40,9,1,15
BRDA:41,10,0,15
BRDA:41,10,1,0
BRDA:42,11,0,15
BRDA:42,11,1,15
BRDA:46,12,0,15
BRDA:46,12,1,0
BRDA:47,13,0,15
BRDA:47,13,1,0
BRDA:48,14,0,15
BRDA:48,14,1,0
BRF:30
BRH:18
end_of_record
TN:
SF:D:\Progetti\valerio\weird-text\src\components\DecoderText.jsx
FN:16,(anonymous_0)
FN:25,(anonymous_1)
FN:35,(anonymous_2)
FN:72,(anonymous_3)
FNF:4
FNH:4
FNDA:9,(anonymous_0)
FNDA:2,(anonymous_1)
FNDA:1,(anonymous_2)
FNDA:2,(anonymous_3)
DA:16,2
DA:20,9
DA:21,9
DA:22,9
DA:23,9
DA:25,9
DA:26,2
DA:27,1
DA:28,1
DA:29,1
DA:31,1
DA:35,9
DA:36,1
DA:37,1
DA:39,1
DA:40,1
DA:50,9
DA:72,2
DA:100,2
DA:106,2
LF:20
LH:20
BRDA:26,0,0,1
BRDA:26,0,1,1
BRDA:50,1,0,9
BRDA:50,1,1,8
BRDA:50,1,2,8
BRDA:63,2,0,8
BRDA:63,2,1,1
BRDA:74,3,0,8
BRDA:74,3,1,7
BRDA:85,4,0,8
BRDA:85,4,1,1
BRDA:85,4,2,1
BRF:12
BRH:12
end_of_record
TN:
SF:d:\Progetti\valerio\weird-text\src\components\DecoderText.jsx
FN:16,(anonymous_0)
FN:25,(anonymous_1)
FN:35,(anonymous_2)
FN:72,(anonymous_3)
FNF:4
FNH:0
FNDA:0,(anonymous_0)
FNDA:0,(anonymous_1)
FNDA:0,(anonymous_2)
FNDA:0,(anonymous_3)
DA:2,0
DA:3,0
DA:6,0
DA:7,0
DA:8,0
DA:9,0
DA:10,0
DA:11,0
DA:12,0
DA:13,0
DA:14,0
DA:16,0
DA:19,0
DA:20,0
DA:21,0
DA:22,0
DA:23,0
DA:25,0
DA:26,0
DA:27,0
DA:28,0
DA:29,0
DA:31,0
DA:35,0
DA:36,0
DA:37,0
DA:39,0
DA:40,0
DA:50,0
DA:72,0
DA:100,0
DA:106,0
LF:32
LH:0
BRDA:26,0,0,0
BRDA:26,0,1,0
BRDA:50,1,0,0
BRDA:50,1,1,0
BRDA:50,1,2,0
BRDA:63,2,0,0
BRDA:63,2,1,0
BRDA:74,3,0,0
BRDA:74,3,1,0
BRDA:85,4,0,0
BRDA:85,4,1,0
BRDA:85,4,2,0
BRF:12
BRH:0
end_of_record
TN:
SF:D:\Progetti\valerio\weird-text\src\components\EncoderText.jsx
FN:24,(anonymous_0)
FN:34,(anonymous_1)
FN:39,(anonymous_2)
FN:47,(anonymous_3)
FN:97,(anonymous_4)
FNF:5
FNH:5
FNDA:2,(anonymous_0)
FNDA:2,(anonymous_1)
FNDA:7,(anonymous_2)
FNDA:2,(anonymous_3)
FNDA:2,(anonymous_4)
DA:15,2
DA:24,2
DA:34,2
DA:39,2
DA:44,7
DA:45,7
DA:47,7
DA:48,2
DA:49,2
DA:54,2
DA:55,2
DA:56,2
DA:59,7
DA:98,2
DA:113,2
DA:119,2
LF:16
LH:16
BRDA:79,0,0,7
BRDA:79,0,1,2
BRDA:83,1,0,2
BRDA:83,1,1,2
BRDA:90,2,0,2
BRDA:90,2,1,1
BRDA:95,3,0,2
BRDA:95,3,1,1
BRF:8
BRH:8
end_of_record
TN:
SF:d:\Progetti\valerio\weird-text\src\components\EncoderText.jsx
FN:24,(anonymous_0)
FN:34,(anonymous_1)
FN:39,(anonymous_2)
FN:47,(anonymous_3)
FN:97,(anonymous_4)
FNF:5
FNH:0
FNDA:0,(anonymous_0)
FNDA:0,(anonymous_1)
FNDA:0,(anonymous_2)
FNDA:0,(anonymous_3)
FNDA:0,(anonymous_4)
DA:2,0
DA:3,0
DA:4,0
DA:7,0
DA:8,0
DA:9,0
DA:10,0
DA:11,0
DA:12,0
DA:13,0
DA:15,0
DA:24,0
DA:34,0
DA:39,0
DA:43,0
DA:44,0
DA:45,0
DA:47,0
DA:48,0
DA:49,0
DA:54,0
DA:55,0
DA:56,0
DA:59,0
DA:98,0
DA:113,0
DA:119,0
LF:27
LH:0
BRDA:79,0,0,0
BRDA:79,0,1,0
BRDA:83,1,0,0
BRDA:83,1,1,0
BRDA:90,2,0,0
BRDA:90,2,1,0
BRDA:95,3,0,0
BRDA:95,3,1,0
BRF:8
BRH:0
end_of_record
TN:
SF:D:\Progetti\valerio\weird-text\src\components\ErrorMessage.jsx
FN:9,(anonymous_0)
FN:14,(anonymous_1)
FNF:2
FNH:2
FNDA:2,(anonymous_0)
FNDA:3,(anonymous_1)
DA:6,3
DA:9,2
DA:14,3
DA:15,3
DA:22,3
DA:26,3
LF:6
LH:6
BRDA:15,0,0,3
BRDA:15,0,1,2
BRF:2
BRH:2
end_of_record
TN:
SF:d:\Progetti\valerio\weird-text\src\components\ErrorMessage.jsx
FN:9,(anonymous_0)
FN:14,(anonymous_1)
FNF:2
FNH:0
FNDA:0,(anonymous_0)
FNDA:0,(anonymous_1)
DA:2,0
DA:3,0
DA:4,0
DA:6,0
DA:9,0
DA:14,0
DA:15,0
DA:22,0
DA:26,0
LF:9
LH:0
BRDA:15,0,0,0
BRDA:15,0,1,0
BRF:2
BRH:0
end_of_record
TN:
SF:d:\Progetti\valerio\weird-text\src\components\InputContainer.jsx
FNF:0
FNH:0
DA:2,0
LF:1
LH:0
BRF:0
BRH:0
end_of_record
TN:
SF:D:\Progetti\valerio\weird-text\src\components\InputContainer.jsx
FNF:0
FNH:0
LF:0
LH:0
BRF:0
BRH:0
end_of_record
TN:
SF:d:\Progetti\valerio\weird-text\src\components\OutputContainer.jsx
FN:15,(anonymous_0)
FNF:1
FNH:0
FNDA:0,(anonymous_0)
DA:2,0
DA:15,0
LF:2
LH:0
BRF:0
BRH:0
end_of_record
TN:
SF:D:\Progetti\valerio\weird-text\src\components\OutputContainer.jsx
FN:15,(anonymous_0)
FNF:1
FNH:1
FNDA:3,(anonymous_0)
DA:15,3
LF:1
LH:1
BRF:0
BRH:0
end_of_record
TN:
SF:D:\Progetti\valerio\weird-text\src\components\PageTitle.jsx
FN:8,(anonymous_0)
FNF:1
FNH:1
FNDA:1,(anonymous_0)
DA:8,1
DA:9,1
LF:2
LH:2
BRF:0
BRH:0
end_of_record
TN:
SF:d:\Progetti\valerio\weird-text\src\components\PageTitle.jsx
FN:8,(anonymous_0)
FNF:1
FNH:0
FNDA:0,(anonymous_0)
DA:2,0
DA:5,0
DA:6,0
DA:8,0
DA:9,0
LF:5
LH:0
BRF:0
BRH:0
end_of_record
TN:
SF:D:\Progetti\valerio\weird-text\src\components\Row.jsx
FNF:0
FNH:0
LF:0
LH:0
BRF:0
BRH:0
end_of_record
TN:
SF:d:\Progetti\valerio\weird-text\src\components\Row.jsx
FNF:0
FNH:0
DA:2,0
LF:1
LH:0
BRF:0
BRH:0
end_of_record
TN:
SF:D:\Progetti\valerio\weird-text\src\utils\decoder.js
FN:15,simpleDecoder
FNF:1
FNH:1
FNDA:28,simpleDecoder
DA:16,28
DA:17,24
DA:18,20
DA:19,15
DA:21,10
DA:23,10
DA:25,8
LF:7
LH:7
BRDA:16,0,0,4
BRDA:16,0,1,24
BRDA:17,1,0,4
BRDA:17,1,1,20
BRDA:18,2,0,5
BRDA:18,2,1,15
BRDA:19,3,0,5
BRDA:19,3,1,10
BRDA:23,4,0,2
BRDA:23,4,1,8
BRF:10
BRH:10
end_of_record
TN:
SF:d:\Progetti\valerio\weird-text\src\utils\decoder.js
FN:15,simpleDecoder
FNF:1
FNH:0
FNDA:0,simpleDecoder
DA:2,0
DA:3,0
DA:16,0
DA:17,0
DA:18,0
DA:19,0
DA:21,0
DA:23,0
DA:25,0
LF:9
LH:0
BRDA:16,0,0,0
BRDA:16,0,1,0
BRDA:17,1,0,0
BRDA:17,1,1,0
BRDA:18,2,0,0
BRDA:18,2,1,0
BRDA:19,3,0,0
BRDA:19,3,1,0
BRDA:23,4,0,0
BRDA:23,4,1,0
BRF:10
BRH:0
end_of_record
TN:
SF:D:\Progetti\valerio\weird-text\src\utils\encoder.js
FN:11,(anonymous_0)
FN:30,(anonymous_1)
FN:47,encoder
FNF:3
FNH:3
FNDA:8,(anonymous_0)
FNDA:8,(anonymous_1)
FNDA:13,encoder
DA:11,8
DA:30,8
DA:48,13
DA:49,1
DA:51,12
DA:52,1
DA:54,11
DA:56,11
DA:57,3
DA:62,8
DA:67,8
LF:11
LH:11
BRDA:48,0,0,1
BRDA:48,0,1,12
BRDA:51,1,0,1
BRDA:51,1,1,11
BRDA:56,2,0,3
BRDA:56,2,1,8
BRF:6
BRH:6
end_of_record
TN:
SF:d:\Progetti\valerio\weird-text\src\utils\encoder.js
FN:11,(anonymous_0)
FN:30,(anonymous_1)
FN:47,encoder
FNF:3
FNH:0
FNDA:0,(anonymous_0)
FNDA:0,(anonymous_1)
FNDA:0,encoder
DA:2,0
DA:3,0
DA:11,0
DA:30,0
DA:48,0
DA:49,0
DA:51,0
DA:52,0
DA:54,0
DA:56,0
DA:57,0
DA:62,0
DA:67,0
LF:13
LH:0
BRDA:48,0,0,0
BRDA:48,0,1,0
BRDA:51,1,0,0
BRDA:51,1,1,0
BRDA:56,2,0,0
BRDA:56,2,1,0
BRF:6
BRH:0
end_of_record
TN:
SF:D:\Progetti\valerio\weird-text\src\utils\selection-criteria.js
FN:14,(anonymous_0)
FN:17,(anonymous_1)
FNF:2
FNH:2
FNDA:6,(anonymous_0)
FNDA:31,(anonymous_1)
DA:14,6
DA:15,6
DA:17,6
DA:18,31
DA:19,5
DA:21,26
DA:23,26
DA:24,7
DA:26,19
LF:9
LH:9
BRDA:18,0,0,5
BRDA:18,0,1,26
BRDA:23,1,0,7
BRDA:23,1,1,19
BRF:4
BRH:4
end_of_record
TN:
SF:d:\Progetti\valerio\weird-text\src\utils\selection-criteria.js
FN:14,(anonymous_0)
FN:17,(anonymous_1)
FNF:2
FNH:0
FNDA:0,(anonymous_0)
FNDA:0,(anonymous_1)
DA:2,0
DA:3,0
DA:14,0
DA:15,0
DA:17,0
DA:18,0
DA:19,0
DA:21,0
DA:23,0
DA:24,0
DA:26,0
LF:11
LH:0
BRDA:18,0,0,0
BRDA:18,0,1,0
BRDA:23,1,0,0
BRDA:23,1,1,0
BRF:4
BRH:0
end_of_record
TN:
SF:D:\Progetti\valerio\weird-text\src\utils\exceptions\index.js
FNF:0
FNH:0
LF:0
LH:0
BRF:0
BRH:0
end_of_record
TN:
SF:d:\Progetti\valerio\weird-text\src\utils\exceptions\index.js
FNF:0
FNH:0
DA:1,0
LF:1
LH:0
BRF:0
BRH:0
end_of_record
TN:
SF:D:\Progetti\valerio\weird-text\src\utils\exceptions\invalid-argument-error.js
FNF:0
FNH:0
LF:0
LH:0
BRF:0
BRH:0
end_of_record
TN:
SF:D:\Progetti\valerio\weird-text\src\utils\similarity\index.js
FNF:0
FNH:0
LF:0
LH:0
BRF:0
BRH:0
end_of_record
TN:
SF:d:\Progetti\valerio\weird-text\src\utils\similarity\index.js
FNF:0
FNH:0
DA:1,0
LF:1
LH:0
BRF:0
BRH:0
end_of_record
TN:
SF:D:\Progetti\valerio\weird-text\src\utils\similarity\search-duck.js
FN:15,searchDuck
FN:19,(anonymous_1)
FNF:2
FNH:2
FNDA:19,searchDuck
FNDA:26,(anonymous_1)
DA:16,19
DA:17,15
DA:19,26
LF:3
LH:3
BRDA:15,0,0,19
BRDA:16,1,0,4
BRDA:16,1,1,15
BRDA:17,2,0,4
BRDA:17,2,1,11
BRDA:19,3,0,11
BRDA:19,3,1,3
BRF:7
BRH:7
end_of_record
TN:
SF:d:\Progetti\valerio\weird-text\src\utils\similarity\search-duck.js
FN:15,searchDuck
FN:19,(anonymous_1)
FNF:2
FNH:0
FNDA:0,searchDuck
FNDA:0,(anonymous_1)
DA:2,0
DA:3,0
DA:16,0
DA:17,0
DA:19,0
LF:5
LH:0
BRDA:15,0,0,0
BRDA:16,1,0,0
BRDA:16,1,1,0
BRDA:17,2,0,0
BRDA:17,2,1,0
BRDA:19,3,0,0
BRDA:19,3,1,0
BRF:7
BRH:0
end_of_record
TN:
SF:D:\Progetti\valerio\weird-text\src\utils\string\index.js
FNF:0
FNH:0
LF:0
LH:0
BRF:0
BRH:0
end_of_record
TN:
SF:d:\Progetti\valerio\weird-text\src\utils\string\index.js
FNF:0
FNH:0
DA:1,0
DA:2,0
DA:3,0
DA:4,0
DA:5,0
DA:6,0
DA:7,0
LF:7
LH:0
BRF:0
BRH:0
end_of_record
TN:
SF:D:\Progetti\valerio\weird-text\src\utils\string\is-permutation.js
FN:13,isPermutation
FN:27,(anonymous_1)
FNF:2
FNH:2
FNDA:39,isPermutation
FNDA:60,(anonymous_1)
DA:14,39
DA:15,34
DA:17,29
DA:22,12
DA:27,12
DA:28,60
LF:6
LH:6
BRDA:14,0,0,5
BRDA:14,0,1,34
BRDA:15,1,0,5
BRDA:15,1,1,29
BRDA:17,2,0,17
BRDA:17,2,1,12
BRDA:28,3,0,60
BRDA:28,3,1,48
BRF:8
BRH:8
end_of_record
TN:
SF:d:\Progetti\valerio\weird-text\src\utils\string\is-permutation.js
FN:13,isPermutation
FN:27,(anonymous_1)
FNF:2
FNH:0
FNDA:0,isPermutation
FNDA:0,(anonymous_1)
DA:2,0
DA:3,0
DA:13,0
DA:14,0
DA:15,0
DA:17,0
DA:22,0
DA:27,0
DA:28,0
LF:9
LH:0
BRDA:14,0,0,0
BRDA:14,0,1,0
BRDA:15,1,0,0
BRDA:15,1,1,0
BRDA:17,2,0,0
BRDA:17,2,1,0
BRDA:28,3,0,0
BRDA:28,3,1,0
BRF:8
BRH:0
end_of_record
TN:
SF:d:\Progetti\valerio\weird-text\src\utils\string\is-string.js
FN:6,isString
FNF:1
FNH:0
FNDA:0,isString
DA:7,0
LF:1
LH:0
BRDA:7,0,0,0
BRDA:7,0,1,0
BRDA:7,0,2,0
BRF:3
BRH:0
end_of_record
TN:
SF:D:\Progetti\valerio\weird-text\src\utils\string\is-string.js
FN:6,isString
FNF:1
FNH:1
FNDA:370,isString
DA:7,370
LF:1
LH:1
BRDA:7,0,0,370
BRDA:7,0,1,355
BRDA:7,0,2,59
BRF:3
BRH:3
end_of_record
TN:
SF:d:\Progetti\valerio\weird-text\src\utils\string\replace-at.js
FN:14,replaceAt
FNF:1
FNH:0
FNDA:0,replaceAt
DA:2,0
DA:3,0
DA:15,0
DA:16,0
DA:17,0
DA:19,0
LF:6
LH:0
BRDA:15,0,0,0
BRDA:15,0,1,0
BRDA:16,1,0,0
BRDA:16,1,1,0
BRDA:17,2,0,0
BRDA:17,2,1,0
BRF:6
BRH:0
end_of_record
TN:
SF:D:\Progetti\valerio\weird-text\src\utils\string\replace-at.js
FN:14,replaceAt
FNF:1
FNH:1
FNDA:40,replaceAt
DA:15,40
DA:16,35
DA:17,30
DA:19,25
LF:4
LH:4
BRDA:15,0,0,5
BRDA:15,0,1,35
BRDA:16,1,0,5
BRDA:16,1,1,30
BRDA:17,2,0,5
BRDA:17,2,1,25
BRF:6
BRH:6
end_of_record
TN:
SF:D:\Progetti\valerio\weird-text\src\utils\string\same-first-char.js
FN:14,sameFirstChar
FNF:1
FNH:1
FNDA:12,sameFirstChar
DA:15,12
DA:16,7
DA:18,2
LF:3
LH:3
BRDA:15,0,0,5
BRDA:15,0,1,7
BRDA:16,1,0,5
BRDA:16,1,1,2
BRF:4
BRH:4
end_of_record
TN:
SF:d:\Progetti\valerio\weird-text\src\utils\string\same-first-char.js
FN:14,sameFirstChar
FNF:1
FNH:0
FNDA:0,sameFirstChar
DA:2,0
DA:3,0
DA:15,0
DA:16,0
DA:18,0
LF:5
LH:0
BRDA:15,0,0,0
BRDA:15,0,1,0
BRDA:16,1,0,0
BRDA:16,1,1,0
BRF:4
BRH:0
end_of_record
TN:
SF:D:\Progetti\valerio\weird-text\src\utils\string\same-last-char.js
FN:14,sameLastChar
FNF:1
FNH:1
FNDA:12,sameLastChar
DA:15,12
DA:16,7
DA:18,2
LF:3
LH:3
BRDA:15,0,0,5
BRDA:15,0,1,7
BRDA:16,1,0,5
BRDA:16,1,1,2
BRF:4
BRH:4
end_of_record
TN:
SF:d:\Progetti\valerio\weird-text\src\utils\string\same-last-char.js
FN:14,sameLastChar
FNF:1
FNH:0
FNDA:0,sameLastChar
DA:2,0
DA:3,0
DA:15,0
DA:16,0
DA:18,0
LF:5
LH:0
BRDA:15,0,0,0
BRDA:15,0,1,0
BRDA:16,1,0,0
BRDA:16,1,1,0
BRF:4
BRH:0
end_of_record
TN:
SF:D:\Progetti\valerio\weird-text\src\utils\string\same-length.js
FN:13,sameLength
FNF:1
FNH:1
FNDA:41,sameLength
DA:14,41
DA:15,36
DA:17,31
LF:3
LH:3
BRDA:14,0,0,5
BRDA:14,0,1,36
BRDA:15,1,0,5
BRDA:15,1,1,31
BRF:4
BRH:4
end_of_record
TN:
SF:d:\Progetti\valerio\weird-text\src\utils\string\same-length.js
FN:13,sameLength
FNF:1
FNH:0
FNDA:0,sameLength
DA:2,0
DA:3,0
DA:14,0
DA:15,0
DA:17,0
LF:5
LH:0
BRDA:14,0,0,0
BRDA:14,0,1,0
BRDA:15,1,0,0
BRDA:15,1,1,0
BRF:4
BRH:0
end_of_record
TN:
SF:D:\Progetti\valerio\weird-text\src\utils\string\shuffle.js
FN:12,shuffle
FN:15,(anonymous_1)
FNF:2
FNH:2
FNDA:15,shuffle
FNDA:78,(anonymous_1)
DA:13,15
DA:15,78
DA:17,10
LF:3
LH:3
BRDA:13,0,0,5
BRDA:13,0,1,10
BRDA:17,1,0,1
BRDA:17,1,1,9
BRF:4
BRH:4
end_of_record
TN:
SF:d:\Progetti\valerio\weird-text\src\utils\string\shuffle.js
FN:12,shuffle
FN:15,(anonymous_1)
FNF:2
FNH:0
FNDA:0,shuffle
FNDA:0,(anonymous_1)
DA:2,0
DA:3,0
DA:13,0
DA:15,0
DA:17,0
LF:5
LH:0
BRDA:13,0,0,0
BRDA:13,0,1,0
BRDA:18,1,0,0
BRDA:18,1,1,0
BRF:4
BRH:0
end_of_record
